
          -------------------------------------------------------
          Amber 24 PMEMD                              2024
          -------------------------------------------------------

| PMEMD implementation of SANDER, Release 24

|  Compiled date/time: Thu Apr  3 23:55:38 2025
| Run on 11/24/2025 at 18:35:42

|   Executable path: pmemd
| Working directory: /Users/marc/github/Marc-TFG-Files/ambertools
|          Hostname: Unknown
| WARNING: Stack usage limited by a hard resource limit of   67092480 bytes!
|          If segment violations occur, get your sysadmin to increase the limit.
  [-O]verwriting output

File Assignments:
|   MDIN: equil.in                                                              
|  MDOUT: equil.out                                                             
| INPCRD: heat.rst                                                              
|   PARM: complex.prmtop                                                        
| RESTRT: equil.rst                                                             
|   REFC: heat.rst                                                              
|  MDVEL: mdvel                                                                 
|   MDEN: mden                                                                  
|  MDCRD: equil.nc                                                              
| MDINFO: mdinfo                                                                
|  MDFRC: mdfrc                                                                 


 Here is the input file:

Equilibration at 300 K and 1 atm, decreasing restraints                        
&cntrl                                                                         
  imin=0, irest=1, ntx=5,                                                      
  nstlim=100000, dt=0.002,                                                     
  ntf=2, ntc=2,                                                                
  ntb=2, ntp=1, pres0=1.0, taup=2.0,                                           
  cut=10.0,                                                                    
  ntt=3, gamma_ln=2.0, temp0=300.0,                                            
  ntr=1,                                                                       
  restraint_wt=2.0,                                                            
  restraintmask=':1-9999&@CA,C,N,O',                                           
  ntpr=1000, ntwx=1000, ntwr=5000,                                             
/                                                                              
                                                                               


Note: ig = -1. Setting random seed to   444680 based on wallclock time in 
      microseconds.
| irandom = 1, using AMBER's internal random number generator (default).
 
 
| Conditional Compilation Defines Used:
| PUBFFT
| BINTRAJ
| EMIL

| Largest sphere to fit in unit cell has radius =    36.251

| New format PARM file being parsed.
| Version =    1.000 Date = 11/17/25 Time = 16:07:20

| Note: 1-4 EEL scale factors are being read from the topology file.

| Note: 1-4 VDW scale factors are being read from the topology file.
| Duplicated    0 dihedrals

| Duplicated    0 dihedrals

--------------------------------------------------------------------------------
   1.  RESOURCE   USE: 
--------------------------------------------------------------------------------

 getting box info from netcdf restart file
 NATOM  =   34285 NTYPES =      23 NBONH =   31908 MBONA  =    2419
 NTHETH =    5392 MTHETA =    3279 NPHIH =   10774 MPHIA  =   10346
 NHPARM =       0 NPARM  =       0 NNB   =   65583 NRES   =   10161
 NBONA  =    2419 NTHETA =    3279 NPHIA =   10346 NUMBND =      72
 NUMANG =     160 NPTRA  =     183 NATYP =      41 NPHB   =       0
 IFBOX  =       1 NMXRS  =      27 IFCAP =       0 NEXTRA =       0
 NCOPY  =       0

| Coordinate Index Table dimensions:    14   13   13
| Direct force subcell size =     5.8633    5.6123    5.5771

     BOX TYPE: RECTILINEAR

--------------------------------------------------------------------------------
   2.  CONTROL  DATA  FOR  THE  RUN
--------------------------------------------------------------------------------

default_name                                                                    

General flags:
     imin    =       0, nmropt  =       0

Nature and format of input:
     ntx     =       5, irest   =       1, ntrx    =       1

Nature and format of output:
     ntxo    =       2, ntpr    =    1000, ntrx    =       1, ntwr    =    5000
     iwrap   =       0, ntwx    =    1000, ntwv    =       0, ntwe    =       0
     ioutfm  =       1, ntwprt  =       0, idecomp =       0, rbornstat=      0

Potential function:
     ntf     =       2, ntb     =       2, igb     =       0, nsnb    =      25
     ipol    =       0, gbsa    =       0, iesp    =       0
     dielc   =   1.00000, cut     =  10.00000, intdiel =   1.00000

Frozen or restrained atoms:
     ibelly  =       0, ntr     =       1
     restraint_wt =   2.00000

Molecular dynamics:
     nstlim  =    100000, nscm    =         0, nrespa  =         1
     t       =   0.00000, dt      =   0.00200, vlimit  =  20.00000

Langevin dynamics temperature regulation:
     ig      =  444680
     temp0   = 300.00000, tempi   =   0.00000, gamma_ln=   2.00000

Pressure regulation:
     ntp     =       1
     pres0   =   1.00000, comp    =  44.60000, taup    =   2.00000

SHAKE:
     ntc     =       2, jfastw  =       0
     tol     =   0.00001

| Intermolecular bonds treatment:
|     no_intermolecular_bonds =       1

| Energy averages sample interval:
|     ene_avg_sampling =    1000

Ewald parameters:
     verbose =       0, ew_type =       0, nbflag  =       1, use_pme =       1
     vdwmeth =       1, eedmeth =       1, netfrc  =       1
     Box X =   82.086   Box Y =   72.959   Box Z =   72.502
     Alpha =   90.000   Beta  =   90.000   Gamma =   90.000
     NFFT1 =   90       NFFT2 =   75       NFFT3 =   75
     Cutoff=   10.000   Tol   =0.100E-04
     Ewald Coefficient =  0.27511
     Interpolation order =    4

    LOADING THE CONSTRAINED ATOMS AS GROUPS


   5.  REFERENCE ATOM COORDINATES

  default_name                                                                    
     Mask :1-9999&@CA,C,N,O; matches 10884 atoms

--------------------------------------------------------------------------------
   3.  ATOMIC COORDINATES AND VELOCITIES
--------------------------------------------------------------------------------

default_name                                                                    
 begin time read from input coords =    50.000 ps

 
 Number of triangulated 3-point waters found:     9849

     Sum of charges from parm topology file =  -0.00000014
     Forcing neutrality...

| Dynamic Memory, Types Used:
| Reals             1599638
| Integers          1573677

| Nonbonded Pairs Initial Allocation:    10370355

--------------------------------------------------------------------------------
   4.  RESULTS
--------------------------------------------------------------------------------

 ---------------------------------------------------
 APPROXIMATING switch and d/dx switch using CUBIC SPLINE INTERPOLATION
 using   5000.0 points per unit in tabled values
 TESTING RELATIVE ERROR over r ranging from 0.0 to cutoff
| CHECK switch(x): max rel err =   0.3338E-14   at   2.509280
| CHECK d/dx switch(x): max rel err =   0.8155E-11   at   2.730040
 ---------------------------------------------------
|---------------------------------------------------
| APPROXIMATING direct energy using CUBIC SPLINE INTERPOLATION
|  with   50.0 points per unit in tabled values
| Relative Error Limit not exceeded for r .gt.   2.34
| APPROXIMATING direct force using CUBIC SPLINE INTERPOLATION
|  with   50.0 points per unit in tabled values
| Relative Error Limit not exceeded for r .gt.   2.81
|---------------------------------------------------

 NSTEP =     1000   TIME(PS) =      52.000  TEMP(K) =   298.85  PRESS =  -652.7
 Etot   =    -71848.1878  EKtot   =     21066.6812  EPtot      =    -92914.8691
 BOND   =      1118.7978  ANGLE   =      2434.3386  DIHED      =      3862.1315
 1-4 NB =      1085.8144  1-4 EEL =     13049.7109  VDWAALS    =     12428.3015
 EELEC  =   -132776.8477  EHBOND  =         0.0000  RESTRAINT  =      5882.8839
 EAMBER (non-restraint)  =    -98797.7529
 EKCMT  =      8810.6580  VIRIAL  =     14629.5285  VOLUME     =    412880.6593
                                                    Density    =         0.8495
 Ewald error estimate:   0.1536E-03
 ------------------------------------------------------------------------------


 NSTEP =     2000   TIME(PS) =      54.000  TEMP(K) =   300.33  PRESS =  -193.7
 Etot   =    -72199.8287  EKtot   =     21171.0396  EPtot      =    -93370.8683
 BOND   =      1080.4235  ANGLE   =      2519.9944  DIHED      =      3825.6164
 1-4 NB =      1080.7675  1-4 EEL =     13056.9959  VDWAALS    =     13094.4194
 EELEC  =   -134105.3956  EHBOND  =         0.0000  RESTRAINT  =      6076.3101
 EAMBER (non-restraint)  =    -99447.1783
 EKCMT  =      8772.4004  VIRIAL  =     10469.1209  VOLUME     =    405637.0185
                                                    Density    =         0.8646
 Ewald error estimate:   0.9404E-04
 ------------------------------------------------------------------------------


 NSTEP =     3000   TIME(PS) =      56.000  TEMP(K) =   298.88  PRESS =   -31.1
 Etot   =    -72288.6777  EKtot   =     21068.8232  EPtot      =    -93357.5009
 BOND   =      1084.6227  ANGLE   =      2476.8256  DIHED      =      3877.4355
 1-4 NB =      1070.7912  1-4 EEL =     12988.3434  VDWAALS    =     13329.7656
 EELEC  =   -134423.5324  EHBOND  =         0.0000  RESTRAINT  =      6238.2473
 EAMBER (non-restraint)  =    -99595.7483
 EKCMT  =      8891.4147  VIRIAL  =      9161.5010  VOLUME     =    402477.2781
                                                    Density    =         0.8714
 Ewald error estimate:   0.3876E-04
 ------------------------------------------------------------------------------


 NSTEP =     4000   TIME(PS) =      58.000  TEMP(K) =   299.44  PRESS =  -130.1
 Etot   =    -72442.1655  EKtot   =     21108.1467  EPtot      =    -93550.3123
 BOND   =      1091.6316  ANGLE   =      2525.9008  DIHED      =      3855.8531
 1-4 NB =      1074.6949  1-4 EEL =     13013.4461  VDWAALS    =     13148.6824
 EELEC  =   -134440.2556  EHBOND  =         0.0000  RESTRAINT  =      6179.7345
 EAMBER (non-restraint)  =    -99730.0467
 EKCMT  =      8839.6519  VIRIAL  =      9965.2158  VOLUME     =    400697.6186
                                                    Density    =         0.8753
 Ewald error estimate:   0.4429E-05
 ------------------------------------------------------------------------------


 NSTEP =     5000   TIME(PS) =      60.000  TEMP(K) =   298.41  PRESS =   100.4
 Etot   =    -72475.2678  EKtot   =     21035.8538  EPtot      =    -93511.1216
 BOND   =      1096.6982  ANGLE   =      2510.5914  DIHED      =      3853.0199
 1-4 NB =      1043.6936  1-4 EEL =     13009.6265  VDWAALS    =     13501.5273
 EELEC  =   -134711.7313  EHBOND  =         0.0000  RESTRAINT  =      6185.4529
 EAMBER (non-restraint)  =    -99696.5744
 EKCMT  =      8745.2317  VIRIAL  =      7877.9634  VOLUME     =    399983.9540
                                                    Density    =         0.8769
 Ewald error estimate:   0.6964E-04
 ------------------------------------------------------------------------------


 NSTEP =     6000   TIME(PS) =      62.000  TEMP(K) =   300.62  PRESS =    81.1
 Etot   =    -72334.7983  EKtot   =     21191.7594  EPtot      =    -93526.5577
 BOND   =      1051.2947  ANGLE   =      2558.1950  DIHED      =      3839.8499
 1-4 NB =      1083.9952  1-4 EEL =     12989.7482  VDWAALS    =     13340.1602
 EELEC  =   -134669.1851  EHBOND  =         0.0000  RESTRAINT  =      6279.3842
 EAMBER (non-restraint)  =    -99805.9419
 EKCMT  =      8928.0495  VIRIAL  =      8227.8785  VOLUME     =    399683.5140
                                                    Density    =         0.8775
 Ewald error estimate:   0.5424E-04
 ------------------------------------------------------------------------------


 NSTEP =     7000   TIME(PS) =      64.000  TEMP(K) =   303.01  PRESS =  -222.0
 Etot   =    -72278.4995  EKtot   =     21360.0773  EPtot      =    -93638.5768
 BOND   =      1104.8732  ANGLE   =      2543.8470  DIHED      =      3839.9401
 1-4 NB =      1068.4963  1-4 EEL =     13055.2149  VDWAALS    =     13109.1393
 EELEC  =   -134622.7787  EHBOND  =         0.0000  RESTRAINT  =      6262.6912
 EAMBER (non-restraint)  =    -99901.2680
 EKCMT  =      8874.1567  VIRIAL  =     10789.1431  VOLUME     =    399507.4770
                                                    Density    =         0.8779
 Ewald error estimate:   0.2632E-04
 ------------------------------------------------------------------------------


 NSTEP =     8000   TIME(PS) =      66.000  TEMP(K) =   298.95  PRESS =    51.3
 Etot   =    -72418.0593  EKtot   =     21073.8904  EPtot      =    -93491.9497
 BOND   =      1060.4482  ANGLE   =      2518.0789  DIHED      =      3890.3274
 1-4 NB =      1062.4245  1-4 EEL =     12969.9117  VDWAALS    =     13255.9327
 EELEC  =   -134591.0592  EHBOND  =         0.0000  RESTRAINT  =      6341.9860
 EAMBER (non-restraint)  =    -99833.9358
 EKCMT  =      8774.5344  VIRIAL  =      8332.4367  VOLUME     =    399011.5073
                                                    Density    =         0.8790
 Ewald error estimate:   0.6754E-04
 ------------------------------------------------------------------------------


 NSTEP =     9000   TIME(PS) =      68.000  TEMP(K) =   300.15  PRESS =    -3.4
 Etot   =    -72571.3357  EKtot   =     21158.5815  EPtot      =    -93729.9172
 BOND   =      1066.3087  ANGLE   =      2544.2116  DIHED      =      3844.1598
 1-4 NB =      1073.0705  1-4 EEL =     13041.0306  VDWAALS    =     13375.5213
 EELEC  =   -135002.1950  EHBOND  =         0.0000  RESTRAINT  =      6327.9754
 EAMBER (non-restraint)  =   -100057.8926
 EKCMT  =      8900.5438  VIRIAL  =      8929.9959  VOLUME     =    398725.9481
                                                    Density    =         0.8796
 Ewald error estimate:   0.1119E-03
 ------------------------------------------------------------------------------


 NSTEP =    10000   TIME(PS) =      70.000  TEMP(K) =   299.54  PRESS =    67.0
 Etot   =    -72662.4349  EKtot   =     21115.1986  EPtot      =    -93777.6335
 BOND   =      1081.7472  ANGLE   =      2591.7408  DIHED      =      3791.4640
 1-4 NB =      1079.5636  1-4 EEL =     13022.4664  VDWAALS    =     13318.8008
 EELEC  =   -134880.1463  EHBOND  =         0.0000  RESTRAINT  =      6216.7301
 EAMBER (non-restraint)  =    -99994.3636
 EKCMT  =      8862.6951  VIRIAL  =      8285.8580  VOLUME     =    398919.6741
                                                    Density    =         0.8792
 Ewald error estimate:   0.3608E-04
 ------------------------------------------------------------------------------


 NSTEP =    11000   TIME(PS) =      72.000  TEMP(K) =   302.01  PRESS =     9.0
 Etot   =    -72364.7578  EKtot   =     21289.6971  EPtot      =    -93654.4549
 BOND   =      1093.4028  ANGLE   =      2532.6133  DIHED      =      3859.5246
 1-4 NB =      1029.8370  1-4 EEL =     13016.2300  VDWAALS    =     13291.5169
 EELEC  =   -134817.5827  EHBOND  =         0.0000  RESTRAINT  =      6340.0033
 EAMBER (non-restraint)  =    -99994.4582
 EKCMT  =      8939.8943  VIRIAL  =      8862.8030  VOLUME     =    398692.6753
                                                    Density    =         0.8797
 Ewald error estimate:   0.6375E-04
 ------------------------------------------------------------------------------


 NSTEP =    12000   TIME(PS) =      74.000  TEMP(K) =   300.11  PRESS =   158.4
 Etot   =    -72434.8252  EKtot   =     21155.3561  EPtot      =    -93590.1813
 BOND   =      1094.6773  ANGLE   =      2493.7062  DIHED      =      3846.9714
 1-4 NB =      1067.0237  1-4 EEL =     13012.0736  VDWAALS    =     13498.5313
 EELEC  =   -135030.7045  EHBOND  =         0.0000  RESTRAINT  =      6427.5397
 EAMBER (non-restraint)  =   -100017.7210
 EKCMT  =      8853.5306  VIRIAL  =      7489.4604  VOLUME     =    398926.8353
                                                    Density    =         0.8792
 Ewald error estimate:   0.4963E-04
 ------------------------------------------------------------------------------


 NSTEP =    13000   TIME(PS) =      76.000  TEMP(K) =   299.44  PRESS =   -97.1
 Etot   =    -72407.0076  EKtot   =     21108.2957  EPtot      =    -93515.3032
 BOND   =      1087.7546  ANGLE   =      2544.0151  DIHED      =      3824.0887
 1-4 NB =      1073.3584  1-4 EEL =     13024.5323  VDWAALS    =     13164.7619
 EELEC  =   -134547.3624  EHBOND  =         0.0000  RESTRAINT  =      6313.5482
 EAMBER (non-restraint)  =    -99828.8514
 EKCMT  =      8789.0689  VIRIAL  =      9625.2395  VOLUME     =    398755.6555
                                                    Density    =         0.8796
 Ewald error estimate:   0.1919E-04
 ------------------------------------------------------------------------------


 NSTEP =    14000   TIME(PS) =      78.000  TEMP(K) =   299.95  PRESS =   -98.0
 Etot   =    -72258.0320  EKtot   =     21143.9438  EPtot      =    -93401.9758
 BOND   =      1088.6540  ANGLE   =      2502.3205  DIHED      =      3822.8009
 1-4 NB =      1089.8043  1-4 EEL =     13006.6022  VDWAALS    =     13017.9721
 EELEC  =   -134291.1230  EHBOND  =         0.0000  RESTRAINT  =      6360.9933
 EAMBER (non-restraint)  =    -99762.9691
 EKCMT  =      8950.8972  VIRIAL  =      9795.4027  VOLUME     =    398952.5431
                                                    Density    =         0.8791
 Ewald error estimate:   0.3373E-04
 ------------------------------------------------------------------------------


 NSTEP =    15000   TIME(PS) =      80.000  TEMP(K) =   303.27  PRESS =    41.8
 Etot   =    -72402.0019  EKtot   =     21378.4580  EPtot      =    -93780.4599
 BOND   =      1057.4631  ANGLE   =      2514.6446  DIHED      =      3834.6615
 1-4 NB =      1064.3769  1-4 EEL =     13069.0394  VDWAALS    =     13359.5781
 EELEC  =   -135077.2554  EHBOND  =         0.0000  RESTRAINT  =      6397.0318
 EAMBER (non-restraint)  =   -100177.4918
 EKCMT  =      8958.4548  VIRIAL  =      8599.2156  VOLUME     =    398443.7002
                                                    Density    =         0.8803
 Ewald error estimate:   0.6881E-05
 ------------------------------------------------------------------------------


 NSTEP =    16000   TIME(PS) =      82.000  TEMP(K) =   298.25  PRESS =   -48.5
 Etot   =    -72726.2625  EKtot   =     21024.5153  EPtot      =    -93750.7778
 BOND   =      1036.8969  ANGLE   =      2509.5916  DIHED      =      3850.7859
 1-4 NB =      1081.3432  1-4 EEL =     13052.1473  VDWAALS    =     13037.8588
 EELEC  =   -134664.9406  EHBOND  =         0.0000  RESTRAINT  =      6345.5392
 EAMBER (non-restraint)  =   -100096.3169
 EKCMT  =      8786.0573  VIRIAL  =      9202.9870  VOLUME     =    398513.0468
                                                    Density    =         0.8801
 Ewald error estimate:   0.4528E-04
 ------------------------------------------------------------------------------


 NSTEP =    17000   TIME(PS) =      84.000  TEMP(K) =   300.59  PRESS =   -66.3
 Etot   =    -72467.6576  EKtot   =     21189.3738  EPtot      =    -93657.0315
 BOND   =      1054.5397  ANGLE   =      2515.3342  DIHED      =      3827.6767
 1-4 NB =      1086.8233  1-4 EEL =     13082.4775  VDWAALS    =     13338.0044
 EELEC  =   -134976.3246  EHBOND  =         0.0000  RESTRAINT  =      6414.4373
 EAMBER (non-restraint)  =   -100071.4687
 EKCMT  =      8930.0651  VIRIAL  =      9499.8183  VOLUME     =    397966.8480
                                                    Density    =         0.8813
 Ewald error estimate:   0.4086E-04
 ------------------------------------------------------------------------------


 NSTEP =    18000   TIME(PS) =      86.000  TEMP(K) =   299.40  PRESS =     0.2
 Etot   =    -72335.3994  EKtot   =     21105.6190  EPtot      =    -93441.0184
 BOND   =      1026.9493  ANGLE   =      2535.6045  DIHED      =      3822.8821
 1-4 NB =      1096.8335  1-4 EEL =     13046.2065  VDWAALS    =     13170.8868
 EELEC  =   -134630.4446  EHBOND  =         0.0000  RESTRAINT  =      6490.0635
 EAMBER (non-restraint)  =    -99931.0819
 EKCMT  =      8762.2771  VIRIAL  =      8760.4811  VOLUME     =    397927.7117
                                                    Density    =         0.8814
 Ewald error estimate:   0.1080E-03
 ------------------------------------------------------------------------------


 NSTEP =    19000   TIME(PS) =      88.000  TEMP(K) =   299.81  PRESS =   131.6
 Etot   =    -72623.6138  EKtot   =     21134.1173  EPtot      =    -93757.7311
 BOND   =      1091.1690  ANGLE   =      2456.0768  DIHED      =      3893.7348
 1-4 NB =      1063.5426  1-4 EEL =     13059.1927  VDWAALS    =     13598.4087
 EELEC  =   -135343.5519  EHBOND  =         0.0000  RESTRAINT  =      6423.6963
 EAMBER (non-restraint)  =   -100181.4274
 EKCMT  =      8881.3403  VIRIAL  =      7750.5362  VOLUME     =    398069.3303
                                                    Density    =         0.8811
 Ewald error estimate:   0.4185E-05
 ------------------------------------------------------------------------------


 NSTEP =    20000   TIME(PS) =      90.000  TEMP(K) =   299.69  PRESS =   -61.7
 Etot   =    -72276.4243  EKtot   =     21126.0953  EPtot      =    -93402.5196
 BOND   =      1080.8085  ANGLE   =      2540.5932  DIHED      =      3882.0155
 1-4 NB =      1061.7004  1-4 EEL =     12970.5037  VDWAALS    =     13160.9950
 EELEC  =   -134540.8655  EHBOND  =         0.0000  RESTRAINT  =      6441.7296
 EAMBER (non-restraint)  =    -99844.2492
 EKCMT  =      8945.2153  VIRIAL  =      9474.7997  VOLUME     =    397810.1186
                                                    Density    =         0.8817
 Ewald error estimate:   0.9635E-05
 ------------------------------------------------------------------------------


 NSTEP =    21000   TIME(PS) =      92.000  TEMP(K) =   301.67  PRESS =    22.4
 Etot   =    -72325.0962  EKtot   =     21265.7106  EPtot      =    -93590.8068
 BOND   =      1067.2423  ANGLE   =      2562.4809  DIHED      =      3823.3902
 1-4 NB =      1050.0566  1-4 EEL =     12979.6362  VDWAALS    =     13281.6476
 EELEC  =   -134710.6637  EHBOND  =         0.0000  RESTRAINT  =      6355.4031
 EAMBER (non-restraint)  =    -99946.2099
 EKCMT  =      8880.6006  VIRIAL  =      8688.4579  VOLUME     =    398066.2867
                                                    Density    =         0.8811
 Ewald error estimate:   0.5102E-05
 ------------------------------------------------------------------------------


 NSTEP =    22000   TIME(PS) =      94.000  TEMP(K) =   300.90  PRESS =   -48.6
 Etot   =    -72484.0656  EKtot   =     21211.1744  EPtot      =    -93695.2399
 BOND   =      1088.7120  ANGLE   =      2553.5415  DIHED      =      3835.4993
 1-4 NB =      1041.9760  1-4 EEL =     12947.5726  VDWAALS    =     13284.3787
 EELEC  =   -134895.3453  EHBOND  =         0.0000  RESTRAINT  =      6448.4253
 EAMBER (non-restraint)  =   -100143.6653
 EKCMT  =      8891.1159  VIRIAL  =      9309.0539  VOLUME     =    397994.7623
                                                    Density    =         0.8812
 Ewald error estimate:   0.8785E-04
 ------------------------------------------------------------------------------


 NSTEP =    23000   TIME(PS) =      96.000  TEMP(K) =   303.05  PRESS =   139.8
 Etot   =    -72402.3199  EKtot   =     21362.7205  EPtot      =    -93765.0404
 BOND   =      1076.3081  ANGLE   =      2515.0480  DIHED      =      3862.7767
 1-4 NB =      1079.8261  1-4 EEL =     12954.1745  VDWAALS    =     13533.1359
 EELEC  =   -135188.8244  EHBOND  =         0.0000  RESTRAINT  =      6402.5146
 EAMBER (non-restraint)  =   -100167.5551
 EKCMT  =      8966.4891  VIRIAL  =      7765.1631  VOLUME     =    398018.7015
                                                    Density    =         0.8812
 Ewald error estimate:   0.5312E-04
 ------------------------------------------------------------------------------


 NSTEP =    24000   TIME(PS) =      98.000  TEMP(K) =   298.87  PRESS =   160.5
 Etot   =    -72577.2588  EKtot   =     21068.3580  EPtot      =    -93645.6168
 BOND   =      1079.3506  ANGLE   =      2552.9319  DIHED      =      3833.2548
 1-4 NB =      1051.5748  1-4 EEL =     12986.4301  VDWAALS    =     13447.9696
 EELEC  =   -135033.3268  EHBOND  =         0.0000  RESTRAINT  =      6436.1982
 EAMBER (non-restraint)  =   -100081.8150
 EKCMT  =      8895.9446  VIRIAL  =      7515.1790  VOLUME     =    398343.7318
                                                    Density    =         0.8805
 Ewald error estimate:   0.1004E-04
 ------------------------------------------------------------------------------


 NSTEP =    25000   TIME(PS) =     100.000  TEMP(K) =   297.34  PRESS =    95.4
 Etot   =    -72732.9142  EKtot   =     20960.3319  EPtot      =    -93693.2461
 BOND   =      1093.3544  ANGLE   =      2553.2587  DIHED      =      3881.1103
 1-4 NB =      1059.6497  1-4 EEL =     13004.7798  VDWAALS    =     13211.9822
 EELEC  =   -134915.3562  EHBOND  =         0.0000  RESTRAINT  =      6417.9750
 EAMBER (non-restraint)  =   -100111.2211
 EKCMT  =      8747.4855  VIRIAL  =      7927.2295  VOLUME     =    398092.5567
                                                    Density    =         0.8810
 Ewald error estimate:   0.6445E-04
 ------------------------------------------------------------------------------


 NSTEP =    26000   TIME(PS) =     102.000  TEMP(K) =   301.28  PRESS =   -63.6
 Etot   =    -72467.9030  EKtot   =     21237.8161  EPtot      =    -93705.7190
 BOND   =      1097.3881  ANGLE   =      2514.4763  DIHED      =      3818.8454
 1-4 NB =      1071.4142  1-4 EEL =     13076.5022  VDWAALS    =     13214.9270
 EELEC  =   -134821.6141  EHBOND  =         0.0000  RESTRAINT  =      6322.3418
 EAMBER (non-restraint)  =   -100028.0608
 EKCMT  =      8859.4973  VIRIAL  =      9405.9855  VOLUME     =    397911.1484
                                                    Density    =         0.8814
 Ewald error estimate:   0.1029E-03
 ------------------------------------------------------------------------------


 NSTEP =    27000   TIME(PS) =     104.000  TEMP(K) =   298.94  PRESS =  -242.0
 Etot   =    -72613.2621  EKtot   =     21073.4058  EPtot      =    -93686.6679
 BOND   =      1077.9849  ANGLE   =      2540.9997  DIHED      =      3817.3764
 1-4 NB =      1049.8362  1-4 EEL =     12962.1429  VDWAALS    =     12860.2006
 EELEC  =   -134423.3389  EHBOND  =         0.0000  RESTRAINT  =      6428.1302
 EAMBER (non-restraint)  =   -100114.7982
 EKCMT  =      8835.0542  VIRIAL  =     10913.6888  VOLUME     =    397859.6596
                                                    Density    =         0.8815
 Ewald error estimate:   0.8947E-04
 ------------------------------------------------------------------------------


 NSTEP =    28000   TIME(PS) =     106.000  TEMP(K) =   302.60  PRESS =    59.6
 Etot   =    -71990.9535  EKtot   =     21331.2278  EPtot      =    -93322.1813
 BOND   =      1061.2469  ANGLE   =      2577.8260  DIHED      =      3843.8378
 1-4 NB =      1083.0120  1-4 EEL =     13024.2947  VDWAALS    =     13456.3174
 EELEC  =   -134861.3191  EHBOND  =         0.0000  RESTRAINT  =      6492.6031
 EAMBER (non-restraint)  =    -99814.7844
 EKCMT  =      8894.7307  VIRIAL  =      8382.9100  VOLUME     =    397871.3261
                                                    Density    =         0.8815
 Ewald error estimate:   0.9601E-05
 ------------------------------------------------------------------------------


 NSTEP =    29000   TIME(PS) =     108.000  TEMP(K) =   299.46  PRESS =   -64.1
 Etot   =    -72452.5151  EKtot   =     21109.8637  EPtot      =    -93562.3789
 BOND   =      1029.5667  ANGLE   =      2528.6969  DIHED      =      3874.5801
 1-4 NB =      1086.8664  1-4 EEL =     13026.8135  VDWAALS    =     13367.0044
 EELEC  =   -134957.1870  EHBOND  =         0.0000  RESTRAINT  =      6481.2801
 EAMBER (non-restraint)  =   -100043.6590
 EKCMT  =      8788.2107  VIRIAL  =      9337.9826  VOLUME     =    397505.1023
                                                    Density    =         0.8823
 Ewald error estimate:   0.1663E-04
 ------------------------------------------------------------------------------


 NSTEP =    30000   TIME(PS) =     110.000  TEMP(K) =   297.87  PRESS =    40.7
 Etot   =    -72780.8228  EKtot   =     20997.4011  EPtot      =    -93778.2240
 BOND   =      1070.8282  ANGLE   =      2487.3102  DIHED      =      3815.2046
 1-4 NB =      1081.7720  1-4 EEL =     13069.3348  VDWAALS    =     13301.3955
 EELEC  =   -135027.1531  EHBOND  =         0.0000  RESTRAINT  =      6423.0838
 EAMBER (non-restraint)  =   -100201.3078
 EKCMT  =      8717.7593  VIRIAL  =      8369.1395  VOLUME     =    397106.1333
                                                    Density    =         0.8832
 Ewald error estimate:   0.7701E-04
 ------------------------------------------------------------------------------


 NSTEP =    31000   TIME(PS) =     112.000  TEMP(K) =   302.04  PRESS =    30.7
 Etot   =    -72247.5709  EKtot   =     21291.8624  EPtot      =    -93539.4333
 BOND   =      1034.2336  ANGLE   =      2576.8445  DIHED      =      3865.7995
 1-4 NB =      1074.3640  1-4 EEL =     13115.0788  VDWAALS    =     13284.9304
 EELEC  =   -134944.9260  EHBOND  =         0.0000  RESTRAINT  =      6454.2420
 EAMBER (non-restraint)  =    -99993.6753
 EKCMT  =      8956.7585  VIRIAL  =      8692.9706  VOLUME     =    397451.9321
                                                    Density    =         0.8825
 Ewald error estimate:   0.3096E-04
 ------------------------------------------------------------------------------


 NSTEP =    32000   TIME(PS) =     114.000  TEMP(K) =   297.94  PRESS =   140.8
 Etot   =    -72734.0802  EKtot   =     21002.9253  EPtot      =    -93737.0055
 BOND   =      1072.9375  ANGLE   =      2533.3360  DIHED      =      3833.0814
 1-4 NB =      1078.3430  1-4 EEL =     12998.5116  VDWAALS    =     13436.4948
 EELEC  =   -135039.5175  EHBOND  =         0.0000  RESTRAINT  =      6349.8076
 EAMBER (non-restraint)  =   -100086.8132
 EKCMT  =      8931.7475  VIRIAL  =      7723.1232  VOLUME     =    397533.1472
                                                    Density    =         0.8823
 Ewald error estimate:   0.8363E-05
 ------------------------------------------------------------------------------


 NSTEP =    33000   TIME(PS) =     116.000  TEMP(K) =   299.34  PRESS =    32.6
 Etot   =    -72678.1249  EKtot   =     21100.9920  EPtot      =    -93779.1170
 BOND   =      1066.3640  ANGLE   =      2530.3067  DIHED      =      3863.0679
 1-4 NB =      1079.7858  1-4 EEL =     12979.4068  VDWAALS    =     13243.8993
 EELEC  =   -134996.2539  EHBOND  =         0.0000  RESTRAINT  =      6454.3063
 EAMBER (non-restraint)  =   -100233.4233
 EKCMT  =      8790.7913  VIRIAL  =      8510.7629  VOLUME     =    397366.6338
                                                    Density    =         0.8826
 Ewald error estimate:   0.5734E-04
 ------------------------------------------------------------------------------


 NSTEP =    34000   TIME(PS) =     118.000  TEMP(K) =   299.96  PRESS =   209.5
 Etot   =    -72155.2624  EKtot   =     21144.9703  EPtot      =    -93300.2327
 BOND   =      1087.1743  ANGLE   =      2519.9842  DIHED      =      3864.5504
 1-4 NB =      1104.0830  1-4 EEL =     12977.4126  VDWAALS    =     13392.4628
 EELEC  =   -134615.4081  EHBOND  =         0.0000  RESTRAINT  =      6369.5081
 EAMBER (non-restraint)  =    -99669.7408
 EKCMT  =      8888.0031  VIRIAL  =      7087.9577  VOLUME     =    397933.6020
                                                    Density    =         0.8814
 Ewald error estimate:   0.4792E-04
 ------------------------------------------------------------------------------


 NSTEP =    35000   TIME(PS) =     120.000  TEMP(K) =   301.17  PRESS =   -33.0
 Etot   =    -72471.0131  EKtot   =     21230.0524  EPtot      =    -93701.0654
 BOND   =      1071.2866  ANGLE   =      2516.7257  DIHED      =      3883.5729
 1-4 NB =      1073.1335  1-4 EEL =     12976.5541  VDWAALS    =     13065.4020
 EELEC  =   -134775.2132  EHBOND  =         0.0000  RESTRAINT  =      6487.4730
 EAMBER (non-restraint)  =   -100188.5384
 EKCMT  =      8942.5617  VIRIAL  =      9226.0559  VOLUME     =    397656.9625
                                                    Density    =         0.8820
 Ewald error estimate:   0.3487E-04
 ------------------------------------------------------------------------------


 NSTEP =    36000   TIME(PS) =     122.000  TEMP(K) =   299.08  PRESS =    33.1
 Etot   =    -72642.2016  EKtot   =     21083.2905  EPtot      =    -93725.4921
 BOND   =      1063.4205  ANGLE   =      2566.5002  DIHED      =      3837.9984
 1-4 NB =      1069.7862  1-4 EEL =     13045.6341  VDWAALS    =     13287.9970
 EELEC  =   -134982.2333  EHBOND  =         0.0000  RESTRAINT  =      6385.4048
 EAMBER (non-restraint)  =   -100110.8969
 EKCMT  =      8836.2819  VIRIAL  =      8551.6466  VOLUME     =    397854.3836
                                                    Density    =         0.8816
 Ewald error estimate:   0.2325E-04
 ------------------------------------------------------------------------------


 NSTEP =    37000   TIME(PS) =     124.000  TEMP(K) =   301.92  PRESS =    56.5
 Etot   =    -72034.0347  EKtot   =     21282.8282  EPtot      =    -93316.8629
 BOND   =      1027.6618  ANGLE   =      2509.5161  DIHED      =      3865.0480
 1-4 NB =      1072.0107  1-4 EEL =     13028.3063  VDWAALS    =     13284.1334
 EELEC  =   -134623.3403  EHBOND  =         0.0000  RESTRAINT  =      6519.8011
 EAMBER (non-restraint)  =    -99836.6640
 EKCMT  =      8966.0843  VIRIAL  =      8480.8921  VOLUME     =    397845.1523
                                                    Density    =         0.8816
 Ewald error estimate:   0.5648E-05
 ------------------------------------------------------------------------------


 NSTEP =    38000   TIME(PS) =     126.000  TEMP(K) =   302.27  PRESS =    23.1
 Etot   =    -72582.5754  EKtot   =     21307.6466  EPtot      =    -93890.2220
 BOND   =      1055.9691  ANGLE   =      2626.9013  DIHED      =      3856.7103
 1-4 NB =      1075.1795  1-4 EEL =     12997.6859  VDWAALS    =     13295.9557
 EELEC  =   -135179.4710  EHBOND  =         0.0000  RESTRAINT  =      6380.8472
 EAMBER (non-restraint)  =   -100271.0692
 EKCMT  =      8859.5263  VIRIAL  =      8660.9042  VOLUME     =    397715.9556
                                                    Density    =         0.8819
 Ewald error estimate:   0.8421E-04
 ------------------------------------------------------------------------------


 NSTEP =    39000   TIME(PS) =     128.000  TEMP(K) =   300.54  PRESS =     8.1
 Etot   =    -72475.7232  EKtot   =     21185.5160  EPtot      =    -93661.2392
 BOND   =      1091.5613  ANGLE   =      2528.5113  DIHED      =      3903.6683
 1-4 NB =      1072.9713  1-4 EEL =     12976.3728  VDWAALS    =     13410.5680
 EELEC  =   -135082.6155  EHBOND  =         0.0000  RESTRAINT  =      6437.7232
 EAMBER (non-restraint)  =   -100098.9624
 EKCMT  =      8857.2220  VIRIAL  =      8787.3652  VOLUME     =    397126.5110
                                                    Density    =         0.8832
 Ewald error estimate:   0.9224E-04
 ------------------------------------------------------------------------------


 NSTEP =    40000   TIME(PS) =     130.000  TEMP(K) =   298.14  PRESS =    51.0
 Etot   =    -72499.1624  EKtot   =     21016.5599  EPtot      =    -93515.7223
 BOND   =      1110.8152  ANGLE   =      2507.9523  DIHED      =      3870.1481
 1-4 NB =      1071.4721  1-4 EEL =     12971.4045  VDWAALS    =     13493.6288
 EELEC  =   -135007.3755  EHBOND  =         0.0000  RESTRAINT  =      6466.2322
 EAMBER (non-restraint)  =    -99981.9545
 EKCMT  =      8778.2925  VIRIAL  =      8340.4473  VOLUME     =    397694.6308
                                                    Density    =         0.8819
 Ewald error estimate:   0.9290E-04
 ------------------------------------------------------------------------------


 NSTEP =    41000   TIME(PS) =     132.000  TEMP(K) =   298.06  PRESS =   -51.6
 Etot   =    -72736.9880  EKtot   =     21010.9441  EPtot      =    -93747.9321
 BOND   =      1109.5673  ANGLE   =      2546.5340  DIHED      =      3836.7719
 1-4 NB =      1060.0648  1-4 EEL =     12983.6800  VDWAALS    =     13223.3390
 EELEC  =   -134903.2438  EHBOND  =         0.0000  RESTRAINT  =      6395.3547
 EAMBER (non-restraint)  =   -100143.2868
 EKCMT  =      8729.5479  VIRIAL  =      9172.8741  VOLUME     =    397745.4162
                                                    Density    =         0.8818
 Ewald error estimate:   0.1758E-04
 ------------------------------------------------------------------------------


 NSTEP =    42000   TIME(PS) =     134.000  TEMP(K) =   301.04  PRESS =   -37.8
 Etot   =    -72825.9987  EKtot   =     21220.7640  EPtot      =    -94046.7627
 BOND   =      1077.7924  ANGLE   =      2549.2868  DIHED      =      3864.3653
 1-4 NB =      1072.7172  1-4 EEL =     12960.2616  VDWAALS    =     13422.9264
 EELEC  =   -135253.8171  EHBOND  =         0.0000  RESTRAINT  =      6259.7047
 EAMBER (non-restraint)  =   -100306.4674
 EKCMT  =      8889.6120  VIRIAL  =      9213.9310  VOLUME     =    397765.4324
                                                    Density    =         0.8818
 Ewald error estimate:   0.6372E-04
 ------------------------------------------------------------------------------


 NSTEP =    43000   TIME(PS) =     136.000  TEMP(K) =   298.78  PRESS =    74.7
 Etot   =    -72833.8812  EKtot   =     21061.4553  EPtot      =    -93895.3364
 BOND   =      1080.3551  ANGLE   =      2568.0972  DIHED      =      3831.5158
 1-4 NB =      1075.5586  1-4 EEL =     13046.1086  VDWAALS    =     13562.1412
 EELEC  =   -135385.5418  EHBOND  =         0.0000  RESTRAINT  =      6326.4290
 EAMBER (non-restraint)  =   -100221.7654
 EKCMT  =      8848.3902  VIRIAL  =      8206.8361  VOLUME     =    397802.1470
                                                    Density    =         0.8817
 Ewald error estimate:   0.3937E-04
 ------------------------------------------------------------------------------


 NSTEP =    44000   TIME(PS) =     138.000  TEMP(K) =   297.98  PRESS =   -28.9
 Etot   =    -73050.7629  EKtot   =     21005.1936  EPtot      =    -94055.9565
 BOND   =      1063.7323  ANGLE   =      2538.6819  DIHED      =      3833.0821
 1-4 NB =      1080.7811  1-4 EEL =     12996.2500  VDWAALS    =     13486.1286
 EELEC  =   -135502.0098  EHBOND  =         0.0000  RESTRAINT  =      6447.3973
 EAMBER (non-restraint)  =   -100503.3538
 EKCMT  =      8771.5125  VIRIAL  =      9019.1027  VOLUME     =    397356.5918
                                                    Density    =         0.8827
 Ewald error estimate:   0.1705E-04
 ------------------------------------------------------------------------------


 NSTEP =    45000   TIME(PS) =     140.000  TEMP(K) =   300.35  PRESS =   207.6
 Etot   =    -72761.1363  EKtot   =     21172.1618  EPtot      =    -93933.2981
 BOND   =      1063.9051  ANGLE   =      2535.1019  DIHED      =      3877.0503
 1-4 NB =      1069.9157  1-4 EEL =     13038.2723  VDWAALS    =     13492.9303
 EELEC  =   -135413.7088  EHBOND  =         0.0000  RESTRAINT  =      6403.2352
 EAMBER (non-restraint)  =   -100336.5332
 EKCMT  =      8886.7420  VIRIAL  =      7104.0015  VOLUME     =    397668.2324
                                                    Density    =         0.8820
 Ewald error estimate:   0.1149E-03
 ------------------------------------------------------------------------------


 NSTEP =    46000   TIME(PS) =     142.000  TEMP(K) =   300.78  PRESS =    -3.3
 Etot   =    -72625.6377  EKtot   =     21203.1256  EPtot      =    -93828.7633
 BOND   =      1066.1204  ANGLE   =      2503.1196  DIHED      =      3889.9060
 1-4 NB =      1070.0472  1-4 EEL =     13036.4595  VDWAALS    =     13190.3066
 EELEC  =   -135016.8563  EHBOND  =         0.0000  RESTRAINT  =      6432.1336
 EAMBER (non-restraint)  =   -100260.8969
 EKCMT  =      8847.1088  VIRIAL  =      8875.5951  VOLUME     =    397587.3699
                                                    Density    =         0.8821
 Ewald error estimate:   0.5481E-04
 ------------------------------------------------------------------------------


 NSTEP =    47000   TIME(PS) =     144.000  TEMP(K) =   300.00  PRESS =   -85.9
 Etot   =    -72752.3014  EKtot   =     21147.6736  EPtot      =    -93899.9751
 BOND   =      1031.8446  ANGLE   =      2502.0453  DIHED      =      3834.3018
 1-4 NB =      1075.5392  1-4 EEL =     13011.5651  VDWAALS    =     13092.0635
 EELEC  =   -134933.9563  EHBOND  =         0.0000  RESTRAINT  =      6486.6218
 EAMBER (non-restraint)  =   -100386.5968
 EKCMT  =      8840.7829  VIRIAL  =      9577.8206  VOLUME     =    397616.3861
                                                    Density    =         0.8821
 Ewald error estimate:   0.1549E-04
 ------------------------------------------------------------------------------


 NSTEP =    48000   TIME(PS) =     146.000  TEMP(K) =   296.96  PRESS =   -52.1
 Etot   =    -72932.8834  EKtot   =     20933.2075  EPtot      =    -93866.0909
 BOND   =      1068.2994  ANGLE   =      2521.3661  DIHED      =      3816.8394
 1-4 NB =      1067.5541  1-4 EEL =     13010.0552  VDWAALS    =     13364.6420
 EELEC  =   -135198.1279  EHBOND  =         0.0000  RESTRAINT  =      6483.2808
 EAMBER (non-restraint)  =   -100349.3717
 EKCMT  =      8688.6182  VIRIAL  =      9135.2655  VOLUME     =    397299.7230
                                                    Density    =         0.8828
 Ewald error estimate:   0.4180E-04
 ------------------------------------------------------------------------------


 NSTEP =    49000   TIME(PS) =     148.000  TEMP(K) =   302.70  PRESS =   -77.0
 Etot   =    -72537.4503  EKtot   =     21337.8443  EPtot      =    -93875.2946
 BOND   =      1031.4837  ANGLE   =      2505.3486  DIHED      =      3859.0500
 1-4 NB =      1094.2649  1-4 EEL =     13075.0619  VDWAALS    =     13174.5260
 EELEC  =   -135079.9399  EHBOND  =         0.0000  RESTRAINT  =      6464.9102
 EAMBER (non-restraint)  =   -100340.2049
 EKCMT  =      8919.8329  VIRIAL  =      9581.6233  VOLUME     =    397865.4848
                                                    Density    =         0.8815
 Ewald error estimate:   0.6271E-04
 ------------------------------------------------------------------------------


 NSTEP =    50000   TIME(PS) =     150.000  TEMP(K) =   300.85  PRESS =   -36.1
 Etot   =    -72655.2311  EKtot   =     21207.9426  EPtot      =    -93863.1737
 BOND   =      1044.7908  ANGLE   =      2589.4520  DIHED      =      3822.5377
 1-4 NB =      1043.0100  1-4 EEL =     12986.1937  VDWAALS    =     13170.1635
 EELEC  =   -134936.8031  EHBOND  =         0.0000  RESTRAINT  =      6417.4816
 EAMBER (non-restraint)  =   -100280.6553
 EKCMT  =      8946.5799  VIRIAL  =      9256.0025  VOLUME     =    397451.3070
                                                    Density    =         0.8825
 Ewald error estimate:   0.8683E-05
 ------------------------------------------------------------------------------


 NSTEP =    51000   TIME(PS) =     152.000  TEMP(K) =   300.47  PRESS =  -119.5
 Etot   =    -72429.2589  EKtot   =     21181.1011  EPtot      =    -93610.3600
 BOND   =      1094.4241  ANGLE   =      2521.1519  DIHED      =      3880.0542
 1-4 NB =      1079.5088  1-4 EEL =     13023.9091  VDWAALS    =     13338.1910
 EELEC  =   -135012.0258  EHBOND  =         0.0000  RESTRAINT  =      6464.4268
 EAMBER (non-restraint)  =   -100074.7868
 EKCMT  =      8811.8671  VIRIAL  =      9838.1559  VOLUME     =    397794.5936
                                                    Density    =         0.8817
 Ewald error estimate:   0.1601E-06
 ------------------------------------------------------------------------------


 NSTEP =    52000   TIME(PS) =     154.000  TEMP(K) =   303.27  PRESS =    10.0
 Etot   =    -72513.9293  EKtot   =     21377.9674  EPtot      =    -93891.8967
 BOND   =      1107.6551  ANGLE   =      2493.9832  DIHED      =      3914.6010
 1-4 NB =      1072.6261  1-4 EEL =     13019.9091  VDWAALS    =     13464.2934
 EELEC  =   -135319.2725  EHBOND  =         0.0000  RESTRAINT  =      6354.3079
 EAMBER (non-restraint)  =   -100246.2046
 EKCMT  =      9010.1331  VIRIAL  =      8924.4802  VOLUME     =    397912.0467
                                                    Density    =         0.8814
 Ewald error estimate:   0.1134E-03
 ------------------------------------------------------------------------------


 NSTEP =    53000   TIME(PS) =     156.000  TEMP(K) =   298.23  PRESS =   164.9
 Etot   =    -72996.6581  EKtot   =     21023.2340  EPtot      =    -94019.8921
 BOND   =      1030.0682  ANGLE   =      2541.5257  DIHED      =      3870.0523
 1-4 NB =      1084.8688  1-4 EEL =     13054.1830  VDWAALS    =     13558.6704
 EELEC  =   -135438.4981  EHBOND  =         0.0000  RESTRAINT  =      6279.2375
 EAMBER (non-restraint)  =   -100299.1296
 EKCMT  =      8795.4822  VIRIAL  =      7380.6797  VOLUME     =    397369.5936
                                                    Density    =         0.8826
 Ewald error estimate:   0.1171E-04
 ------------------------------------------------------------------------------


 NSTEP =    54000   TIME(PS) =     158.000  TEMP(K) =   301.65  PRESS =    90.3
 Etot   =    -72501.6887  EKtot   =     21263.9889  EPtot      =    -93765.6775
 BOND   =      1027.7204  ANGLE   =      2540.0057  DIHED      =      3858.6143
 1-4 NB =      1071.3210  1-4 EEL =     13012.0907  VDWAALS    =     13514.7057
 EELEC  =   -135283.5965  EHBOND  =         0.0000  RESTRAINT  =      6493.4610
 EAMBER (non-restraint)  =   -100259.1385
 EKCMT  =      8940.3346  VIRIAL  =      8164.9992  VOLUME     =    397819.7717
                                                    Density    =         0.8816
 Ewald error estimate:   0.5820E-04
 ------------------------------------------------------------------------------


 NSTEP =    55000   TIME(PS) =     160.000  TEMP(K) =   299.55  PRESS =   155.9
 Etot   =    -72606.3850  EKtot   =     21116.2037  EPtot      =    -93722.5886
 BOND   =      1075.1199  ANGLE   =      2591.1057  DIHED      =      3895.3924
 1-4 NB =      1092.2740  1-4 EEL =     12999.3548  VDWAALS    =     13587.1087
 EELEC  =   -135364.5119  EHBOND  =         0.0000  RESTRAINT  =      6401.5678
 EAMBER (non-restraint)  =   -100124.1564
 EKCMT  =      8772.2995  VIRIAL  =      7434.2418  VOLUME     =    397580.4838
                                                    Density    =         0.8822
 Ewald error estimate:   0.5583E-04
 ------------------------------------------------------------------------------


 NSTEP =    56000   TIME(PS) =     162.000  TEMP(K) =   297.43  PRESS =     6.1
 Etot   =    -73177.2468  EKtot   =     20966.8491  EPtot      =    -94144.0958
 BOND   =      1072.5082  ANGLE   =      2449.3741  DIHED      =      3862.2332
 1-4 NB =      1067.6662  1-4 EEL =     13050.2916  VDWAALS    =     13434.9772
 EELEC  =   -135436.2448  EHBOND  =         0.0000  RESTRAINT  =      6355.0983
 EAMBER (non-restraint)  =   -100499.1941
 EKCMT  =      8824.4752  VIRIAL  =      8772.3387  VOLUME     =    397579.2241
                                                    Density    =         0.8822
 Ewald error estimate:   0.9843E-06
 ------------------------------------------------------------------------------


 NSTEP =    57000   TIME(PS) =     164.000  TEMP(K) =   298.61  PRESS =   -22.4
 Etot   =    -72759.1330  EKtot   =     21049.4649  EPtot      =    -93808.5978
 BOND   =      1059.7726  ANGLE   =      2505.3033  DIHED      =      3854.0093
 1-4 NB =      1059.9738  1-4 EEL =     13050.8349  VDWAALS    =     13407.4313
 EELEC  =   -135187.0797  EHBOND  =         0.0000  RESTRAINT  =      6441.1567
 EAMBER (non-restraint)  =   -100249.7545
 EKCMT  =      8824.8422  VIRIAL  =      9017.0181  VOLUME     =    397695.5362
                                                    Density    =         0.8819
 Ewald error estimate:   0.2396E-04
 ------------------------------------------------------------------------------


 NSTEP =    58000   TIME(PS) =     166.000  TEMP(K) =   298.06  PRESS =   151.0
 Etot   =    -72582.9307  EKtot   =     21010.8265  EPtot      =    -93593.7572
 BOND   =      1093.2796  ANGLE   =      2551.3963  DIHED      =      3859.3985
 1-4 NB =      1064.9903  1-4 EEL =     13017.6000  VDWAALS    =     13425.2515
 EELEC  =   -135033.7174  EHBOND  =         0.0000  RESTRAINT  =      6428.0440
 EAMBER (non-restraint)  =   -100021.8013
 EKCMT  =      8825.9675  VIRIAL  =      7529.4706  VOLUME     =    397612.3076
                                                    Density    =         0.8821
 Ewald error estimate:   0.1204E-04
 ------------------------------------------------------------------------------


 NSTEP =    59000   TIME(PS) =     168.000  TEMP(K) =   300.45  PRESS =  -174.2
 Etot   =    -72394.5067  EKtot   =     21179.8443  EPtot      =    -93574.3510
 BOND   =      1084.8789  ANGLE   =      2415.5825  DIHED      =      3871.7467
 1-4 NB =      1075.6396  1-4 EEL =     13036.5638  VDWAALS    =     12916.2072
 EELEC  =   -134552.1864  EHBOND  =         0.0000  RESTRAINT  =      6577.2167
 EAMBER (non-restraint)  =   -100151.5677
 EKCMT  =      8867.6569  VIRIAL  =     10364.7860  VOLUME     =    397937.7048
                                                    Density    =         0.8814
 Ewald error estimate:   0.1738E-04
 ------------------------------------------------------------------------------


 NSTEP =    60000   TIME(PS) =     170.000  TEMP(K) =   297.63  PRESS =   153.3
 Etot   =    -73107.0462  EKtot   =     20980.4471  EPtot      =    -94087.4933
 BOND   =      1026.1192  ANGLE   =      2535.3171  DIHED      =      3862.1733
 1-4 NB =      1072.6539  1-4 EEL =     13005.6946  VDWAALS    =     13667.9754
 EELEC  =   -135685.1594  EHBOND  =         0.0000  RESTRAINT  =      6427.7327
 EAMBER (non-restraint)  =   -100515.2260
 EKCMT  =      8665.1172  VIRIAL  =      7349.6502  VOLUME     =    397386.9738
                                                    Density    =         0.8826
 Ewald error estimate:   0.7248E-04
 ------------------------------------------------------------------------------


 NSTEP =    61000   TIME(PS) =     172.000  TEMP(K) =   296.89  PRESS =   -39.8
 Etot   =    -72790.4055  EKtot   =     20928.6699  EPtot      =    -93719.0754
 BOND   =      1058.7710  ANGLE   =      2461.4889  DIHED      =      3843.6741
 1-4 NB =      1063.9777  1-4 EEL =     13048.0093  VDWAALS    =     13342.8911
 EELEC  =   -135067.2496  EHBOND  =         0.0000  RESTRAINT  =      6529.3623
 EAMBER (non-restraint)  =   -100248.4376
 EKCMT  =      8717.1607  VIRIAL  =      9058.7160  VOLUME     =    397150.4720
                                                    Density    =         0.8831
 Ewald error estimate:   0.1592E-03
 ------------------------------------------------------------------------------


 NSTEP =    62000   TIME(PS) =     174.000  TEMP(K) =   299.88  PRESS =  -117.6
 Etot   =    -72705.3066  EKtot   =     21139.6758  EPtot      =    -93844.9824
 BOND   =      1103.7468  ANGLE   =      2512.1923  DIHED      =      3863.7622
 1-4 NB =      1055.8883  1-4 EEL =     13028.6814  VDWAALS    =     13185.2611
 EELEC  =   -134982.4443  EHBOND  =         0.0000  RESTRAINT  =      6387.9299
 EAMBER (non-restraint)  =   -100232.9123
 EKCMT  =      8871.0530  VIRIAL  =      9879.8007  VOLUME     =    397126.7721
                                                    Density    =         0.8832
 Ewald error estimate:   0.2179E-04
 ------------------------------------------------------------------------------


 NSTEP =    63000   TIME(PS) =     176.000  TEMP(K) =   300.24  PRESS =   154.3
 Etot   =    -72545.3585  EKtot   =     21164.4850  EPtot      =    -93709.8435
 BOND   =      1090.5916  ANGLE   =      2566.3686  DIHED      =      3829.5984
 1-4 NB =      1044.0709  1-4 EEL =     13064.5024  VDWAALS    =     13461.0897
 EELEC  =   -135206.0875  EHBOND  =         0.0000  RESTRAINT  =      6440.0224
 EAMBER (non-restraint)  =   -100149.8659
 EKCMT  =      8786.0151  VIRIAL  =      7462.4951  VOLUME     =    397164.8276
                                                    Density    =         0.8831
 Ewald error estimate:   0.6105E-04
 ------------------------------------------------------------------------------


 NSTEP =    64000   TIME(PS) =     178.000  TEMP(K) =   299.68  PRESS =   163.4
 Etot   =    -72419.6325  EKtot   =     21125.4960  EPtot      =    -93545.1285
 BOND   =      1092.5160  ANGLE   =      2576.6926  DIHED      =      3855.7130
 1-4 NB =      1057.9131  1-4 EEL =     12917.7052  VDWAALS    =     13255.4197
 EELEC  =   -134792.3864  EHBOND  =         0.0000  RESTRAINT  =      6491.2983
 EAMBER (non-restraint)  =   -100036.4268
 EKCMT  =      8825.9286  VIRIAL  =      7423.7648  VOLUME     =    397505.9587
                                                    Density    =         0.8823
 Ewald error estimate:   0.3631E-04
 ------------------------------------------------------------------------------


 NSTEP =    65000   TIME(PS) =     180.000  TEMP(K) =   297.07  PRESS =    58.0
 Etot   =    -72743.5111  EKtot   =     20941.4267  EPtot      =    -93684.9378
 BOND   =      1101.5294  ANGLE   =      2510.4764  DIHED      =      3846.0054
 1-4 NB =      1049.7666  1-4 EEL =     12948.2996  VDWAALS    =     13270.8309
 EELEC  =   -134963.1826  EHBOND  =         0.0000  RESTRAINT  =      6551.3366
 EAMBER (non-restraint)  =   -100236.2743
 EKCMT  =      8769.5484  VIRIAL  =      8272.1024  VOLUME     =    397555.3428
                                                    Density    =         0.8822
 Ewald error estimate:   0.4476E-04
 ------------------------------------------------------------------------------


 NSTEP =    66000   TIME(PS) =     182.000  TEMP(K) =   301.60  PRESS =  -114.1
 Etot   =    -72589.8792  EKtot   =     21260.7829  EPtot      =    -93850.6621
 BOND   =      1083.1262  ANGLE   =      2596.1429  DIHED      =      3838.2033
 1-4 NB =      1067.0625  1-4 EEL =     12963.2191  VDWAALS    =     13121.2379
 EELEC  =   -134940.5923  EHBOND  =         0.0000  RESTRAINT  =      6420.9383
 EAMBER (non-restraint)  =   -100271.6005
 EKCMT  =      8938.1274  VIRIAL  =      9917.3030  VOLUME     =    397488.4635
                                                    Density    =         0.8824
 Ewald error estimate:   0.8525E-04
 ------------------------------------------------------------------------------


 NSTEP =    67000   TIME(PS) =     184.000  TEMP(K) =   301.63  PRESS =   -88.4
 Etot   =    -72824.2614  EKtot   =     21262.5954  EPtot      =    -94086.8569
 BOND   =      1049.2619  ANGLE   =      2480.5629  DIHED      =      3875.2647
 1-4 NB =      1094.8027  1-4 EEL =     13044.5144  VDWAALS    =     13231.8049
 EELEC  =   -135254.7958  EHBOND  =         0.0000  RESTRAINT  =      6391.7275
 EAMBER (non-restraint)  =   -100478.5843
 EKCMT  =      8968.6377  VIRIAL  =      9727.1037  VOLUME     =    397308.3316
                                                    Density    =         0.8828
 Ewald error estimate:   0.1237E-03
 ------------------------------------------------------------------------------


 NSTEP =    68000   TIME(PS) =     186.000  TEMP(K) =   297.18  PRESS =     1.1
 Etot   =    -72883.3802  EKtot   =     20948.8352  EPtot      =    -93832.2154
 BOND   =      1060.2450  ANGLE   =      2528.0500  DIHED      =      3845.0242
 1-4 NB =      1060.8336  1-4 EEL =     13041.8980  VDWAALS    =     13418.7546
 EELEC  =   -135251.9233  EHBOND  =         0.0000  RESTRAINT  =      6464.9024
 EAMBER (non-restraint)  =   -100297.1178
 EKCMT  =      8597.8411  VIRIAL  =      8588.6380  VOLUME     =    397049.2704
                                                    Density    =         0.8833
 Ewald error estimate:   0.1054E-03
 ------------------------------------------------------------------------------


 NSTEP =    69000   TIME(PS) =     188.000  TEMP(K) =   299.68  PRESS =  -167.7
 Etot   =    -72672.9886  EKtot   =     21125.4109  EPtot      =    -93798.3995
 BOND   =      1062.0719  ANGLE   =      2534.1647  DIHED      =      3822.2446
 1-4 NB =      1064.1405  1-4 EEL =     13087.5685  VDWAALS    =     13143.7984
 EELEC  =   -134973.0721  EHBOND  =         0.0000  RESTRAINT  =      6460.6840
 EAMBER (non-restraint)  =   -100259.0835
 EKCMT  =      8803.6348  VIRIAL  =     10240.9789  VOLUME     =    396913.4866
                                                    Density    =         0.8836
 Ewald error estimate:   0.8504E-04
 ------------------------------------------------------------------------------


 NSTEP =    70000   TIME(PS) =     190.000  TEMP(K) =   300.34  PRESS =   -92.4
 Etot   =    -73087.9277  EKtot   =     21171.9774  EPtot      =    -94259.9051
 BOND   =      1064.4317  ANGLE   =      2517.0593  DIHED      =      3846.1535
 1-4 NB =      1054.5199  1-4 EEL =     13019.4599  VDWAALS    =     13245.8049
 EELEC  =   -135461.0931  EHBOND  =         0.0000  RESTRAINT  =      6453.7589
 EAMBER (non-restraint)  =   -100713.6639
 EKCMT  =      8888.2988  VIRIAL  =      9680.2243  VOLUME     =    396828.4327
                                                    Density    =         0.8838
 Ewald error estimate:   0.9283E-04
 ------------------------------------------------------------------------------


 NSTEP =    71000   TIME(PS) =     192.000  TEMP(K) =   301.36  PRESS =    -6.5
 Etot   =    -72559.0605  EKtot   =     21243.5312  EPtot      =    -93802.5917
 BOND   =      1074.8559  ANGLE   =      2557.4191  DIHED      =      3836.3526
 1-4 NB =      1082.2216  1-4 EEL =     13052.2727  VDWAALS    =     13213.6648
 EELEC  =   -135106.6816  EHBOND  =         0.0000  RESTRAINT  =      6487.3031
 EAMBER (non-restraint)  =   -100289.8948
 EKCMT  =      8878.1784  VIRIAL  =      8933.8025  VOLUME     =    396931.1691
                                                    Density    =         0.8836
 Ewald error estimate:   0.3644E-04
 ------------------------------------------------------------------------------


 NSTEP =    72000   TIME(PS) =     194.000  TEMP(K) =   302.25  PRESS =   162.2
 Etot   =    -72476.2234  EKtot   =     21306.3523  EPtot      =    -93782.5757
 BOND   =      1058.4615  ANGLE   =      2458.9124  DIHED      =      3784.2217
 1-4 NB =      1083.5384  1-4 EEL =     13089.0189  VDWAALS    =     13482.0104
 EELEC  =   -135268.1035  EHBOND  =         0.0000  RESTRAINT  =      6529.3645
 EAMBER (non-restraint)  =   -100311.9402
 EKCMT  =      8835.8837  VIRIAL  =      7444.6838  VOLUME     =    397132.4215
                                                    Density    =         0.8832
 Ewald error estimate:   0.9701E-04
 ------------------------------------------------------------------------------


 NSTEP =    73000   TIME(PS) =     196.000  TEMP(K) =   299.69  PRESS =   -40.7
 Etot   =    -72923.9412  EKtot   =     21126.1542  EPtot      =    -94050.0954
 BOND   =      1052.3177  ANGLE   =      2506.0123  DIHED      =      3855.5906
 1-4 NB =      1069.2995  1-4 EEL =     13039.3536  VDWAALS    =     13384.0961
 EELEC  =   -135423.5944  EHBOND  =         0.0000  RESTRAINT  =      6466.8292
 EAMBER (non-restraint)  =   -100516.9246
 EKCMT  =      8722.0061  VIRIAL  =      9070.5449  VOLUME     =    397101.8349
                                                    Density    =         0.8832
 Ewald error estimate:   0.4206E-04
 ------------------------------------------------------------------------------


 NSTEP =    74000   TIME(PS) =     198.000  TEMP(K) =   300.41  PRESS =    46.2
 Etot   =    -72659.2907  EKtot   =     21176.7833  EPtot      =    -93836.0741
 BOND   =      1017.7701  ANGLE   =      2592.9808  DIHED      =      3833.8238
 1-4 NB =      1050.0118  1-4 EEL =     13005.9700  VDWAALS    =     13417.2890
 EELEC  =   -135209.3101  EHBOND  =         0.0000  RESTRAINT  =      6455.3905
 EAMBER (non-restraint)  =   -100291.4646
 EKCMT  =      8851.3008  VIRIAL  =      8454.9979  VOLUME     =    397006.6833
                                                    Density    =         0.8834
 Ewald error estimate:   0.3107E-04
 ------------------------------------------------------------------------------


 NSTEP =    75000   TIME(PS) =     200.000  TEMP(K) =   299.30  PRESS =   113.5
 Etot   =    -73207.8684  EKtot   =     21098.6930  EPtot      =    -94306.5614
 BOND   =      1026.5650  ANGLE   =      2543.0313  DIHED      =      3819.1901
 1-4 NB =      1062.0724  1-4 EEL =     13031.9858  VDWAALS    =     13483.2264
 EELEC  =   -135691.6797  EHBOND  =         0.0000  RESTRAINT  =      6419.0473
 EAMBER (non-restraint)  =   -100725.6087
 EKCMT  =      8891.4973  VIRIAL  =      7918.9826  VOLUME     =    396803.2857
                                                    Density    =         0.8839
 Ewald error estimate:   0.1213E-04
 ------------------------------------------------------------------------------


 NSTEP =    76000   TIME(PS) =     202.000  TEMP(K) =   298.98  PRESS =   -94.4
 Etot   =    -72758.4429  EKtot   =     21076.1198  EPtot      =    -93834.5627
 BOND   =      1093.5936  ANGLE   =      2521.0207  DIHED      =      3846.3769
 1-4 NB =      1088.1319  1-4 EEL =     13039.0391  VDWAALS    =     13341.0291
 EELEC  =   -135212.5760  EHBOND  =         0.0000  RESTRAINT  =      6448.8219
 EAMBER (non-restraint)  =   -100283.3846
 EKCMT  =      8750.0636  VIRIAL  =      9558.8137  VOLUME     =    396706.4580
                                                    Density    =         0.8841
 Ewald error estimate:   0.1456E-04
 ------------------------------------------------------------------------------


 NSTEP =    77000   TIME(PS) =     204.000  TEMP(K) =   301.14  PRESS =   -36.9
 Etot   =    -72393.1467  EKtot   =     21228.0825  EPtot      =    -93621.2292
 BOND   =      1021.8995  ANGLE   =      2491.8526  DIHED      =      3873.3943
 1-4 NB =      1069.7910  1-4 EEL =     13015.3748  VDWAALS    =     13287.2237
 EELEC  =   -134868.6384  EHBOND  =         0.0000  RESTRAINT  =      6487.8733
 EAMBER (non-restraint)  =   -100109.1025
 EKCMT  =      8897.9121  VIRIAL  =      9214.2706  VOLUME     =    396891.0506
                                                    Density    =         0.8837
 Ewald error estimate:   0.7836E-05
 ------------------------------------------------------------------------------


 NSTEP =    78000   TIME(PS) =     206.000  TEMP(K) =   302.51  PRESS =  -125.6
 Etot   =    -72569.8378  EKtot   =     21324.7842  EPtot      =    -93894.6220
 BOND   =      1096.9084  ANGLE   =      2520.0597  DIHED      =      3854.0334
 1-4 NB =      1073.5455  1-4 EEL =     13007.9210  VDWAALS    =     13194.2531
 EELEC  =   -135189.5017  EHBOND  =         0.0000  RESTRAINT  =      6548.1587
 EAMBER (non-restraint)  =   -100442.7807
 EKCMT  =      8874.6667  VIRIAL  =      9951.5978  VOLUME     =    397087.0598
                                                    Density    =         0.8833
 Ewald error estimate:   0.1055E-03
 ------------------------------------------------------------------------------


 NSTEP =    79000   TIME(PS) =     208.000  TEMP(K) =   301.35  PRESS =  -219.8
 Etot   =    -72577.3257  EKtot   =     21242.7432  EPtot      =    -93820.0689
 BOND   =      1068.2691  ANGLE   =      2560.7281  DIHED      =      3856.2070
 1-4 NB =      1078.7936  1-4 EEL =     12956.7893  VDWAALS    =     13071.4248
 EELEC  =   -134865.4987  EHBOND  =         0.0000  RESTRAINT  =      6453.2178
 EAMBER (non-restraint)  =   -100273.2867
 EKCMT  =      8877.5803  VIRIAL  =     10765.0580  VOLUME     =    397725.3957
                                                    Density    =         0.8818
 Ewald error estimate:   0.8155E-04
 ------------------------------------------------------------------------------


 NSTEP =    80000   TIME(PS) =     210.000  TEMP(K) =   301.66  PRESS =  -109.4
 Etot   =    -72454.5653  EKtot   =     21265.0711  EPtot      =    -93719.6364
 BOND   =      1085.0157  ANGLE   =      2566.2738  DIHED      =      3857.7840
 1-4 NB =      1051.6728  1-4 EEL =     12995.3047  VDWAALS    =     13208.3904
 EELEC  =   -134932.0049  EHBOND  =         0.0000  RESTRAINT  =      6447.9271
 EAMBER (non-restraint)  =   -100167.5635
 EKCMT  =      8827.7348  VIRIAL  =      9767.3353  VOLUME     =    397841.7426
                                                    Density    =         0.8816
 Ewald error estimate:   0.4782E-04
 ------------------------------------------------------------------------------


 NSTEP =    81000   TIME(PS) =     212.000  TEMP(K) =   300.08  PRESS =   139.9
 Etot   =    -72331.6890  EKtot   =     21153.2867  EPtot      =    -93484.9756
 BOND   =      1084.9568  ANGLE   =      2569.3442  DIHED      =      3820.1284
 1-4 NB =      1092.1039  1-4 EEL =     13006.8816  VDWAALS    =     13350.6540
 EELEC  =   -134884.4228  EHBOND  =         0.0000  RESTRAINT  =      6475.3783
 EAMBER (non-restraint)  =    -99960.3539
 EKCMT  =      8824.7652  VIRIAL  =      7623.2238  VOLUME     =    397884.9412
                                                    Density    =         0.8815
 Ewald error estimate:   0.1034E-03
 ------------------------------------------------------------------------------


 NSTEP =    82000   TIME(PS) =     214.000  TEMP(K) =   301.18  PRESS =   148.3
 Etot   =    -72468.4049  EKtot   =     21231.1385  EPtot      =    -93699.5434
 BOND   =      1095.3023  ANGLE   =      2535.8784  DIHED      =      3831.5949
 1-4 NB =      1063.2709  1-4 EEL =     13037.8226  VDWAALS    =     13514.3594
 EELEC  =   -135228.0330  EHBOND  =         0.0000  RESTRAINT  =      6450.2610
 EAMBER (non-restraint)  =   -100149.8044
 EKCMT  =      8915.5594  VIRIAL  =      7642.0512  VOLUME     =    397667.9437
                                                    Density    =         0.8820
 Ewald error estimate:   0.1448E-03
 ------------------------------------------------------------------------------


 NSTEP =    83000   TIME(PS) =     216.000  TEMP(K) =   300.36  PRESS =   -23.5
 Etot   =    -72369.6877  EKtot   =     21172.8994  EPtot      =    -93542.5871
 BOND   =      1055.7620  ANGLE   =      2570.5462  DIHED      =      3862.5858
 1-4 NB =      1060.3129  1-4 EEL =     12963.5564  VDWAALS    =     13209.1029
 EELEC  =   -134707.7771  EHBOND  =         0.0000  RESTRAINT  =      6443.3237
 EAMBER (non-restraint)  =    -99985.9109
 EKCMT  =      8810.2276  VIRIAL  =      9012.1629  VOLUME     =    398193.5294
                                                    Density    =         0.8808
 Ewald error estimate:   0.1165E-03
 ------------------------------------------------------------------------------


 NSTEP =    84000   TIME(PS) =     218.000  TEMP(K) =   303.29  PRESS =   -64.8
 Etot   =    -72435.0679  EKtot   =     21379.6155  EPtot      =    -93814.6835
 BOND   =      1052.2367  ANGLE   =      2494.0061  DIHED      =      3849.4208
 1-4 NB =      1079.2477  1-4 EEL =     13002.6614  VDWAALS    =     13418.6409
 EELEC  =   -135067.3153  EHBOND  =         0.0000  RESTRAINT  =      6356.4183
 EAMBER (non-restraint)  =   -100171.1018
 EKCMT  =      9024.1813  VIRIAL  =      9581.0818  VOLUME     =    398099.9654
                                                    Density    =         0.8810
 Ewald error estimate:   0.2125E-04
 ------------------------------------------------------------------------------


 NSTEP =    85000   TIME(PS) =     220.000  TEMP(K) =   297.61  PRESS =   -50.1
 Etot   =    -72986.9704  EKtot   =     20979.4057  EPtot      =    -93966.3761
 BOND   =      1108.1016  ANGLE   =      2499.1091  DIHED      =      3825.5766
 1-4 NB =      1046.1463  1-4 EEL =     12935.9533  VDWAALS    =     13356.0472
 EELEC  =   -135213.4153  EHBOND  =         0.0000  RESTRAINT  =      6476.1051
 EAMBER (non-restraint)  =   -100442.4812
 EKCMT  =      8897.3825  VIRIAL  =      9328.0349  VOLUME     =    397871.8397
                                                    Density    =         0.8815
 Ewald error estimate:   0.1420E-04
 ------------------------------------------------------------------------------


 NSTEP =    86000   TIME(PS) =     222.000  TEMP(K) =   300.27  PRESS =  -157.7
 Etot   =    -72533.1045  EKtot   =     21167.1040  EPtot      =    -93700.2085
 BOND   =      1127.5554  ANGLE   =      2464.3251  DIHED      =      3887.4885
 1-4 NB =      1098.0525  1-4 EEL =     12980.2963  VDWAALS    =     13183.3927
 EELEC  =   -134849.0385  EHBOND  =         0.0000  RESTRAINT  =      6407.7194
 EAMBER (non-restraint)  =   -100107.9279
 EKCMT  =      8781.3008  VIRIAL  =     10135.6733  VOLUME     =    397741.8568
                                                    Density    =         0.8818
 Ewald error estimate:   0.2086E-04
 ------------------------------------------------------------------------------


 NSTEP =    87000   TIME(PS) =     224.000  TEMP(K) =   299.51  PRESS =   234.9
 Etot   =    -72823.2077  EKtot   =     21113.2695  EPtot      =    -93936.4772
 BOND   =      1045.0004  ANGLE   =      2458.1015  DIHED      =      3862.5385
 1-4 NB =      1080.0930  1-4 EEL =     13060.2664  VDWAALS    =     13519.9207
 EELEC  =   -135410.1401  EHBOND  =         0.0000  RESTRAINT  =      6447.7423
 EAMBER (non-restraint)  =   -100384.2195
 EKCMT  =      8847.8132  VIRIAL  =      6830.2495  VOLUME     =    397740.4100
                                                    Density    =         0.8818
 Ewald error estimate:   0.7140E-06
 ------------------------------------------------------------------------------


 NSTEP =    88000   TIME(PS) =     226.000  TEMP(K) =   301.12  PRESS =   -45.0
 Etot   =    -72755.3616  EKtot   =     21226.8706  EPtot      =    -93982.2322
 BOND   =      1075.8733  ANGLE   =      2532.4042  DIHED      =      3846.1769
 1-4 NB =      1057.6166  1-4 EEL =     12954.5142  VDWAALS    =     13311.4453
 EELEC  =   -135193.2720  EHBOND  =         0.0000  RESTRAINT  =      6433.0092
 EAMBER (non-restraint)  =   -100415.2414
 EKCMT  =      8909.2307  VIRIAL  =      9295.1270  VOLUME     =    397263.4315
                                                    Density    =         0.8829
 Ewald error estimate:   0.4989E-04
 ------------------------------------------------------------------------------


 NSTEP =    89000   TIME(PS) =     228.000  TEMP(K) =   298.78  PRESS =   -82.5
 Etot   =    -72599.9485  EKtot   =     21061.5815  EPtot      =    -93661.5300
 BOND   =      1079.4017  ANGLE   =      2604.2086  DIHED      =      3816.7699
 1-4 NB =      1073.5864  1-4 EEL =     13011.7019  VDWAALS    =     13142.7303
 EELEC  =   -134785.7350  EHBOND  =         0.0000  RESTRAINT  =      6395.8062
 EAMBER (non-restraint)  =   -100057.3362
 EKCMT  =      8786.0539  VIRIAL  =      9494.4475  VOLUME     =    397656.5552
                                                    Density    =         0.8820
 Ewald error estimate:   0.1280E-03
 ------------------------------------------------------------------------------


 NSTEP =    90000   TIME(PS) =     230.000  TEMP(K) =   302.67  PRESS =   151.4
 Etot   =    -72295.4048  EKtot   =     21336.3393  EPtot      =    -93631.7441
 BOND   =      1065.5664  ANGLE   =      2571.0160  DIHED      =      3869.5493
 1-4 NB =      1096.9743  1-4 EEL =     12964.5151  VDWAALS    =     13437.3990
 EELEC  =   -135034.4368  EHBOND  =         0.0000  RESTRAINT  =      6397.6727
 EAMBER (non-restraint)  =   -100029.4167
 EKCMT  =      8884.3119  VIRIAL  =      7584.8829  VOLUME     =    397481.4760
                                                    Density    =         0.8824
 Ewald error estimate:   0.2995E-04
 ------------------------------------------------------------------------------


 NSTEP =    91000   TIME(PS) =     232.000  TEMP(K) =   301.17  PRESS =  -108.1
 Etot   =    -72488.1773  EKtot   =     21230.2702  EPtot      =    -93718.4475
 BOND   =      1066.3085  ANGLE   =      2537.4666  DIHED      =      3844.7699
 1-4 NB =      1085.2622  1-4 EEL =     13071.7504  VDWAALS    =     13175.3634
 EELEC  =   -134998.7603  EHBOND  =         0.0000  RESTRAINT  =      6499.3917
 EAMBER (non-restraint)  =   -100217.8393
 EKCMT  =      8923.6803  VIRIAL  =      9850.7988  VOLUME     =    397274.8466
                                                    Density    =         0.8828
 Ewald error estimate:   0.3202E-04
 ------------------------------------------------------------------------------


 NSTEP =    92000   TIME(PS) =     234.000  TEMP(K) =   298.32  PRESS =   -74.9
 Etot   =    -72687.9809  EKtot   =     21029.2504  EPtot      =    -93717.2313
 BOND   =      1072.8104  ANGLE   =      2585.1821  DIHED      =      3850.6024
 1-4 NB =      1043.8533  1-4 EEL =     12967.9971  VDWAALS    =     13166.3207
 EELEC  =   -134851.0675  EHBOND  =         0.0000  RESTRAINT  =      6447.0702
 EAMBER (non-restraint)  =   -100164.3014
 EKCMT  =      8808.4874  VIRIAL  =      9450.7581  VOLUME     =    397342.6715
                                                    Density    =         0.8827
 Ewald error estimate:   0.1400E-04
 ------------------------------------------------------------------------------


 NSTEP =    93000   TIME(PS) =     236.000  TEMP(K) =   299.65  PRESS =   198.0
 Etot   =    -72722.3675  EKtot   =     21123.0107  EPtot      =    -93845.3782
 BOND   =      1066.5809  ANGLE   =      2481.4115  DIHED      =      3850.0938
 1-4 NB =      1064.8022  1-4 EEL =     13044.0728  VDWAALS    =     13596.1971
 EELEC  =   -135321.4640  EHBOND  =         0.0000  RESTRAINT  =      6372.9275
 EAMBER (non-restraint)  =   -100218.3058
 EKCMT  =      8838.0228  VIRIAL  =      7139.4329  VOLUME     =    397259.3993
                                                    Density    =         0.8829
 Ewald error estimate:   0.3725E-04
 ------------------------------------------------------------------------------


 NSTEP =    94000   TIME(PS) =     238.000  TEMP(K) =   296.89  PRESS =   -37.0
 Etot   =    -72504.0595  EKtot   =     20928.2994  EPtot      =    -93432.3589
 BOND   =      1088.4184  ANGLE   =      2632.5095  DIHED      =      3840.4729
 1-4 NB =      1071.7764  1-4 EEL =     13014.3126  VDWAALS    =     13207.2389
 EELEC  =   -134801.2362  EHBOND  =         0.0000  RESTRAINT  =      6514.1486
 EAMBER (non-restraint)  =    -99946.5075
 EKCMT  =      8757.1264  VIRIAL  =      9074.3276  VOLUME     =    397215.7369
                                                    Density    =         0.8830
 Ewald error estimate:   0.4376E-04
 ------------------------------------------------------------------------------


 NSTEP =    95000   TIME(PS) =     240.000  TEMP(K) =   299.20  PRESS =    13.4
 Etot   =    -72708.6096  EKtot   =     21091.2594  EPtot      =    -93799.8690
 BOND   =      1093.8800  ANGLE   =      2582.6863  DIHED      =      3831.4094
 1-4 NB =      1054.6168  1-4 EEL =     12961.5035  VDWAALS    =     13326.3980
 EELEC  =   -135035.7360  EHBOND  =         0.0000  RESTRAINT  =      6385.3729
 EAMBER (non-restraint)  =   -100185.2419
 EKCMT  =      8832.2131  VIRIAL  =      8716.8430  VOLUME     =    397289.4142
                                                    Density    =         0.8828
 Ewald error estimate:   0.2217E-04
 ------------------------------------------------------------------------------


 NSTEP =    96000   TIME(PS) =     242.000  TEMP(K) =   299.84  PRESS =   166.1
 Etot   =    -72726.3466  EKtot   =     21136.2845  EPtot      =    -93862.6312
 BOND   =      1095.5377  ANGLE   =      2560.1755  DIHED      =      3846.4965
 1-4 NB =      1071.7608  1-4 EEL =     12999.7977  VDWAALS    =     13362.8207
 EELEC  =   -135154.7654  EHBOND  =         0.0000  RESTRAINT  =      6355.5453
 EAMBER (non-restraint)  =   -100218.1764
 EKCMT  =      8747.5666  VIRIAL  =      7322.0225  VOLUME     =    397532.8460
                                                    Density    =         0.8823
 Ewald error estimate:   0.1694E-06
 ------------------------------------------------------------------------------


 NSTEP =    97000   TIME(PS) =     244.000  TEMP(K) =   300.65  PRESS =    98.9
 Etot   =    -72676.2998  EKtot   =     21193.7593  EPtot      =    -93870.0591
 BOND   =      1049.5261  ANGLE   =      2455.8024  DIHED      =      3889.1966
 1-4 NB =      1099.3586  1-4 EEL =     13049.0159  VDWAALS    =     13424.0676
 EELEC  =   -135190.0346  EHBOND  =         0.0000  RESTRAINT  =      6353.0082
 EAMBER (non-restraint)  =   -100223.0673
 EKCMT  =      8904.6244  VIRIAL  =      8055.6980  VOLUME     =    397570.5439
                                                    Density    =         0.8822
 Ewald error estimate:   0.6375E-04
 ------------------------------------------------------------------------------


 NSTEP =    98000   TIME(PS) =     246.000  TEMP(K) =   301.88  PRESS =  -111.0
 Etot   =    -72521.8263  EKtot   =     21280.2267  EPtot      =    -93802.0530
 BOND   =      1045.6824  ANGLE   =      2527.2948  DIHED      =      3887.4236
 1-4 NB =      1071.9134  1-4 EEL =     13001.6046  VDWAALS    =     13056.4806
 EELEC  =   -134858.4066  EHBOND  =         0.0000  RESTRAINT  =      6465.9541
 EAMBER (non-restraint)  =   -100268.0071
 EKCMT  =      8914.0172  VIRIAL  =      9867.1848  VOLUME     =    397662.2297
                                                    Density    =         0.8820
 Ewald error estimate:   0.6970E-04
 ------------------------------------------------------------------------------


 NSTEP =    99000   TIME(PS) =     248.000  TEMP(K) =   299.16  PRESS =   -60.7
 Etot   =    -72408.1172  EKtot   =     21088.3605  EPtot      =    -93496.4778
 BOND   =      1054.3449  ANGLE   =      2605.7131  DIHED      =      3862.1302
 1-4 NB =      1072.1620  1-4 EEL =     13035.8479  VDWAALS    =     13148.6141
 EELEC  =   -134614.8945  EHBOND  =         0.0000  RESTRAINT  =      6339.6046
 EAMBER (non-restraint)  =    -99836.0824
 EKCMT  =      8873.3482  VIRIAL  =      9395.1301  VOLUME     =    398141.3164
                                                    Density    =         0.8809
 Ewald error estimate:   0.4594E-04
 ------------------------------------------------------------------------------


 NSTEP =   100000   TIME(PS) =     250.000  TEMP(K) =   301.72  PRESS =   -40.3
 Etot   =    -72755.6256  EKtot   =     21269.0672  EPtot      =    -94024.6928
 BOND   =      1085.7290  ANGLE   =      2481.2042  DIHED      =      3856.4759
 1-4 NB =      1084.6643  1-4 EEL =     13006.5462  VDWAALS    =     13443.5362
 EELEC  =   -135433.2352  EHBOND  =         0.0000  RESTRAINT  =      6450.3867
 EAMBER (non-restraint)  =   -100475.0795
 EKCMT  =      9030.5413  VIRIAL  =      9376.5954  VOLUME     =    397719.5516
                                                    Density    =         0.8819
 Ewald error estimate:   0.9059E-05
 ------------------------------------------------------------------------------


      A V E R A G E S   O V E R     100 S T E P S


 NSTEP =   100000   TIME(PS) =     250.000  TEMP(K) =   300.04  PRESS =    -2.5
 Etot   =    -72575.8376  EKtot   =     21150.6938  EPtot      =    -93726.5315
 BOND   =      1071.5253  ANGLE   =      2530.2503  DIHED      =      3851.0167
 1-4 NB =      1071.0567  1-4 EEL =     13015.1539  VDWAALS    =     13302.9941
 EELEC  =   -134974.5366  EHBOND  =         0.0000  RESTRAINT  =      6406.0082
 EAMBER (non-restraint)  =   -100132.5396
 EKCMT  =      8850.7072  VIRIAL  =      8874.3211  VOLUME     =    398053.0672
                                                    Density    =         0.8811
 Ewald error estimate:   0.5093E-04
 ------------------------------------------------------------------------------


      R M S  F L U C T U A T I O N S


 NSTEP =   100000   TIME(PS) =     250.000  TEMP(K) =     1.62  PRESS =   125.8
 Etot   =       241.9993  EKtot   =       113.9089  EPtot      =       214.8645
 BOND   =        23.8817  ANGLE   =        40.9336  DIHED      =        23.6596
 1-4 NB =        14.3788  1-4 EEL =        38.4181  VDWAALS    =       179.6125
 EELEC  =       368.5174  EHBOND  =         0.0000  RESTRAINT  =        98.1881
 EAMBER (non-restraint)  =       116.6763
 EKCMT  =        78.4863  VIRIAL  =      1095.6915  VOLUME     =      1866.3928
                                                    Density    =         0.0040
 Ewald error estimate:   0.3875E-04
 ------------------------------------------------------------------------------

--------------------------------------------------------------------------------
   5.  TIMINGS
--------------------------------------------------------------------------------

|  NonSetup CPU Time in Major Routines:
|
|     Routine           Sec        %
|     ------------------------------
|     Nonbond        7015.02   92.38
|     Bond              1.16    0.02
|     Angle            16.28    0.21
|     Dihedral        116.08    1.53
|     Shake            70.66    0.93
|     RunMD           374.18    4.93
|     Other             0.10    0.00
|     ------------------------------
|     Total          7593.47

|  PME Nonbond Pairlist CPU Time:
|
|     Routine              Sec        %
|     ---------------------------------
|     Set Up Cit           7.32    0.10
|     Build List        1660.24   21.86
|     ---------------------------------
|     Total             1667.56   21.96

|  PME Direct Force CPU Time:
|
|     Routine              Sec        %
|     ---------------------------------
|     NonBonded Calc    4317.59   56.86
|     Exclude Masked      35.67    0.47
|     Other               87.65    1.15
|     ---------------------------------
|     Total             4440.91   58.48

|  PME Reciprocal Force CPU Time:
|
|     Routine              Sec        %
|     ---------------------------------
|     1D bspline          66.85    0.88
|     Grid Charges       102.09    1.34
|     Scalar Sum          99.51    1.31
|     Gradient Sum       174.82    2.30
|     FFT                460.46    6.06
|     ---------------------------------
|     Total              903.73   11.90

|  Final Performance Info:
|     -----------------------------------------------------
|     Average timings for last       1 steps:
|     Elapsed(s) =       0.00 Per Step(ms) =       0.11
|         ns/day =    1572.86   seconds/ns =      54.93
|
|     Average timings for all steps:
|     Elapsed(s) =    7600.26 Per Step(ms) =      76.00
|         ns/day =       2.27   seconds/ns =   38001.29
|     -----------------------------------------------------

|  Setup CPU time:            0.07 seconds
|  NonSetup CPU time:      7593.47 seconds
|  Total CPU time:         7593.54 seconds     2.11 hours

|  Setup wall time:           1    seconds
|  NonSetup wall time:     7600    seconds
|  Total wall time:        7601    seconds     2.11 hours
