
          -------------------------------------------------------
          Amber 24 PMEMD                              2024
          -------------------------------------------------------

| PMEMD implementation of SANDER, Release 24

|  Compiled date/time: Thu Apr  3 23:55:38 2025
| Run on 11/24/2025 at 18:07:54

|   Executable path: pmemd
| Working directory: /Users/marc/github/Marc-TFG-Files/ambertools
|          Hostname: Unknown
| WARNING: Stack usage limited by a hard resource limit of   67092480 bytes!
|          If segment violations occur, get your sysadmin to increase the limit.
  [-O]verwriting output

File Assignments:
|   MDIN: heat.in                                                               
|  MDOUT: heat.out                                                              
| INPCRD: min.rst                                                               
|   PARM: complex.prmtop                                                        
| RESTRT: heat.rst                                                              
|   REFC: min.rst                                                               
|  MDVEL: mdvel                                                                 
|   MDEN: mden                                                                  
|  MDCRD: heat.nc                                                               
| MDINFO: mdinfo                                                                
|  MDFRC: mdfrc                                                                 


 Here is the input file:

Heating from 0 K to 300 K with restraints                                      
&cntrl                                                                         
  imin=0, irest=0, ntx=1,                                                      
  nstlim=25000, dt=0.002,                                                      
  ntf=2, ntc=2,                                                                
  ntb=1,                                                                       
  cut=10.0,                                                                    
  ntt=3, temp0=300.0, tempi=0.0, gamma_ln=2.0,                                 
  ntr=1,                                                                       
  restraint_wt=10.0,                                                           
  restraintmask=':1-9999&@CA,C,N,O',                                           
  ntpr=500, ntwx=500, ntwr=5000,                                               
/                                                                              
                                                                               


Note: ig = -1. Setting random seed to   903377 based on wallclock time in 
      microseconds.
| irandom = 1, using AMBER's internal random number generator (default).
 
 
| Conditional Compilation Defines Used:
| PUBFFT
| BINTRAJ
| EMIL

| Largest sphere to fit in unit cell has radius =    36.251

| New format PARM file being parsed.
| Version =    1.000 Date = 11/17/25 Time = 16:07:20

| Note: 1-4 EEL scale factors are being read from the topology file.

| Note: 1-4 VDW scale factors are being read from the topology file.
| Duplicated    0 dihedrals

| Duplicated    0 dihedrals

--------------------------------------------------------------------------------
   1.  RESOURCE   USE: 
--------------------------------------------------------------------------------

 getting box info from netcdf restart file
 NATOM  =   34285 NTYPES =      23 NBONH =   31908 MBONA  =    2419
 NTHETH =    5392 MTHETA =    3279 NPHIH =   10774 MPHIA  =   10346
 NHPARM =       0 NPARM  =       0 NNB   =   65583 NRES   =   10161
 NBONA  =    2419 NTHETA =    3279 NPHIA =   10346 NUMBND =      72
 NUMANG =     160 NPTRA  =     183 NATYP =      41 NPHB   =       0
 IFBOX  =       1 NMXRS  =      27 IFCAP =       0 NEXTRA =       0
 NCOPY  =       0

| Coordinate Index Table dimensions:    14   13   13
| Direct force subcell size =     5.8633    5.6123    5.5771

     BOX TYPE: RECTILINEAR

--------------------------------------------------------------------------------
   2.  CONTROL  DATA  FOR  THE  RUN
--------------------------------------------------------------------------------

default_name                                                                    

General flags:
     imin    =       0, nmropt  =       0

Nature and format of input:
     ntx     =       1, irest   =       0, ntrx    =       1

Nature and format of output:
     ntxo    =       2, ntpr    =     500, ntrx    =       1, ntwr    =    5000
     iwrap   =       0, ntwx    =     500, ntwv    =       0, ntwe    =       0
     ioutfm  =       1, ntwprt  =       0, idecomp =       0, rbornstat=      0

Potential function:
     ntf     =       2, ntb     =       1, igb     =       0, nsnb    =      25
     ipol    =       0, gbsa    =       0, iesp    =       0
     dielc   =   1.00000, cut     =  10.00000, intdiel =   1.00000

Frozen or restrained atoms:
     ibelly  =       0, ntr     =       1
     restraint_wt =  10.00000

Molecular dynamics:
     nstlim  =     25000, nscm    =         0, nrespa  =         1
     t       =   0.00000, dt      =   0.00200, vlimit  =  20.00000

Langevin dynamics temperature regulation:
     ig      =  903377
     temp0   = 300.00000, tempi   =   0.00000, gamma_ln=   2.00000

SHAKE:
     ntc     =       2, jfastw  =       0
     tol     =   0.00001

| Intermolecular bonds treatment:
|     no_intermolecular_bonds =       1

| Energy averages sample interval:
|     ene_avg_sampling =     500

Ewald parameters:
     verbose =       0, ew_type =       0, nbflag  =       1, use_pme =       1
     vdwmeth =       1, eedmeth =       1, netfrc  =       1
     Box X =   82.086   Box Y =   72.959   Box Z =   72.502
     Alpha =   90.000   Beta  =   90.000   Gamma =   90.000
     NFFT1 =   90       NFFT2 =   75       NFFT3 =   75
     Cutoff=   10.000   Tol   =0.100E-04
     Ewald Coefficient =  0.27511
     Interpolation order =    4

    LOADING THE CONSTRAINED ATOMS AS GROUPS


   5.  REFERENCE ATOM COORDINATES

  default_name                                                                    
     Mask :1-9999&@CA,C,N,O; matches 10884 atoms

--------------------------------------------------------------------------------
   3.  ATOMIC COORDINATES AND VELOCITIES
--------------------------------------------------------------------------------

default_name                                                                    
 begin time read from input coords =     0.000 ps

 
 Number of triangulated 3-point waters found:     9849

     Sum of charges from parm topology file =  -0.00000014
     Forcing neutrality...

| Dynamic Memory, Types Used:
| Reals             1143128
| Integers          1490074

| Nonbonded Pairs Initial Allocation:    10370355

--------------------------------------------------------------------------------
   4.  RESULTS
--------------------------------------------------------------------------------

 ---------------------------------------------------
 APPROXIMATING switch and d/dx switch using CUBIC SPLINE INTERPOLATION
 using   5000.0 points per unit in tabled values
 TESTING RELATIVE ERROR over r ranging from 0.0 to cutoff
| CHECK switch(x): max rel err =   0.3338E-14   at   2.509280
| CHECK d/dx switch(x): max rel err =   0.8155E-11   at   2.730040
 ---------------------------------------------------
|---------------------------------------------------
| APPROXIMATING direct energy using CUBIC SPLINE INTERPOLATION
|  with   50.0 points per unit in tabled values
| Relative Error Limit not exceeded for r .gt.   2.34
| APPROXIMATING direct force using CUBIC SPLINE INTERPOLATION
|  with   50.0 points per unit in tabled values
| Relative Error Limit not exceeded for r .gt.   2.81
|---------------------------------------------------

 NSTEP =        0   TIME(PS) =       0.000  TEMP(K) =     0.00  PRESS =     0.0
 Etot   =   -121127.2446  EKtot   =         0.0000  EPtot      =   -121127.2446
 BOND   =      3629.0569  ANGLE   =      1337.1563  DIHED      =      3398.8491
 1-4 NB =       982.0900  1-4 EEL =     13133.4229  VDWAALS    =      9821.6739
 EELEC  =   -153429.4936  EHBOND  =         0.0000  RESTRAINT  =         0.0000
 Ewald error estimate:   0.7824E-04
 ------------------------------------------------------------------------------


 NSTEP =      500   TIME(PS) =       1.000  TEMP(K) =   257.89  PRESS =     0.0
 Etot   =    -73143.3896  EKtot   =     18179.0762  EPtot      =    -91322.4658
 BOND   =      1861.6920  ANGLE   =      2662.5881  DIHED      =      3826.3475
 1-4 NB =      1070.6664  1-4 EEL =     13003.4430  VDWAALS    =     11120.3006
 EELEC  =   -131248.0539  EHBOND  =         0.0000  RESTRAINT  =      6380.5504
 EAMBER (non-restraint)  =    -97703.0162
 Ewald error estimate:   0.6892E-04
 ------------------------------------------------------------------------------


 NSTEP =     1000   TIME(PS) =       2.000  TEMP(K) =   287.73  PRESS =     0.0
 Etot   =    -68319.2222  EKtot   =     20282.8133  EPtot      =    -88602.0356
 BOND   =      1903.2012  ANGLE   =      2830.4840  DIHED      =      3841.4142
 1-4 NB =      1090.2314  1-4 EEL =     12972.8005  VDWAALS    =     10982.2609
 EELEC  =   -129320.7299  EHBOND  =         0.0000  RESTRAINT  =      7098.3021
 EAMBER (non-restraint)  =    -95700.3377
 Ewald error estimate:   0.8356E-04
 ------------------------------------------------------------------------------


 NSTEP =     1500   TIME(PS) =       3.000  TEMP(K) =   298.80  PRESS =     0.0
 Etot   =    -67117.3144  EKtot   =     21063.1741  EPtot      =    -88180.4885
 BOND   =      1862.3485  ANGLE   =      2921.3175  DIHED      =      3854.9716
 1-4 NB =      1079.3215  1-4 EEL =     13034.0073  VDWAALS    =     11024.4009
 EELEC  =   -129193.1703  EHBOND  =         0.0000  RESTRAINT  =      7236.3146
 EAMBER (non-restraint)  =    -95416.8031
 Ewald error estimate:   0.6910E-04
 ------------------------------------------------------------------------------


 NSTEP =     2000   TIME(PS) =       4.000  TEMP(K) =   299.32  PRESS =     0.0
 Etot   =    -66921.1303  EKtot   =     21099.5503  EPtot      =    -88020.6806
 BOND   =      1969.3718  ANGLE   =      2879.2505  DIHED      =      3792.9968
 1-4 NB =      1093.5507  1-4 EEL =     13059.8072  VDWAALS    =     10995.5103
 EELEC  =   -129196.4540  EHBOND  =         0.0000  RESTRAINT  =      7385.2860
 EAMBER (non-restraint)  =    -95405.9666
 Ewald error estimate:   0.5225E-04
 ------------------------------------------------------------------------------


 NSTEP =     2500   TIME(PS) =       5.000  TEMP(K) =   301.26  PRESS =     0.0
 Etot   =    -66675.7563  EKtot   =     21236.4389  EPtot      =    -87912.1952
 BOND   =      1921.3665  ANGLE   =      2871.6926  DIHED      =      3821.5580
 1-4 NB =      1079.3265  1-4 EEL =     12994.9933  VDWAALS    =     10905.3690
 EELEC  =   -129006.0359  EHBOND  =         0.0000  RESTRAINT  =      7499.5348
 EAMBER (non-restraint)  =    -95411.7300
 Ewald error estimate:   0.8948E-04
 ------------------------------------------------------------------------------


 NSTEP =     3000   TIME(PS) =       6.000  TEMP(K) =   300.15  PRESS =     0.0
 Etot   =    -66732.0911  EKtot   =     21158.2221  EPtot      =    -87890.3132
 BOND   =      1916.9606  ANGLE   =      2952.5230  DIHED      =      3844.5681
 1-4 NB =      1084.4227  1-4 EEL =     13010.3181  VDWAALS    =     11137.6453
 EELEC  =   -129255.6866  EHBOND  =         0.0000  RESTRAINT  =      7418.9357
 EAMBER (non-restraint)  =    -95309.2489
 Ewald error estimate:   0.1260E-03
 ------------------------------------------------------------------------------


 NSTEP =     3500   TIME(PS) =       7.000  TEMP(K) =   299.95  PRESS =     0.0
 Etot   =    -66849.5429  EKtot   =     21144.5597  EPtot      =    -87994.1027
 BOND   =      1919.7868  ANGLE   =      2864.1629  DIHED      =      3876.3245
 1-4 NB =      1104.2922  1-4 EEL =     13044.9267  VDWAALS    =     11073.3723
 EELEC  =   -129278.7098  EHBOND  =         0.0000  RESTRAINT  =      7401.7417
 EAMBER (non-restraint)  =    -95395.8444
 Ewald error estimate:   0.1804E-03
 ------------------------------------------------------------------------------


 NSTEP =     4000   TIME(PS) =       8.000  TEMP(K) =   299.41  PRESS =     0.0
 Etot   =    -66935.4413  EKtot   =     21106.2647  EPtot      =    -88041.7060
 BOND   =      1965.2074  ANGLE   =      2921.9123  DIHED      =      3839.1135
 1-4 NB =      1070.6454  1-4 EEL =     13027.4134  VDWAALS    =     10773.4227
 EELEC  =   -129027.0978  EHBOND  =         0.0000  RESTRAINT  =      7387.6771
 EAMBER (non-restraint)  =    -95429.3832
 Ewald error estimate:   0.6889E-05
 ------------------------------------------------------------------------------


 NSTEP =     4500   TIME(PS) =       9.000  TEMP(K) =   300.24  PRESS =     0.0
 Etot   =    -66961.1647  EKtot   =     21164.9009  EPtot      =    -88126.0656
 BOND   =      1901.0833  ANGLE   =      2899.5820  DIHED      =      3844.5468
 1-4 NB =      1087.5540  1-4 EEL =     13023.0319  VDWAALS    =     10804.0702
 EELEC  =   -129041.9720  EHBOND  =         0.0000  RESTRAINT  =      7356.0382
 EAMBER (non-restraint)  =    -95482.1037
 Ewald error estimate:   0.9359E-04
 ------------------------------------------------------------------------------


 NSTEP =     5000   TIME(PS) =      10.000  TEMP(K) =   298.64  PRESS =     0.0
 Etot   =    -67217.5682  EKtot   =     21052.0460  EPtot      =    -88269.6142
 BOND   =      1851.1003  ANGLE   =      2906.9645  DIHED      =      3826.6296
 1-4 NB =      1096.7938  1-4 EEL =     13020.9990  VDWAALS    =     11104.2314
 EELEC  =   -129505.1395  EHBOND  =         0.0000  RESTRAINT  =      7428.8068
 EAMBER (non-restraint)  =    -95698.4210
 Ewald error estimate:   0.7695E-04
 ------------------------------------------------------------------------------


 NSTEP =     5500   TIME(PS) =      11.000  TEMP(K) =   300.17  PRESS =     0.0
 Etot   =    -67058.6007  EKtot   =     21159.8530  EPtot      =    -88218.4537
 BOND   =      1876.4401  ANGLE   =      2889.8524  DIHED      =      3852.1146
 1-4 NB =      1075.4082  1-4 EEL =     12993.2408  VDWAALS    =     11034.2139
 EELEC  =   -129397.9893  EHBOND  =         0.0000  RESTRAINT  =      7458.2655
 EAMBER (non-restraint)  =    -95676.7192
 Ewald error estimate:   0.9339E-04
 ------------------------------------------------------------------------------


 NSTEP =     6000   TIME(PS) =      12.000  TEMP(K) =   297.70  PRESS =     0.0
 Etot   =    -67059.1312  EKtot   =     20985.5597  EPtot      =    -88044.6908
 BOND   =      1983.5586  ANGLE   =      2889.0021  DIHED      =      3855.2536
 1-4 NB =      1064.6370  1-4 EEL =     13041.2068  VDWAALS    =     11000.2925
 EELEC  =   -129279.0715  EHBOND  =         0.0000  RESTRAINT  =      7400.4300
 EAMBER (non-restraint)  =    -95445.1209
 Ewald error estimate:   0.1208E-03
 ------------------------------------------------------------------------------


 NSTEP =     6500   TIME(PS) =      13.000  TEMP(K) =   299.73  PRESS =     0.0
 Etot   =    -66951.6290  EKtot   =     21128.9749  EPtot      =    -88080.6038
 BOND   =      1975.4881  ANGLE   =      2834.9220  DIHED      =      3844.1847
 1-4 NB =      1069.4713  1-4 EEL =     13009.0848  VDWAALS    =     11008.5234
 EELEC  =   -129323.7582  EHBOND  =         0.0000  RESTRAINT  =      7501.4801
 EAMBER (non-restraint)  =    -95582.0839
 Ewald error estimate:   0.1218E-03
 ------------------------------------------------------------------------------


 NSTEP =     7000   TIME(PS) =      14.000  TEMP(K) =   299.56  PRESS =     0.0
 Etot   =    -67091.2594  EKtot   =     21116.4798  EPtot      =    -88207.7393
 BOND   =      1918.5856  ANGLE   =      2877.7517  DIHED      =      3834.5861
 1-4 NB =      1078.3902  1-4 EEL =     12982.3479  VDWAALS    =     10945.0047
 EELEC  =   -129292.6920  EHBOND  =         0.0000  RESTRAINT  =      7448.2865
 EAMBER (non-restraint)  =    -95656.0257
 Ewald error estimate:   0.7152E-04
 ------------------------------------------------------------------------------


 NSTEP =     7500   TIME(PS) =      15.000  TEMP(K) =   299.71  PRESS =     0.0
 Etot   =    -66863.0683  EKtot   =     21127.5963  EPtot      =    -87990.6646
 BOND   =      1910.1288  ANGLE   =      2907.0578  DIHED      =      3854.9185
 1-4 NB =      1087.8384  1-4 EEL =     13060.1138  VDWAALS    =     10726.7106
 EELEC  =   -129111.0534  EHBOND  =         0.0000  RESTRAINT  =      7573.6208
 EAMBER (non-restraint)  =    -95564.2854
 Ewald error estimate:   0.2615E-04
 ------------------------------------------------------------------------------


 NSTEP =     8000   TIME(PS) =      16.000  TEMP(K) =   299.08  PRESS =     0.0
 Etot   =    -67061.0580  EKtot   =     21082.6415  EPtot      =    -88143.6996
 BOND   =      1959.1513  ANGLE   =      2811.3508  DIHED      =      3876.1147
 1-4 NB =      1076.1414  1-4 EEL =     13008.0117  VDWAALS    =     11028.4530
 EELEC  =   -129318.8863  EHBOND  =         0.0000  RESTRAINT  =      7415.9637
 EAMBER (non-restraint)  =    -95559.6633
 Ewald error estimate:   0.1254E-03
 ------------------------------------------------------------------------------


 NSTEP =     8500   TIME(PS) =      17.000  TEMP(K) =   299.25  PRESS =     0.0
 Etot   =    -67372.4333  EKtot   =     21094.5793  EPtot      =    -88467.0126
 BOND   =      1896.2047  ANGLE   =      2741.3272  DIHED      =      3865.2272
 1-4 NB =      1057.6265  1-4 EEL =     13037.4750  VDWAALS    =     10898.2755
 EELEC  =   -129397.8404  EHBOND  =         0.0000  RESTRAINT  =      7434.6916
 EAMBER (non-restraint)  =    -95901.7042
 Ewald error estimate:   0.1167E-03
 ------------------------------------------------------------------------------


 NSTEP =     9000   TIME(PS) =      18.000  TEMP(K) =   299.96  PRESS =     0.0
 Etot   =    -67026.1677  EKtot   =     21144.6509  EPtot      =    -88170.8186
 BOND   =      1987.7440  ANGLE   =      2815.3481  DIHED      =      3842.4984
 1-4 NB =      1082.7422  1-4 EEL =     13054.0838  VDWAALS    =     10912.8106
 EELEC  =   -129308.1431  EHBOND  =         0.0000  RESTRAINT  =      7442.0974
 EAMBER (non-restraint)  =    -95612.9160
 Ewald error estimate:   0.9068E-04
 ------------------------------------------------------------------------------


 NSTEP =     9500   TIME(PS) =      19.000  TEMP(K) =   297.85  PRESS =     0.0
 Etot   =    -67066.8861  EKtot   =     20996.2082  EPtot      =    -88063.0944
 BOND   =      1995.9015  ANGLE   =      2843.2153  DIHED      =      3904.9144
 1-4 NB =      1106.5006  1-4 EEL =     13062.3027  VDWAALS    =     11206.0315
 EELEC  =   -129593.9282  EHBOND  =         0.0000  RESTRAINT  =      7411.9678
 EAMBER (non-restraint)  =    -95475.0622
 Ewald error estimate:   0.6639E-04
 ------------------------------------------------------------------------------


 NSTEP =    10000   TIME(PS) =      20.000  TEMP(K) =   301.27  PRESS =     0.0
 Etot   =    -67070.8041  EKtot   =     21237.3663  EPtot      =    -88308.1704
 BOND   =      1901.4038  ANGLE   =      2893.4107  DIHED      =      3856.8533
 1-4 NB =      1104.7087  1-4 EEL =     13068.1019  VDWAALS    =     11017.5222
 EELEC  =   -129495.2180  EHBOND  =         0.0000  RESTRAINT  =      7345.0470
 EAMBER (non-restraint)  =    -95653.2174
 Ewald error estimate:   0.8257E-04
 ------------------------------------------------------------------------------


 NSTEP =    10500   TIME(PS) =      21.000  TEMP(K) =   297.26  PRESS =     0.0
 Etot   =    -67102.0330  EKtot   =     20954.8139  EPtot      =    -88056.8469
 BOND   =      1909.0368  ANGLE   =      2868.9700  DIHED      =      3827.3589
 1-4 NB =      1082.4583  1-4 EEL =     13013.3661  VDWAALS    =     11163.6416
 EELEC  =   -129355.2047  EHBOND  =         0.0000  RESTRAINT  =      7433.5261
 EAMBER (non-restraint)  =    -95490.3729
 Ewald error estimate:   0.1525E-04
 ------------------------------------------------------------------------------


 NSTEP =    11000   TIME(PS) =      22.000  TEMP(K) =   299.54  PRESS =     0.0
 Etot   =    -66878.2664  EKtot   =     21115.0280  EPtot      =    -87993.2945
 BOND   =      1920.8315  ANGLE   =      2872.7401  DIHED      =      3866.7708
 1-4 NB =      1073.8548  1-4 EEL =     13077.8582  VDWAALS    =     11035.2108
 EELEC  =   -129305.9710  EHBOND  =         0.0000  RESTRAINT  =      7465.4103
 EAMBER (non-restraint)  =    -95458.7047
 Ewald error estimate:   0.1039E-04
 ------------------------------------------------------------------------------


 NSTEP =    11500   TIME(PS) =      23.000  TEMP(K) =   299.26  PRESS =     0.0
 Etot   =    -67116.2034  EKtot   =     21095.2962  EPtot      =    -88211.4996
 BOND   =      2013.6716  ANGLE   =      2862.6939  DIHED      =      3806.8929
 1-4 NB =      1090.5611  1-4 EEL =     13036.7134  VDWAALS    =     11094.9296
 EELEC  =   -129470.2764  EHBOND  =         0.0000  RESTRAINT  =      7353.3142
 EAMBER (non-restraint)  =    -95564.8137
 Ewald error estimate:   0.6201E-04
 ------------------------------------------------------------------------------


 NSTEP =    12000   TIME(PS) =      24.000  TEMP(K) =   300.68  PRESS =     0.0
 Etot   =    -67151.0100  EKtot   =     21195.7958  EPtot      =    -88346.8058
 BOND   =      1922.2411  ANGLE   =      2888.9720  DIHED      =      3873.0452
 1-4 NB =      1071.2149  1-4 EEL =     12993.8673  VDWAALS    =     11120.2428
 EELEC  =   -129689.6048  EHBOND  =         0.0000  RESTRAINT  =      7473.2157
 EAMBER (non-restraint)  =    -95820.0215
 Ewald error estimate:   0.5427E-04
 ------------------------------------------------------------------------------


 NSTEP =    12500   TIME(PS) =      25.000  TEMP(K) =   299.70  PRESS =     0.0
 Etot   =    -67172.3748  EKtot   =     21126.6940  EPtot      =    -88299.0688
 BOND   =      1967.5385  ANGLE   =      2795.1303  DIHED      =      3845.7554
 1-4 NB =      1049.7562  1-4 EEL =     13000.1490  VDWAALS    =     11119.1265
 EELEC  =   -129525.7918  EHBOND  =         0.0000  RESTRAINT  =      7449.2672
 EAMBER (non-restraint)  =    -95748.3360
 Ewald error estimate:   0.1282E-03
 ------------------------------------------------------------------------------


 NSTEP =    13000   TIME(PS) =      26.000  TEMP(K) =   299.52  PRESS =     0.0
 Etot   =    -67386.5308  EKtot   =     21114.2313  EPtot      =    -88500.7621
 BOND   =      1912.7432  ANGLE   =      2836.1708  DIHED      =      3821.4616
 1-4 NB =      1098.7360  1-4 EEL =     13042.3038  VDWAALS    =     10765.6521
 EELEC  =   -129355.1909  EHBOND  =         0.0000  RESTRAINT  =      7377.3612
 EAMBER (non-restraint)  =    -95878.1233
 Ewald error estimate:   0.6713E-04
 ------------------------------------------------------------------------------


 NSTEP =    13500   TIME(PS) =      27.000  TEMP(K) =   300.38  PRESS =     0.0
 Etot   =    -67102.7886  EKtot   =     21174.7834  EPtot      =    -88277.5720
 BOND   =      1940.9100  ANGLE   =      2865.4606  DIHED      =      3837.1940
 1-4 NB =      1065.3103  1-4 EEL =     12998.7491  VDWAALS    =     10931.3936
 EELEC  =   -129365.4295  EHBOND  =         0.0000  RESTRAINT  =      7448.8400
 EAMBER (non-restraint)  =    -95726.4120
 Ewald error estimate:   0.4878E-04
 ------------------------------------------------------------------------------


 NSTEP =    14000   TIME(PS) =      28.000  TEMP(K) =   297.90  PRESS =     0.0
 Etot   =    -67245.3880  EKtot   =     20999.8443  EPtot      =    -88245.2324
 BOND   =      1951.9085  ANGLE   =      2959.8948  DIHED      =      3878.2341
 1-4 NB =      1069.1921  1-4 EEL =     12983.9439  VDWAALS    =     11098.0070
 EELEC  =   -129555.8355  EHBOND  =         0.0000  RESTRAINT  =      7369.4228
 EAMBER (non-restraint)  =    -95614.6551
 Ewald error estimate:   0.4393E-04
 ------------------------------------------------------------------------------


 NSTEP =    14500   TIME(PS) =      29.000  TEMP(K) =   302.81  PRESS =     0.0
 Etot   =    -66964.8729  EKtot   =     21346.1990  EPtot      =    -88311.0718
 BOND   =      1978.9254  ANGLE   =      2833.7420  DIHED      =      3882.6462
 1-4 NB =      1073.3771  1-4 EEL =     13000.6050  VDWAALS    =     11072.1181
 EELEC  =   -129570.9625  EHBOND  =         0.0000  RESTRAINT  =      7418.4768
 EAMBER (non-restraint)  =    -95729.5486
 Ewald error estimate:   0.5738E-04
 ------------------------------------------------------------------------------


 NSTEP =    15000   TIME(PS) =      30.000  TEMP(K) =   301.42  PRESS =     0.0
 Etot   =    -66810.1715  EKtot   =     21248.1249  EPtot      =    -88058.2964
 BOND   =      1980.1429  ANGLE   =      2910.7197  DIHED      =      3862.1846
 1-4 NB =      1078.4787  1-4 EEL =     13012.9178  VDWAALS    =     10976.4087
 EELEC  =   -129417.2607  EHBOND  =         0.0000  RESTRAINT  =      7538.1119
 EAMBER (non-restraint)  =    -95596.4082
 Ewald error estimate:   0.1917E-03
 ------------------------------------------------------------------------------


 NSTEP =    15500   TIME(PS) =      31.000  TEMP(K) =   299.80  PRESS =     0.0
 Etot   =    -67283.0195  EKtot   =     21133.5605  EPtot      =    -88416.5800
 BOND   =      2008.1339  ANGLE   =      2796.0414  DIHED      =      3829.8988
 1-4 NB =      1070.4815  1-4 EEL =     13019.1318  VDWAALS    =     10803.4272
 EELEC  =   -129307.2167  EHBOND  =         0.0000  RESTRAINT  =      7363.5221
 EAMBER (non-restraint)  =    -95780.1021
 Ewald error estimate:   0.3151E-03
 ------------------------------------------------------------------------------


 NSTEP =    16000   TIME(PS) =      32.000  TEMP(K) =   299.51  PRESS =     0.0
 Etot   =    -67327.8656  EKtot   =     21113.2731  EPtot      =    -88441.1388
 BOND   =      1945.9353  ANGLE   =      2903.6078  DIHED      =      3814.0086
 1-4 NB =      1076.1271  1-4 EEL =     12964.3849  VDWAALS    =     10787.3704
 EELEC  =   -129343.4087  EHBOND  =         0.0000  RESTRAINT  =      7410.8358
 EAMBER (non-restraint)  =    -95851.9746
 Ewald error estimate:   0.7808E-04
 ------------------------------------------------------------------------------


 NSTEP =    16500   TIME(PS) =      33.000  TEMP(K) =   300.30  PRESS =     0.0
 Etot   =    -67041.1095  EKtot   =     21168.7354  EPtot      =    -88209.8449
 BOND   =      1917.1812  ANGLE   =      2895.5697  DIHED      =      3794.0900
 1-4 NB =      1094.0254  1-4 EEL =     13036.5012  VDWAALS    =     10997.7291
 EELEC  =   -129400.6205  EHBOND  =         0.0000  RESTRAINT  =      7455.6789
 EAMBER (non-restraint)  =    -95665.5238
 Ewald error estimate:   0.1576E-03
 ------------------------------------------------------------------------------


 NSTEP =    17000   TIME(PS) =      34.000  TEMP(K) =   299.49  PRESS =     0.0
 Etot   =    -67282.0480  EKtot   =     21112.0676  EPtot      =    -88394.1156
 BOND   =      1943.9578  ANGLE   =      2856.3470  DIHED      =      3831.5588
 1-4 NB =      1077.5347  1-4 EEL =     13030.3367  VDWAALS    =     10914.4278
 EELEC  =   -129406.6367  EHBOND  =         0.0000  RESTRAINT  =      7358.3583
 EAMBER (non-restraint)  =    -95752.4739
 Ewald error estimate:   0.8866E-04
 ------------------------------------------------------------------------------


 NSTEP =    17500   TIME(PS) =      35.000  TEMP(K) =   302.88  PRESS =     0.0
 Etot   =    -66817.8172  EKtot   =     21351.0631  EPtot      =    -88168.8803
 BOND   =      1963.2592  ANGLE   =      2893.7460  DIHED      =      3832.6422
 1-4 NB =      1076.3274  1-4 EEL =     13011.7865  VDWAALS    =     11151.1886
 EELEC  =   -129543.4596  EHBOND  =         0.0000  RESTRAINT  =      7445.6295
 EAMBER (non-restraint)  =    -95614.5097
 Ewald error estimate:   0.7725E-04
 ------------------------------------------------------------------------------


 NSTEP =    18000   TIME(PS) =      36.000  TEMP(K) =   299.64  PRESS =     0.0
 Etot   =    -67369.9513  EKtot   =     21122.0784  EPtot      =    -88492.0297
 BOND   =      1964.3843  ANGLE   =      2898.2056  DIHED      =      3835.1230
 1-4 NB =      1073.7310  1-4 EEL =     13014.7296  VDWAALS    =     11266.8993
 EELEC  =   -130034.2429  EHBOND  =         0.0000  RESTRAINT  =      7489.1405
 EAMBER (non-restraint)  =    -95981.1702
 Ewald error estimate:   0.6245E-04
 ------------------------------------------------------------------------------


 NSTEP =    18500   TIME(PS) =      37.000  TEMP(K) =   296.49  PRESS =     0.0
 Etot   =    -67410.6209  EKtot   =     20900.4447  EPtot      =    -88311.0656
 BOND   =      2005.2552  ANGLE   =      2899.0763  DIHED      =      3845.2169
 1-4 NB =      1065.0171  1-4 EEL =     13039.9367  VDWAALS    =     11015.3481
 EELEC  =   -129576.5468  EHBOND  =         0.0000  RESTRAINT  =      7395.6309
 EAMBER (non-restraint)  =    -95706.6965
 Ewald error estimate:   0.4904E-04
 ------------------------------------------------------------------------------


 NSTEP =    19000   TIME(PS) =      38.000  TEMP(K) =   299.03  PRESS =     0.0
 Etot   =    -67277.3666  EKtot   =     21079.3307  EPtot      =    -88356.6973
 BOND   =      2000.5592  ANGLE   =      2860.6702  DIHED      =      3805.5129
 1-4 NB =      1072.8009  1-4 EEL =     12942.8204  VDWAALS    =     10948.2062
 EELEC  =   -129375.7328  EHBOND  =         0.0000  RESTRAINT  =      7388.4657
 EAMBER (non-restraint)  =    -95745.1630
 Ewald error estimate:   0.1034E-03
 ------------------------------------------------------------------------------


 NSTEP =    19500   TIME(PS) =      39.000  TEMP(K) =   300.17  PRESS =     0.0
 Etot   =    -66984.2995  EKtot   =     21159.5067  EPtot      =    -88143.8063
 BOND   =      1954.9077  ANGLE   =      2838.9945  DIHED      =      3840.1511
 1-4 NB =      1081.9381  1-4 EEL =     13036.0826  VDWAALS    =     10871.2087
 EELEC  =   -129221.3673  EHBOND  =         0.0000  RESTRAINT  =      7454.2783
 EAMBER (non-restraint)  =    -95598.0846
 Ewald error estimate:   0.1493E-03
 ------------------------------------------------------------------------------


 NSTEP =    20000   TIME(PS) =      40.000  TEMP(K) =   297.83  PRESS =     0.0
 Etot   =    -67391.2575  EKtot   =     20995.1587  EPtot      =    -88386.4162
 BOND   =      1936.5144  ANGLE   =      2828.6205  DIHED      =      3833.9736
 1-4 NB =      1078.4633  1-4 EEL =     12982.6519  VDWAALS    =     11058.7375
 EELEC  =   -129623.4786  EHBOND  =         0.0000  RESTRAINT  =      7518.1010
 EAMBER (non-restraint)  =    -95904.5173
 Ewald error estimate:   0.8410E-04
 ------------------------------------------------------------------------------


 NSTEP =    20500   TIME(PS) =      41.000  TEMP(K) =   299.96  PRESS =     0.0
 Etot   =    -67099.0500  EKtot   =     21145.0354  EPtot      =    -88244.0854
 BOND   =      1895.9674  ANGLE   =      2918.5137  DIHED      =      3834.9962
 1-4 NB =      1081.6227  1-4 EEL =     12968.2751  VDWAALS    =     11081.3936
 EELEC  =   -129459.5318  EHBOND  =         0.0000  RESTRAINT  =      7434.6777
 EAMBER (non-restraint)  =    -95678.7631
 Ewald error estimate:   0.5461E-04
 ------------------------------------------------------------------------------


 NSTEP =    21000   TIME(PS) =      42.000  TEMP(K) =   303.52  PRESS =     0.0
 Etot   =    -66863.6300  EKtot   =     21395.5866  EPtot      =    -88259.2166
 BOND   =      1981.9494  ANGLE   =      2921.1626  DIHED      =      3850.1252
 1-4 NB =      1091.1035  1-4 EEL =     12997.1670  VDWAALS    =     11025.3117
 EELEC  =   -129610.6204  EHBOND  =         0.0000  RESTRAINT  =      7484.5844
 EAMBER (non-restraint)  =    -95743.8010
 Ewald error estimate:   0.2742E-04
 ------------------------------------------------------------------------------


 NSTEP =    21500   TIME(PS) =      43.000  TEMP(K) =   300.91  PRESS =     0.0
 Etot   =    -67076.0610  EKtot   =     21212.1889  EPtot      =    -88288.2499
 BOND   =      1932.3500  ANGLE   =      2882.1922  DIHED      =      3844.1705
 1-4 NB =      1072.7033  1-4 EEL =     13003.3132  VDWAALS    =     10947.8085
 EELEC  =   -129363.5109  EHBOND  =         0.0000  RESTRAINT  =      7392.7233
 EAMBER (non-restraint)  =    -95680.9732
 Ewald error estimate:   0.2599E-04
 ------------------------------------------------------------------------------


 NSTEP =    22000   TIME(PS) =      44.000  TEMP(K) =   298.68  PRESS =     0.0
 Etot   =    -67237.3142  EKtot   =     21054.4906  EPtot      =    -88291.8048
 BOND   =      1909.7314  ANGLE   =      2931.3278  DIHED      =      3853.7106
 1-4 NB =      1061.5533  1-4 EEL =     13063.8527  VDWAALS    =     10817.1169
 EELEC  =   -129316.2525  EHBOND  =         0.0000  RESTRAINT  =      7387.1550
 EAMBER (non-restraint)  =    -95678.9598
 Ewald error estimate:   0.3571E-04
 ------------------------------------------------------------------------------


 NSTEP =    22500   TIME(PS) =      45.000  TEMP(K) =   297.04  PRESS =     0.0
 Etot   =    -67348.7718  EKtot   =     20939.2897  EPtot      =    -88288.0615
 BOND   =      1955.2470  ANGLE   =      2897.6597  DIHED      =      3850.1337
 1-4 NB =      1089.0776  1-4 EEL =     13019.0394  VDWAALS    =     11007.0483
 EELEC  =   -129600.6228  EHBOND  =         0.0000  RESTRAINT  =      7494.3556
 EAMBER (non-restraint)  =    -95782.4171
 Ewald error estimate:   0.1249E-03
 ------------------------------------------------------------------------------


 NSTEP =    23000   TIME(PS) =      46.000  TEMP(K) =   301.38  PRESS =     0.0
 Etot   =    -66992.2183  EKtot   =     21245.3693  EPtot      =    -88237.5876
 BOND   =      1909.5242  ANGLE   =      2870.0884  DIHED      =      3849.1083
 1-4 NB =      1073.4026  1-4 EEL =     12985.1523  VDWAALS    =     11074.9892
 EELEC  =   -129433.1365  EHBOND  =         0.0000  RESTRAINT  =      7433.2840
 EAMBER (non-restraint)  =    -95670.8716
 Ewald error estimate:   0.1508E-03
 ------------------------------------------------------------------------------


 NSTEP =    23500   TIME(PS) =      47.000  TEMP(K) =   301.58  PRESS =     0.0
 Etot   =    -66917.5100  EKtot   =     21259.0343  EPtot      =    -88176.5444
 BOND   =      1984.4263  ANGLE   =      2902.9590  DIHED      =      3847.9407
 1-4 NB =      1091.6039  1-4 EEL =     13057.6067  VDWAALS    =     11083.0205
 EELEC  =   -129690.8007  EHBOND  =         0.0000  RESTRAINT  =      7546.6993
 EAMBER (non-restraint)  =    -95723.2437
 Ewald error estimate:   0.1194E-03
 ------------------------------------------------------------------------------


 NSTEP =    24000   TIME(PS) =      48.000  TEMP(K) =   301.03  PRESS =     0.0
 Etot   =    -67258.8397  EKtot   =     21220.1075  EPtot      =    -88478.9472
 BOND   =      1900.2869  ANGLE   =      2811.3621  DIHED      =      3838.4672
 1-4 NB =      1099.3101  1-4 EEL =     13021.0584  VDWAALS    =     10948.3578
 EELEC  =   -129580.5842  EHBOND  =         0.0000  RESTRAINT  =      7482.7944
 EAMBER (non-restraint)  =    -95961.7416
 Ewald error estimate:   0.9389E-04
 ------------------------------------------------------------------------------


 NSTEP =    24500   TIME(PS) =      49.000  TEMP(K) =   299.85  PRESS =     0.0
 Etot   =    -67455.0992  EKtot   =     21137.3423  EPtot      =    -88592.4414
 BOND   =      1917.4213  ANGLE   =      2840.2125  DIHED      =      3829.1258
 1-4 NB =      1081.0922  1-4 EEL =     12965.7057  VDWAALS    =     11165.7865
 EELEC  =   -129738.7179  EHBOND  =         0.0000  RESTRAINT  =      7346.9326
 EAMBER (non-restraint)  =    -95939.3740
 Ewald error estimate:   0.5674E-04
 ------------------------------------------------------------------------------


 NSTEP =    25000   TIME(PS) =      50.000  TEMP(K) =   297.79  PRESS =     0.0
 Etot   =    -67498.8903  EKtot   =     20992.2406  EPtot      =    -88491.1309
 BOND   =      1986.9789  ANGLE   =      2905.6946  DIHED      =      3836.0870
 1-4 NB =      1074.8542  1-4 EEL =     13026.2909  VDWAALS    =     10978.5212
 EELEC  =   -129635.7768  EHBOND  =         0.0000  RESTRAINT  =      7336.2192
 EAMBER (non-restraint)  =    -95827.3501
 Ewald error estimate:   0.9421E-04
 ------------------------------------------------------------------------------


      A V E R A G E S   O V E R      50 S T E P S


 NSTEP =    25000   TIME(PS) =      50.000  TEMP(K) =   298.66  PRESS =     0.0
 Etot   =    -67247.1208  EKtot   =     21053.3534  EPtot      =    -88300.4742
 BOND   =      1939.7729  ANGLE   =      2869.2052  DIHED      =      3843.0544
 1-4 NB =      1079.9196  1-4 EEL =     13017.0801  VDWAALS    =     11000.3810
 EELEC  =   -129449.3085  EHBOND  =         0.0000  RESTRAINT  =      7399.4210
 EAMBER (non-restraint)  =    -95699.8952
 Ewald error estimate:   0.8781E-04
 ------------------------------------------------------------------------------


      R M S  F L U C T U A T I O N S


 NSTEP =    25000   TIME(PS) =      50.000  TEMP(K) =     6.23  PRESS =     0.0
 Etot   =       881.1145  EKtot   =       438.8855  EPtot      =       463.9304
 BOND   =        40.4706  ANGLE   =        51.7113  DIHED      =        21.6132
 1-4 NB =        12.1501  1-4 EEL =        30.1010  VDWAALS    =       120.4369
 EELEC  =       320.5093  EHBOND  =         0.0000  RESTRAINT  =       164.2473
 EAMBER (non-restraint)  =       299.6831
 Ewald error estimate:   0.5285E-04
 ------------------------------------------------------------------------------

--------------------------------------------------------------------------------
   5.  TIMINGS
--------------------------------------------------------------------------------

|  NonSetup CPU Time in Major Routines:
|
|     Routine           Sec        %
|     ------------------------------
|     Nonbond        1537.66   92.39
|     Bond              0.28    0.02
|     Angle             4.12    0.25
|     Dihedral         29.37    1.76
|     Shake             7.95    0.48
|     RunMD            84.90    5.10
|     Other             0.03    0.00
|     ------------------------------
|     Total          1664.31

|  PME Nonbond Pairlist CPU Time:
|
|     Routine              Sec        %
|     ---------------------------------
|     Set Up Cit           1.82    0.11
|     Build List         392.17   23.56
|     ---------------------------------
|     Total              393.99   23.67

|  PME Direct Force CPU Time:
|
|     Routine              Sec        %
|     ---------------------------------
|     NonBonded Calc     915.84   55.03
|     Exclude Masked       9.09    0.55
|     Other               11.74    0.71
|     ---------------------------------
|     Total              936.67   56.28

|  PME Reciprocal Force CPU Time:
|
|     Routine              Sec        %
|     ---------------------------------
|     1D bspline          16.69    1.00
|     Grid Charges        25.47    1.53
|     Scalar Sum           4.79    0.29
|     Gradient Sum        43.99    2.64
|     FFT                115.41    6.93
|     ---------------------------------
|     Total              206.34   12.40

|  Final Performance Info:
|     -----------------------------------------------------
|     Average timings for last       1 steps:
|     Elapsed(s) =       0.00 Per Step(ms) =       0.15
|         ns/day =    1175.73   seconds/ns =      73.49
|
|     Average timings for all steps:
|     Elapsed(s) =    1667.45 Per Step(ms) =      66.70
|         ns/day =       2.59   seconds/ns =   33348.92
|     -----------------------------------------------------

|  Setup CPU time:            0.06 seconds
|  NonSetup CPU time:      1664.31 seconds
|  Total CPU time:         1664.37 seconds     0.46 hours

|  Setup wall time:           0    seconds
|  NonSetup wall time:     1667    seconds
|  Total wall time:        1667    seconds     0.46 hours
