
          -------------------------------------------------------
          Amber 24 PMEMD                              2024
          -------------------------------------------------------

| PMEMD implementation of SANDER, Release 24

|  Compiled date/time: Thu Apr  3 23:55:38 2025
| Run on 11/24/2025 at 18:00:28

|   Executable path: pmemd
| Working directory: /Users/marc/github/Marc-TFG-Files/ambertools
|          Hostname: Unknown
| WARNING: Stack usage limited by a hard resource limit of   67092480 bytes!
|          If segment violations occur, get your sysadmin to increase the limit.
  [-O]verwriting output

File Assignments:
|   MDIN: min.in                                                                
|  MDOUT: min.out                                                               
| INPCRD: complex.inpcrd                                                        
|   PARM: complex.prmtop                                                        
| RESTRT: min.rst                                                               
|   REFC: complex.inpcrd                                                        
|  MDVEL: mdvel                                                                 
|   MDEN: mden                                                                  
|  MDCRD: mdcrd                                                                 
| MDINFO: mdinfo                                                                
|  MDFRC: mdfrc                                                                 


 Here is the input file:

Initial minimization with restraints on protein backbone                       
&cntrl                                                                         
  imin=1, maxcyc=8000, ncyc=4000,                                              
  cut=10.0,                                                                    
  ntb=1,                                                                       
  ntr=1,                                                                       
  restraint_wt=10.0,                                                           
  restraintmask=':1-9999&@CA,C,N,O',                                           
/                                                                              
                                                                               


Note: ig = -1. Setting random seed to       58 based on wallclock time in 
      microseconds.
| irandom = 1, using AMBER's internal random number generator (default).
 
 
| Conditional Compilation Defines Used:
| PUBFFT
| BINTRAJ
| EMIL

| Largest sphere to fit in unit cell has radius =    36.251

| New format PARM file being parsed.
| Version =    1.000 Date = 11/17/25 Time = 16:07:20

| Note: 1-4 EEL scale factors are being read from the topology file.

| Note: 1-4 VDW scale factors are being read from the topology file.
| Duplicated    0 dihedrals

| Duplicated    0 dihedrals

--------------------------------------------------------------------------------
   1.  RESOURCE   USE: 
--------------------------------------------------------------------------------

 getting new box info from bottom of inpcrd
 NATOM  =   34285 NTYPES =      23 NBONH =   31908 MBONA  =    2419
 NTHETH =    5392 MTHETA =    3279 NPHIH =   10774 MPHIA  =   10346
 NHPARM =       0 NPARM  =       0 NNB   =   65583 NRES   =   10161
 NBONA  =    2419 NTHETA =    3279 NPHIA =   10346 NUMBND =      72
 NUMANG =     160 NPTRA  =     183 NATYP =      41 NPHB   =       0
 IFBOX  =       1 NMXRS  =      27 IFCAP =       0 NEXTRA =       0
 NCOPY  =       0

| Coordinate Index Table dimensions:    14   13   13
| Direct force subcell size =     5.8633    5.6123    5.5771

     BOX TYPE: RECTILINEAR

--------------------------------------------------------------------------------
   2.  CONTROL  DATA  FOR  THE  RUN
--------------------------------------------------------------------------------

default_name                                                                    

General flags:
     imin    =       1, nmropt  =       0

Nature and format of input:
     ntx     =       1, irest   =       0, ntrx    =       1

Nature and format of output:
     ntxo    =       2, ntpr    =      50, ntrx    =       1, ntwr    =       1
     iwrap   =       0, ntwx    =       0, ntwv    =       0, ntwe    =       0
     ioutfm  =       1, ntwprt  =       0, idecomp =       0, rbornstat=      0

Potential function:
     ntf     =       1, ntb     =       1, igb     =       0, nsnb    =      25
     ipol    =       0, gbsa    =       0, iesp    =       0
     dielc   =   1.00000, cut     =  10.00000, intdiel =   1.00000

Frozen or restrained atoms:
     ibelly  =       0, ntr     =       1
     restraint_wt =  10.00000

Energy minimization:
     maxcyc  =    8000, ncyc    =    4000, ntmin   =       1
     dx0     =   0.01000, drms    =   0.00010

| Intermolecular bonds treatment:
|     no_intermolecular_bonds =       1

| Energy averages sample interval:
|     ene_avg_sampling =       1

Ewald parameters:
     verbose =       0, ew_type =       0, nbflag  =       1, use_pme =       1
     vdwmeth =       1, eedmeth =       1, netfrc  =       0
     Box X =   82.086   Box Y =   72.959   Box Z =   72.502
     Alpha =   90.000   Beta  =   90.000   Gamma =   90.000
     NFFT1 =   90       NFFT2 =   75       NFFT3 =   75
     Cutoff=   10.000   Tol   =0.100E-04
     Ewald Coefficient =  0.27511
     Interpolation order =    4

    LOADING THE CONSTRAINED ATOMS AS GROUPS


   5.  REFERENCE ATOM COORDINATES

  default_name                                                                    
     Mask :1-9999&@CA,C,N,O; matches 10884 atoms

--------------------------------------------------------------------------------
   3.  ATOMIC COORDINATES AND VELOCITIES
--------------------------------------------------------------------------------

default_name                                                                    
 begin time read from input coords =     0.000 ps

 
 Number of triangulated 3-point waters found:     9849

     Sum of charges from parm topology file =  -0.00000014
     Forcing neutrality...

| Dynamic Memory, Types Used:
| Reals             1037912
| Integers          1485352

| Nonbonded Pairs Initial Allocation:    10370355

--------------------------------------------------------------------------------
   4.  RESULTS
--------------------------------------------------------------------------------

 ---------------------------------------------------
 APPROXIMATING switch and d/dx switch using CUBIC SPLINE INTERPOLATION
 using   5000.0 points per unit in tabled values
 TESTING RELATIVE ERROR over r ranging from 0.0 to cutoff
| CHECK switch(x): max rel err =   0.3338E-14   at   2.509280
| CHECK d/dx switch(x): max rel err =   0.8155E-11   at   2.730040
 ---------------------------------------------------
|---------------------------------------------------
| APPROXIMATING direct energy using CUBIC SPLINE INTERPOLATION
|  with   50.0 points per unit in tabled values
| Relative Error Limit not exceeded for r .gt.   2.34
| APPROXIMATING direct force using CUBIC SPLINE INTERPOLATION
|  with   50.0 points per unit in tabled values
| Relative Error Limit not exceeded for r .gt.   2.81
|---------------------------------------------------


   NSTEP       ENERGY          RMS            GMAX         NAME    NUMBER
      1       2.9115E+05     1.2090E+02     2.0417E+04     C        2262

 BOND    =   376364.9316  ANGLE   =     1328.1222  DIHED      =     5061.5478
 VDWAALS =     7303.7275  EEL     =  -114136.2409  HBOND      =        0.0000
 1-4 VDW =     1391.8421  1-4 EEL =    13840.3133  RESTRAINT  =        0.0000


   NSTEP       ENERGY          RMS            GMAX         NAME    NUMBER
     50      -6.5687E+04     1.0931E+01     1.5429E+03     CA       2242

 BOND    =    30048.9158  ANGLE   =     2749.7668  DIHED      =     4339.7084
 VDWAALS =     6749.7454  EEL     =  -129285.9443  HBOND      =        0.0000
 1-4 VDW =     1268.9032  1-4 EEL =    13513.0640  RESTRAINT  =     4928.6164
 EAMBER  =   -70615.8407


   NSTEP       ENERGY          RMS            GMAX         NAME    NUMBER
    100      -8.6144E+04     1.9670E+00     1.9530E+02     C        2262

 BOND    =    15861.9788  ANGLE   =     2157.9629  DIHED      =     3881.8892
 VDWAALS =     7262.5806  EEL     =  -137895.8003  HBOND      =        0.0000
 1-4 VDW =     1141.9349  1-4 EEL =    13294.6648  RESTRAINT  =     8150.7970
 EAMBER  =   -94294.7891


   NSTEP       ENERGY          RMS            GMAX         NAME    NUMBER
    150      -9.1237E+04     1.3380E+00     1.2400E+02     N        2240

 BOND    =    13274.6467  ANGLE   =     1844.2502  DIHED      =     3711.0599
 VDWAALS =     7665.6458  EEL     =  -141620.4684  HBOND      =        0.0000
 1-4 VDW =     1095.4137  1-4 EEL =    13239.6718  RESTRAINT  =     9552.3739
 EAMBER  =  -100789.7802


   NSTEP       ENERGY          RMS            GMAX         NAME    NUMBER
    200      -9.3442E+04     3.1844E+00     4.9555E+02     C        2238

 BOND    =    12300.3465  ANGLE   =     1782.1078  DIHED      =     3632.5977
 VDWAALS =     7980.7310  EEL     =  -143773.0029  HBOND      =        0.0000
 1-4 VDW =     1076.0965  1-4 EEL =    13224.3719  RESTRAINT  =    10334.5348
 EAMBER  =  -103776.7514


   NSTEP       ENERGY          RMS            GMAX         NAME    NUMBER
    250      -9.4824E+04     1.1560E+00     1.2523E+02     N        2240

 BOND    =    11647.3939  ANGLE   =     1667.8510  DIHED      =     3588.0002
 VDWAALS =     8253.9611  EEL     =  -145121.8922  HBOND      =        0.0000
 1-4 VDW =     1063.0734  1-4 EEL =    13216.2957  RESTRAINT  =    10861.0569
 EAMBER  =  -105685.3169


   NSTEP       ENERGY          RMS            GMAX         NAME    NUMBER
    300      -9.5756E+04     6.2677E-01     6.4188E+01     N        2240

 BOND    =    11273.4362  ANGLE   =     1597.6871  DIHED      =     3554.3275
 VDWAALS =     8461.1765  EEL     =  -146154.9049  HBOND      =        0.0000
 1-4 VDW =     1051.7959  1-4 EEL =    13211.8351  RESTRAINT  =    11248.2043
 EAMBER  =  -107004.6466


   NSTEP       ENERGY          RMS            GMAX         NAME    NUMBER
    350      -9.6381E+04     1.0968E+00     1.7712E+02     C        2238

 BOND    =    11083.0260  ANGLE   =     1527.7317  DIHED      =     3536.7373
 VDWAALS =     8605.1586  EEL     =  -146885.9084  HBOND      =        0.0000
 1-4 VDW =     1040.6598  1-4 EEL =    13208.8480  RESTRAINT  =    11502.7517
 EAMBER  =  -107883.7469


   NSTEP       ENERGY          RMS            GMAX         NAME    NUMBER
    400      -9.6917E+04     4.5182E-01     4.7617E+01     C        2262

 BOND    =    10913.5676  ANGLE   =     1454.1976  DIHED      =     3510.0033
 VDWAALS =     8739.2396  EEL     =  -147531.0674  HBOND      =        0.0000
 1-4 VDW =     1031.4118  1-4 EEL =    13206.1962  RESTRAINT  =    11759.3740
 EAMBER  =  -108676.4514


   NSTEP       ENERGY          RMS            GMAX         NAME    NUMBER
    450      -9.7318E+04     1.1440E+00     1.5780E+02     C        2262

 BOND    =    10793.8090  ANGLE   =     1426.9171  DIHED      =     3501.2445
 VDWAALS =     8861.6128  EEL     =  -148105.9724  HBOND      =        0.0000
 1-4 VDW =     1024.8207  1-4 EEL =    13203.0913  RESTRAINT  =    11976.5906
 EAMBER  =  -109294.4770


   NSTEP       ENERGY          RMS            GMAX         NAME    NUMBER
    500      -9.7641E+04     6.7988E-01     7.1702E+01     C        2262

 BOND    =    10725.0446  ANGLE   =     1397.0264  DIHED      =     3479.8443
 VDWAALS =     8953.9883  EEL     =  -148545.7770  HBOND      =        0.0000
 1-4 VDW =     1019.7627  1-4 EEL =    13200.1999  RESTRAINT  =    12129.0395
 EAMBER  =  -109769.9107


   NSTEP       ENERGY          RMS            GMAX         NAME    NUMBER
    550      -9.7885E+04     1.0622E+00     1.1630E+02     CD        305

 BOND    =    10673.3082  ANGLE   =     1384.4275  DIHED      =     3469.9425
 VDWAALS =     9027.7563  EEL     =  -148914.8223  HBOND      =        0.0000
 1-4 VDW =     1016.0502  1-4 EEL =    13197.1842  RESTRAINT  =    12261.1427
 EAMBER  =  -110146.1534


   NSTEP       ENERGY          RMS            GMAX         NAME    NUMBER
    600      -9.8118E+04     5.9328E-01     6.9662E+01     C        2262

 BOND    =    10628.8985  ANGLE   =     1363.3058  DIHED      =     3460.5025
 VDWAALS =     9091.1081  EEL     =  -149236.8567  HBOND      =        0.0000
 1-4 VDW =     1012.3455  1-4 EEL =    13194.1216  RESTRAINT  =    12368.4614
 EAMBER  =  -110486.5747


   NSTEP       ENERGY          RMS            GMAX         NAME    NUMBER
    650      -9.8295E+04     9.3130E-01     1.0219E+02     CD        305

 BOND    =    10601.8968  ANGLE   =     1358.0640  DIHED      =     3452.6302
 VDWAALS =     9143.5978  EEL     =  -149511.5252  HBOND      =        0.0000
 1-4 VDW =     1009.3950  1-4 EEL =    13191.4007  RESTRAINT  =    12459.4395
 EAMBER  =  -110754.5406


   NSTEP       ENERGY          RMS            GMAX         NAME    NUMBER
    700      -9.8471E+04     4.1640E-01     5.7003E+01     C        2262

 BOND    =    10556.2565  ANGLE   =     1371.4169  DIHED      =     3445.0691
 VDWAALS =     9187.5461  EEL     =  -149760.6920  HBOND      =        0.0000
 1-4 VDW =     1006.8426  1-4 EEL =    13189.1407  RESTRAINT  =    12533.4741
 EAMBER  =  -111004.4201


   NSTEP       ENERGY          RMS            GMAX         NAME    NUMBER
    750      -9.8619E+04     6.7474E-01     8.6118E+01     C        2262

 BOND    =    10544.4639  ANGLE   =     1369.9659  DIHED      =     3440.4325
 VDWAALS =     9229.0713  EEL     =  -149990.2382  HBOND      =        0.0000
 1-4 VDW =     1004.5125  1-4 EEL =    13186.5890  RESTRAINT  =    12596.5777
 EAMBER  =  -111215.2030


   NSTEP       ENERGY          RMS            GMAX         NAME    NUMBER
    800      -9.8762E+04     2.8357E-01     2.5304E+01     C        2262

 BOND    =    10530.0511  ANGLE   =     1352.5402  DIHED      =     3432.2223
 VDWAALS =     9267.7289  EEL     =  -150191.2689  HBOND      =        0.0000
 1-4 VDW =     1002.4472  1-4 EEL =    13183.4738  RESTRAINT  =    12660.5026
 EAMBER  =  -111422.8054


   NSTEP       ENERGY          RMS            GMAX         NAME    NUMBER
    850      -9.8887E+04     1.8439E-01     8.5453E+00     N        2264

 BOND    =    10515.3091  ANGLE   =     1356.2775  DIHED      =     3426.4095
 VDWAALS =     9300.1234  EEL     =  -150374.7175  HBOND      =        0.0000
 1-4 VDW =     1000.4256  1-4 EEL =    13180.5480  RESTRAINT  =    12708.9251
 EAMBER  =  -111595.6243


   NSTEP       ENERGY          RMS            GMAX         NAME    NUMBER
    900      -9.8998E+04     2.6496E-01     2.2772E+01     N        2264

 BOND    =    10506.1351  ANGLE   =     1355.9953  DIHED      =     3421.0704
 VDWAALS =     9328.5256  EEL     =  -150537.8121  HBOND      =        0.0000
 1-4 VDW =      998.5670  1-4 EEL =    13177.6502  RESTRAINT  =    12752.1224
 EAMBER  =  -111749.8685


   NSTEP       ENERGY          RMS            GMAX         NAME    NUMBER
    950      -9.9097E+04     5.2529E-01     6.2895E+01     CG       4444

 BOND    =    10499.8151  ANGLE   =     1357.2639  DIHED      =     3416.3993
 VDWAALS =     9353.2721  EEL     =  -150685.6813  HBOND      =        0.0000
 1-4 VDW =      996.8353  1-4 EEL =    13174.8136  RESTRAINT  =    12790.6756
 EAMBER  =  -111887.2819


   NSTEP       ENERGY          RMS            GMAX         NAME    NUMBER
   1000      -9.9190E+04     1.6764E-01     9.2327E+00     N        2264

 BOND    =    10492.7252  ANGLE   =     1349.4240  DIHED      =     3412.2247
 VDWAALS =     9375.4684  EEL     =  -150814.6572  HBOND      =        0.0000
 1-4 VDW =      995.4070  1-4 EEL =    13172.2872  RESTRAINT  =    12826.6239
 EAMBER  =  -112017.1207


   NSTEP       ENERGY          RMS            GMAX         NAME    NUMBER
   1050      -9.9272E+04     4.3006E-01     4.9747E+01     N        2264

 BOND    =    10489.3466  ANGLE   =     1346.4654  DIHED      =     3409.0617
 VDWAALS =     9395.1154  EEL     =  -150934.5737  HBOND      =        0.0000
 1-4 VDW =      994.0948  1-4 EEL =    13170.0743  RESTRAINT  =    12858.8398
 EAMBER  =  -112130.4155


   NSTEP       ENERGY          RMS            GMAX         NAME    NUMBER
   1100      -9.9351E+04     1.5415E-01     9.7714E+00     N        2264

 BOND    =    10485.8440  ANGLE   =     1346.8952  DIHED      =     3406.7316
 VDWAALS =     9410.8859  EEL     =  -151042.9384  HBOND      =        0.0000
 1-4 VDW =      992.7822  1-4 EEL =    13168.2161  RESTRAINT  =    12880.1011
 EAMBER  =  -112231.5834


   NSTEP       ENERGY          RMS            GMAX         NAME    NUMBER
   1150      -9.9424E+04     3.9246E-01     4.3603E+01     N        2264

 BOND    =    10487.9872  ANGLE   =     1344.4981  DIHED      =     3404.8342
 VDWAALS =     9424.6145  EEL     =  -151143.8431  HBOND      =        0.0000
 1-4 VDW =      991.5432  1-4 EEL =    13166.5014  RESTRAINT  =    12900.0395
 EAMBER  =  -112323.8644


   NSTEP       ENERGY          RMS            GMAX         NAME    NUMBER
   1200      -9.9493E+04     1.3921E-01     6.5998E+00     N        2264

 BOND    =    10480.3712  ANGLE   =     1342.2270  DIHED      =     3402.6006
 VDWAALS =     9435.4240  EEL     =  -151230.6069  HBOND      =        0.0000
 1-4 VDW =      990.6214  1-4 EEL =    13165.0616  RESTRAINT  =    12921.5767
 EAMBER  =  -112414.3011


   NSTEP       ENERGY          RMS            GMAX         NAME    NUMBER
   1250      -9.9556E+04     3.2731E-01     3.4493E+01     CG       4444

 BOND    =    10477.3715  ANGLE   =     1339.5738  DIHED      =     3400.5335
 VDWAALS =     9445.7942  EEL     =  -151315.5016  HBOND      =        0.0000
 1-4 VDW =      989.7072  1-4 EEL =    13163.6535  RESTRAINT  =    12942.5501
 EAMBER  =  -112498.8681


   NSTEP       ENERGY          RMS            GMAX         NAME    NUMBER
   1300      -9.9611E+04     5.2543E-01     7.3743E+01     CG       4444

 BOND    =    10475.2738  ANGLE   =     1338.8282  DIHED      =     3398.6876
 VDWAALS =     9455.9801  EEL     =  -151394.0029  HBOND      =        0.0000
 1-4 VDW =      988.9070  1-4 EEL =    13162.4238  RESTRAINT  =    12962.9348
 EAMBER  =  -112573.9024


   NSTEP       ENERGY          RMS            GMAX         NAME    NUMBER
   1350      -9.9667E+04     2.7204E-01     3.2895E+01     N        2264

 BOND    =    10472.8232  ANGLE   =     1337.2008  DIHED      =     3397.5988
 VDWAALS =     9466.2478  EEL     =  -151468.4793  HBOND      =        0.0000
 1-4 VDW =      988.1779  1-4 EEL =    13161.2736  RESTRAINT  =    12978.4670
 EAMBER  =  -112645.1573


   NSTEP       ENERGY          RMS            GMAX         NAME    NUMBER
   1400      -9.9718E+04     1.1657E-01     6.3156E+00     N        2264

 BOND    =    10466.3295  ANGLE   =     1336.0589  DIHED      =     3396.0637
 VDWAALS =     9477.0642  EEL     =  -151541.3952  HBOND      =        0.0000
 1-4 VDW =      987.7577  1-4 EEL =    13160.1816  RESTRAINT  =    13000.3427
 EAMBER  =  -112717.9395


   NSTEP       ENERGY          RMS            GMAX         NAME    NUMBER
   1450      -9.9763E+04     1.6115E-01     1.4544E+01     N        2264

 BOND    =    10463.1198  ANGLE   =     1335.2844  DIHED      =     3395.2076
 VDWAALS =     9487.4643  EEL     =  -151609.9643  HBOND      =        0.0000
 1-4 VDW =      987.4000  1-4 EEL =    13159.1139  RESTRAINT  =    13018.9419
 EAMBER  =  -112782.3743


   NSTEP       ENERGY          RMS            GMAX         NAME    NUMBER
   1500      -9.9806E+04     1.1054E-01     6.3013E+00     N        2264

 BOND    =    10463.2309  ANGLE   =     1334.1985  DIHED      =     3394.8901
 VDWAALS =     9497.7557  EEL     =  -151674.3480  HBOND      =        0.0000
 1-4 VDW =      987.0632  1-4 EEL =    13158.1721  RESTRAINT  =    13033.3921
 EAMBER  =  -112839.0375


   NSTEP       ENERGY          RMS            GMAX         NAME    NUMBER
   1550      -9.9845E+04     1.4864E-01     1.3987E+01     N        2264

 BOND    =    10463.4034  ANGLE   =     1333.5032  DIHED      =     3394.6995
 VDWAALS =     9508.4281  EEL     =  -151736.1105  HBOND      =        0.0000
 1-4 VDW =      986.7873  1-4 EEL =    13157.2593  RESTRAINT  =    13047.4238
 EAMBER  =  -112892.0297


   NSTEP       ENERGY          RMS            GMAX         NAME    NUMBER
   1600      -9.9879E+04     3.1421E-01     5.0876E+01     CG        166

 BOND    =    10465.5677  ANGLE   =     1332.9674  DIHED      =     3394.5120
 VDWAALS =     9518.6862  EEL     =  -151792.8745  HBOND      =        0.0000
 1-4 VDW =      986.5363  1-4 EEL =    13156.5355  RESTRAINT  =    13059.4045
 EAMBER  =  -112938.0692


   NSTEP       ENERGY          RMS            GMAX         NAME    NUMBER
   1650      -9.9912E+04     1.5397E-01     1.7021E+01     N        2264

 BOND    =    10463.0426  ANGLE   =     1332.8151  DIHED      =     3394.0302
 VDWAALS =     9527.6136  EEL     =  -151844.1645  HBOND      =        0.0000
 1-4 VDW =      986.3503  1-4 EEL =    13155.6492  RESTRAINT  =    13072.6298
 EAMBER  =  -112984.6636


   NSTEP       ENERGY          RMS            GMAX         NAME    NUMBER
   1700      -9.9941E+04     2.4918E-01     2.9336E+01     N        2264

 BOND    =    10463.9497  ANGLE   =     1332.7280  DIHED      =     3393.8714
 VDWAALS =     9536.1185  EEL     =  -151891.2833  HBOND      =        0.0000
 1-4 VDW =      986.1599  1-4 EEL =    13154.8856  RESTRAINT  =    13082.9215
 EAMBER  =  -113023.5702


   NSTEP       ENERGY          RMS            GMAX         NAME    NUMBER
   1750      -9.9968E+04     8.8571E-02     5.1479E+00     N        2264

 BOND    =    10466.5657  ANGLE   =     1331.8231  DIHED      =     3394.0749
 VDWAALS =     9544.5082  EEL     =  -151934.8144  HBOND      =        0.0000
 1-4 VDW =      985.9514  1-4 EEL =    13154.3511  RESTRAINT  =    13089.6408
 EAMBER  =  -113057.5401


   NSTEP       ENERGY          RMS            GMAX         NAME    NUMBER
   1800      -9.9994E+04     1.3686E-01     1.4919E+01     N        2264

 BOND    =    10468.3014  ANGLE   =     1331.4278  DIHED      =     3394.1474
 VDWAALS =     9552.9021  EEL     =  -151977.5516  HBOND      =        0.0000
 1-4 VDW =      985.7886  1-4 EEL =    13153.8583  RESTRAINT  =    13097.5136
 EAMBER  =  -113091.1259


   NSTEP       ENERGY          RMS            GMAX         NAME    NUMBER
   1850      -1.0002E+05     3.2603E-01     3.5677E+01     N        2264

 BOND    =    10472.0941  ANGLE   =     1330.7303  DIHED      =     3394.2927
 VDWAALS =     9561.1302  EEL     =  -152018.0692  HBOND      =        0.0000
 1-4 VDW =      985.6445  1-4 EEL =    13153.6015  RESTRAINT  =    13103.9585
 EAMBER  =  -113120.5759


   NSTEP       ENERGY          RMS            GMAX         NAME    NUMBER
   1900      -1.0004E+05     1.4246E-01     1.3888E+01     N        2264

 BOND    =    10468.0205  ANGLE   =     1331.1650  DIHED      =     3393.9434
 VDWAALS =     9568.4115  EEL     =  -152054.5842  HBOND      =        0.0000
 1-4 VDW =      985.6225  1-4 EEL =    13153.2938  RESTRAINT  =    13113.5081
 EAMBER  =  -113154.1273


   NSTEP       ENERGY          RMS            GMAX         NAME    NUMBER
   1950      -1.0006E+05     2.7930E-01     3.3216E+01     CG        166

 BOND    =    10467.9752  ANGLE   =     1331.6888  DIHED      =     3393.8940
 VDWAALS =     9575.5693  EEL     =  -152089.4989  HBOND      =        0.0000
 1-4 VDW =      985.5737  1-4 EEL =    13153.1297  RESTRAINT  =    13120.2753
 EAMBER  =  -113181.6684


   NSTEP       ENERGY          RMS            GMAX         NAME    NUMBER
   2000      -1.0008E+05     1.1701E-01     1.0306E+01     N        2264

 BOND    =    10470.3151  ANGLE   =     1330.1692  DIHED      =     3394.1629
 VDWAALS =     9581.9759  EEL     =  -152122.0961  HBOND      =        0.0000
 1-4 VDW =      985.3794  1-4 EEL =    13152.7152  RESTRAINT  =    13123.7887
 EAMBER  =  -113207.3783


   NSTEP       ENERGY          RMS            GMAX         NAME    NUMBER
   2050      -1.0010E+05     2.3301E-01     3.0148E+01     CG        166

 BOND    =    10471.7663  ANGLE   =     1329.7166  DIHED      =     3394.2583
 VDWAALS =     9588.1744  EEL     =  -152154.0109  HBOND      =        0.0000
 1-4 VDW =      985.3093  1-4 EEL =    13152.5875  RESTRAINT  =    13128.5680
 EAMBER  =  -113232.1984


   NSTEP       ENERGY          RMS            GMAX         NAME    NUMBER
   2100      -1.0012E+05     7.9694E-02     4.0229E+00     N        2264

 BOND    =    10468.5758  ANGLE   =     1330.5363  DIHED      =     3394.1552
 VDWAALS =     9593.8044  EEL     =  -152184.2302  HBOND      =        0.0000
 1-4 VDW =      985.2742  1-4 EEL =    13152.3303  RESTRAINT  =    13135.0381
 EAMBER  =  -113259.5540


   NSTEP       ENERGY          RMS            GMAX         NAME    NUMBER
   2150      -1.0014E+05     1.8851E-01     2.0391E+01     N        2264

 BOND    =    10466.8137  ANGLE   =     1331.2758  DIHED      =     3394.0992
 VDWAALS =     9599.7381  EEL     =  -152215.2774  HBOND      =        0.0000
 1-4 VDW =      985.2566  1-4 EEL =    13152.1021  RESTRAINT  =    13141.3472
 EAMBER  =  -113285.9920


   NSTEP       ENERGY          RMS            GMAX         NAME    NUMBER
   2200      -1.0016E+05     8.9512E-02     7.0631E+00     N        2264

 BOND    =    10468.0108  ANGLE   =     1329.9083  DIHED      =     3394.2526
 VDWAALS =     9605.3778  EEL     =  -152244.1269  HBOND      =        0.0000
 1-4 VDW =      985.1604  1-4 EEL =    13151.7459  RESTRAINT  =    13145.2605
 EAMBER  =  -113309.6711


   NSTEP       ENERGY          RMS            GMAX         NAME    NUMBER
   2250      -1.0018E+05     1.2993E-01     1.1632E+01     N        2264

 BOND    =    10467.4138  ANGLE   =     1329.5408  DIHED      =     3394.2425
 VDWAALS =     9611.2335  EEL     =  -152272.4909  HBOND      =        0.0000
 1-4 VDW =      985.1204  1-4 EEL =    13151.4529  RESTRAINT  =    13150.4329
 EAMBER  =  -113333.4870


   NSTEP       ENERGY          RMS            GMAX         NAME    NUMBER
   2300      -1.0020E+05     7.3675E-02     4.6622E+00     N        2264

 BOND    =    10464.8045  ANGLE   =     1329.9196  DIHED      =     3394.0856
 VDWAALS =     9616.8687  EEL     =  -152298.8849  HBOND      =        0.0000
 1-4 VDW =      985.0830  1-4 EEL =    13151.1185  RESTRAINT  =    13156.2106
 EAMBER  =  -113357.0051


   NSTEP       ENERGY          RMS            GMAX         NAME    NUMBER
   2350      -1.0022E+05     9.1718E-02     7.1659E+00     N        2264

 BOND    =    10463.5359  ANGLE   =     1329.9685  DIHED      =     3394.0288
 VDWAALS =     9622.1997  EEL     =  -152323.8581  HBOND      =        0.0000
 1-4 VDW =      985.0157  1-4 EEL =    13150.7564  RESTRAINT  =    13160.8954
 EAMBER  =  -113378.3532


   NSTEP       ENERGY          RMS            GMAX         NAME    NUMBER
   2400      -1.0023E+05     2.0360E-01     2.0406E+01     N        2264

 BOND    =    10462.1755  ANGLE   =     1330.4108  DIHED      =     3393.9423
 VDWAALS =     9627.0147  EEL     =  -152346.9585  HBOND      =        0.0000
 1-4 VDW =      984.9689  1-4 EEL =    13150.4166  RESTRAINT  =    13165.4698
 EAMBER  =  -113398.0297


   NSTEP       ENERGY          RMS            GMAX         NAME    NUMBER
   2450      -1.0025E+05     1.1246E-01     1.0823E+01     N        2264

 BOND    =    10465.3017  ANGLE   =     1328.2688  DIHED      =     3394.0835
 VDWAALS =     9631.3395  EEL     =  -152368.2850  HBOND      =        0.0000
 1-4 VDW =      984.8662  1-4 EEL =    13150.1717  RESTRAINT  =    13166.6711
 EAMBER  =  -113414.2535


   NSTEP       ENERGY          RMS            GMAX         NAME    NUMBER
   2500      -1.0026E+05     1.7901E-01     1.7250E+01     CG        166

 BOND    =    10466.1353  ANGLE   =     1327.4546  DIHED      =     3394.1313
 VDWAALS =     9635.2907  EEL     =  -152388.5918  HBOND      =        0.0000
 1-4 VDW =      984.7808  1-4 EEL =    13149.9083  RESTRAINT  =    13169.3893
 EAMBER  =  -113430.8908


   NSTEP       ENERGY          RMS            GMAX         NAME    NUMBER
   2550      -1.0028E+05     6.1199E-02     2.5608E+00     H1      26118

 BOND    =    10463.6684  ANGLE   =     1327.9267  DIHED      =     3394.0404
 VDWAALS =     9639.1690  EEL     =  -152408.0859  HBOND      =        0.0000
 1-4 VDW =      984.7367  1-4 EEL =    13149.8292  RESTRAINT  =    13173.2318
 EAMBER  =  -113448.7155


   NSTEP       ENERGY          RMS            GMAX         NAME    NUMBER
   2600      -1.0029E+05     1.5965E-01     1.5378E+01     N        2264

 BOND    =    10462.2730  ANGLE   =     1328.2898  DIHED      =     3393.9623
 VDWAALS =     9642.8794  EEL     =  -152426.8104  HBOND      =        0.0000
 1-4 VDW =      984.6519  1-4 EEL =    13149.6827  RESTRAINT  =    13176.7957
 EAMBER  =  -113465.0713


   NSTEP       ENERGY          RMS            GMAX         NAME    NUMBER
   2650      -1.0030E+05     2.4796E-01     3.8325E+01     CG        166

 BOND    =    10462.0837  ANGLE   =     1327.9590  DIHED      =     3393.9277
 VDWAALS =     9646.0304  EEL     =  -152443.8173  HBOND      =        0.0000
 1-4 VDW =      984.4945  1-4 EEL =    13149.2779  RESTRAINT  =    13179.6994
 EAMBER  =  -113480.0442


   NSTEP       ENERGY          RMS            GMAX         NAME    NUMBER
   2700      -1.0031E+05     9.0984E-02     7.5240E+00     N        2264

 BOND    =    10463.6351  ANGLE   =     1325.7588  DIHED      =     3393.9812
 VDWAALS =     9649.2841  EEL     =  -152461.1247  HBOND      =        0.0000
 1-4 VDW =      984.3516  1-4 EEL =    13149.0369  RESTRAINT  =    13181.3674
 EAMBER  =  -113495.0769


   NSTEP       ENERGY          RMS            GMAX         NAME    NUMBER
   2750      -1.0033E+05     5.9457E-02     3.2155E+00     H1      19911

 BOND    =    10461.6768  ANGLE   =     1325.8550  DIHED      =     3393.8880
 VDWAALS =     9652.0082  EEL     =  -152476.8862  HBOND      =        0.0000
 1-4 VDW =      984.2326  1-4 EEL =    13148.7316  RESTRAINT  =    13184.7109
 EAMBER  =  -113510.4939


   NSTEP       ENERGY          RMS            GMAX         NAME    NUMBER
   2800      -1.0034E+05     5.9405E-02     3.1524E+00     H1      19911

 BOND    =    10460.7148  ANGLE   =     1325.3152  DIHED      =     3393.8301
 VDWAALS =     9654.4289  EEL     =  -152492.2394  HBOND      =        0.0000
 1-4 VDW =      984.1016  1-4 EEL =    13148.4128  RESTRAINT  =    13187.6531
 EAMBER  =  -113525.4360


   NSTEP       ENERGY          RMS            GMAX         NAME    NUMBER
   2850      -1.0035E+05     1.8258E-01     2.0610E+01     CG        166

 BOND    =    10458.4586  ANGLE   =     1325.6691  DIHED      =     3393.7045
 VDWAALS =     9656.7060  EEL     =  -152507.5351  HBOND      =        0.0000
 1-4 VDW =      983.9930  1-4 EEL =    13148.1679  RESTRAINT  =    13191.4255
 EAMBER  =  -113540.8359


   NSTEP       ENERGY          RMS            GMAX         NAME    NUMBER
   2900      -1.0036E+05     5.8907E-02     2.7058E+00     H1      19911

 BOND    =    10458.7273  ANGLE   =     1323.8197  DIHED      =     3393.6932
 VDWAALS =     9658.5548  EEL     =  -152521.8794  HBOND      =        0.0000
 1-4 VDW =      983.8149  1-4 EEL =    13147.7275  RESTRAINT  =    13193.8020
 EAMBER  =  -113555.5419


   NSTEP       ENERGY          RMS            GMAX         NAME    NUMBER
   2950      -1.0037E+05     1.3451E-01     1.3754E+01     N        2264

 BOND    =    10458.5088  ANGLE   =     1322.5327  DIHED      =     3393.6327
 VDWAALS =     9660.3710  EEL     =  -152535.9930  HBOND      =        0.0000
 1-4 VDW =      983.6448  1-4 EEL =    13147.3461  RESTRAINT  =    13196.8565
 EAMBER  =  -113569.9569


   NSTEP       ENERGY          RMS            GMAX         NAME    NUMBER
   3000      -1.0038E+05     2.1582E-01     2.8498E+01     CG        166

 BOND    =    10457.3483  ANGLE   =     1321.7035  DIHED      =     3393.5102
 VDWAALS =     9662.2388  EEL     =  -152549.7968  HBOND      =        0.0000
 1-4 VDW =      983.4876  1-4 EEL =    13147.0886  RESTRAINT  =    13200.5905
 EAMBER  =  -113584.4198


   NSTEP       ENERGY          RMS            GMAX         NAME    NUMBER
   3050      -1.0040E+05     9.2392E-02     7.8413E+00     CG        166

 BOND    =    10451.5395  ANGLE   =     1322.6161  DIHED      =     3393.2603
 VDWAALS =     9663.7335  EEL     =  -152562.5395  HBOND      =        0.0000
 1-4 VDW =      983.2801  1-4 EEL =    13146.7090  RESTRAINT  =    13206.0705
 EAMBER  =  -113601.4010


   NSTEP       ENERGY          RMS            GMAX         NAME    NUMBER
   3100      -1.0041E+05     1.8101E-01     2.7995E+01     CG        166

 BOND    =    10448.0943  ANGLE   =     1322.4629  DIHED      =     3393.0775
 VDWAALS =     9665.0065  EEL     =  -152575.3540  HBOND      =        0.0000
 1-4 VDW =      983.0013  1-4 EEL =    13146.3284  RESTRAINT  =    13211.1748
 EAMBER  =  -113617.3832


   NSTEP       ENERGY          RMS            GMAX         NAME    NUMBER
   3150      -1.0042E+05     7.9020E-02     6.2408E+00     Na+      4729

 BOND    =    10446.1359  ANGLE   =     1320.7199  DIHED      =     3392.9650
 VDWAALS =     9666.0384  EEL     =  -152589.2512  HBOND      =        0.0000
 1-4 VDW =      982.6527  1-4 EEL =    13146.0494  RESTRAINT  =    13215.7426
 EAMBER  =  -113634.6899


   NSTEP       ENERGY          RMS            GMAX         NAME    NUMBER
   3200      -1.0043E+05     1.1022E-01     9.5505E+00     C        2296

 BOND    =    10442.1597  ANGLE   =     1320.2912  DIHED      =     3392.8030
 VDWAALS =     9668.2993  EEL     =  -152607.0392  HBOND      =        0.0000
 1-4 VDW =      982.2545  1-4 EEL =    13145.7498  RESTRAINT  =    13221.4791
 EAMBER  =  -113655.4817


   NSTEP       ENERGY          RMS            GMAX         NAME    NUMBER
   3250      -1.0045E+05     2.0631E-01     2.2442E+01     C        2296

 BOND    =    10438.6468  ANGLE   =     1319.1062  DIHED      =     3392.5726
 VDWAALS =     9672.6527  EEL     =  -152622.4966  HBOND      =        0.0000
 1-4 VDW =      982.0018  1-4 EEL =    13145.5750  RESTRAINT  =    13226.6506
 EAMBER  =  -113671.9414


   NSTEP       ENERGY          RMS            GMAX         NAME    NUMBER
   3300      -1.0046E+05     1.3403E-01     1.2752E+01     CG        166

 BOND    =    10430.2551  ANGLE   =     1321.1882  DIHED      =     3392.2362
 VDWAALS =     9675.0489  EEL     =  -152634.2726  HBOND      =        0.0000
 1-4 VDW =      981.7302  1-4 EEL =    13145.4427  RESTRAINT  =    13232.9567
 EAMBER  =  -113688.3713


   NSTEP       ENERGY          RMS            GMAX         NAME    NUMBER
   3350      -1.0046E+05     4.9327E-02     2.1722E+00     C        2296

 BOND    =    10427.6400  ANGLE   =     1320.0722  DIHED      =     3392.0572
 VDWAALS =     9677.0366  EEL     =  -152645.3113  HBOND      =        0.0000
 1-4 VDW =      981.4702  1-4 EEL =    13145.2020  RESTRAINT  =    13237.3052
 EAMBER  =  -113701.8330


   NSTEP       ENERGY          RMS            GMAX         NAME    NUMBER
   3400      -1.0047E+05     1.0545E-01     1.0831E+01     C        2296

 BOND    =    10425.1071  ANGLE   =     1319.6094  DIHED      =     3391.8967
 VDWAALS =     9678.7765  EEL     =  -152655.4608  HBOND      =        0.0000
 1-4 VDW =      981.2507  1-4 EEL =    13144.8990  RESTRAINT  =    13241.5232
 EAMBER  =  -113713.9214


   NSTEP       ENERGY          RMS            GMAX         NAME    NUMBER
   3450      -1.0048E+05     1.5808E-01     1.5177E+01     C        2296

 BOND    =    10422.6063  ANGLE   =     1319.6143  DIHED      =     3391.7586
 VDWAALS =     9680.3906  EEL     =  -152665.1248  HBOND      =        0.0000
 1-4 VDW =      981.0742  1-4 EEL =    13144.5739  RESTRAINT  =    13245.4536
 EAMBER  =  -113725.1068


   NSTEP       ENERGY          RMS            GMAX         NAME    NUMBER
   3500      -1.0049E+05     6.9782E-02     6.3892E+00     C        2296

 BOND    =    10417.0193  ANGLE   =     1321.5474  DIHED      =     3391.5633
 VDWAALS =     9682.0939  EEL     =  -152674.4956  HBOND      =        0.0000
 1-4 VDW =      980.9623  1-4 EEL =    13144.3949  RESTRAINT  =    13250.0778
 EAMBER  =  -113736.9146


   NSTEP       ENERGY          RMS            GMAX         NAME    NUMBER
   3550      -1.0049E+05     4.3634E-02     1.9759E+00     C        2296

 BOND    =    10415.6608  ANGLE   =     1321.2480  DIHED      =     3391.4609
 VDWAALS =     9683.5847  EEL     =  -152683.7412  HBOND      =        0.0000
 1-4 VDW =      980.8553  1-4 EEL =    13144.0970  RESTRAINT  =    13253.1438
 EAMBER  =  -113746.8345


   NSTEP       ENERGY          RMS            GMAX         NAME    NUMBER
   3600      -1.0050E+05     4.2195E-02     2.0738E+00     Na+      4733

 BOND    =    10413.7155  ANGLE   =     1321.6298  DIHED      =     3391.3599
 VDWAALS =     9685.0410  EEL     =  -152692.8255  HBOND      =        0.0000
 1-4 VDW =      980.7725  1-4 EEL =    13143.8325  RESTRAINT  =    13256.2106
 EAMBER  =  -113756.4743


   NSTEP       ENERGY          RMS            GMAX         NAME    NUMBER
   3650      -1.0051E+05     1.1244E-01     1.1282E+01     C        2296

 BOND    =    10413.5127  ANGLE   =     1321.2102  DIHED      =     3391.2995
 VDWAALS =     9686.3061  EEL     =  -152701.7195  HBOND      =        0.0000
 1-4 VDW =      980.6931  1-4 EEL =    13143.5267  RESTRAINT  =    13258.5903
 EAMBER  =  -113765.1712


   NSTEP       ENERGY          RMS            GMAX         NAME    NUMBER
   3700      -1.0051E+05     1.6594E-01     1.6535E+01     C        2296

 BOND    =    10413.1524  ANGLE   =     1321.1450  DIHED      =     3391.2488
 VDWAALS =     9687.5638  EEL     =  -152710.8804  HBOND      =        0.0000
 1-4 VDW =      980.6456  1-4 EEL =    13143.3405  RESTRAINT  =    13260.9008
 EAMBER  =  -113773.7843


   NSTEP       ENERGY          RMS            GMAX         NAME    NUMBER
   3750      -1.0052E+05     7.3333E-02     6.1408E+00     C        2296

 BOND    =    10409.0939  ANGLE   =     1323.2029  DIHED      =     3391.1724
 VDWAALS =     9688.7599  EEL     =  -152720.1577  HBOND      =        0.0000
 1-4 VDW =      980.6012  1-4 EEL =    13143.1481  RESTRAINT  =    13264.0937
 EAMBER  =  -113784.1793


   NSTEP       ENERGY          RMS            GMAX         NAME    NUMBER
   3800      -1.0053E+05     1.3825E-01     1.4819E+01     C        2296

 BOND    =    10407.3423  ANGLE   =     1324.1844  DIHED      =     3391.1350
 VDWAALS =     9690.3889  EEL     =  -152729.8866  HBOND      =        0.0000
 1-4 VDW =      980.5608  1-4 EEL =    13142.9527  RESTRAINT  =    13266.6789
 EAMBER  =  -113793.3225


   NSTEP       ENERGY          RMS            GMAX         NAME    NUMBER
   3850      -1.0053E+05     7.7465E-02     7.6396E+00     C        2296

 BOND    =    10408.9633  ANGLE   =     1322.6930  DIHED      =     3391.1707
 VDWAALS =     9692.3469  EEL     =  -152739.5913  HBOND      =        0.0000
 1-4 VDW =      980.5081  1-4 EEL =    13142.6902  RESTRAINT  =    13267.9629
 EAMBER  =  -113801.2191


   NSTEP       ENERGY          RMS            GMAX         NAME    NUMBER
   3900      -1.0054E+05     1.1837E-01     1.1323E+01     C        2296

 BOND    =    10408.7273  ANGLE   =     1322.6977  DIHED      =     3391.1887
 VDWAALS =     9694.3195  EEL     =  -152748.7138  HBOND      =        0.0000
 1-4 VDW =      980.4686  1-4 EEL =    13142.4573  RESTRAINT  =    13269.7959
 EAMBER  =  -113808.8546


   NSTEP       ENERGY          RMS            GMAX         NAME    NUMBER
   3950      -1.0054E+05     4.2478E-02     2.3246E+00     C        2296

 BOND    =    10406.1319  ANGLE   =     1323.9761  DIHED      =     3391.1669
 VDWAALS =     9696.3769  EEL     =  -152757.4593  HBOND      =        0.0000
 1-4 VDW =      980.4607  1-4 EEL =    13142.3305  RESTRAINT  =    13272.2409
 EAMBER  =  -113817.0163


   NSTEP       ENERGY          RMS            GMAX         NAME    NUMBER
   4000      -1.0055E+05     9.9885E-02     1.0406E+01     C        2296

 BOND    =    10404.4315  ANGLE   =     1324.8658  DIHED      =     3391.1585
 VDWAALS =     9698.4620  EEL     =  -152766.3280  HBOND      =        0.0000
 1-4 VDW =      980.4483  1-4 EEL =    13142.1392  RESTRAINT  =    13274.5030
 EAMBER  =  -113824.8226


   NSTEP       ENERGY          RMS            GMAX         NAME    NUMBER
   4050      -1.0061E+05     1.3335E-01     8.0696E+00     CG        166

 BOND    =    10388.9302  ANGLE   =     1329.0525  DIHED      =     3391.1382
 VDWAALS =     9725.3638  EEL     =  -152869.7855  HBOND      =        0.0000
 1-4 VDW =      980.5769  1-4 EEL =    13139.1743  RESTRAINT  =    13304.4474
 EAMBER  =  -113915.5496


   NSTEP       ENERGY          RMS            GMAX         NAME    NUMBER
   4100      -1.0063E+05     1.1282E-01     6.0020E+00     HG3       692

 BOND    =    10387.0127  ANGLE   =     1331.0511  DIHED      =     3391.8629
 VDWAALS =     9729.8643  EEL     =  -152900.9243  HBOND      =        0.0000
 1-4 VDW =      980.5560  1-4 EEL =    13137.4259  RESTRAINT  =    13309.9797
 EAMBER  =  -113943.1513


   NSTEP       ENERGY          RMS            GMAX         NAME    NUMBER
   4150      -1.0066E+05     9.0529E-02     5.5760E+00     OG       3974

 BOND    =    10386.2062  ANGLE   =     1329.4484  DIHED      =     3391.1893
 VDWAALS =     9734.5932  EEL     =  -152934.1308  HBOND      =        0.0000
 1-4 VDW =      981.2359  1-4 EEL =    13136.9892  RESTRAINT  =    13315.5063
 EAMBER  =  -113974.4684


   NSTEP       ENERGY          RMS            GMAX         NAME    NUMBER
   4200      -1.0068E+05     1.3225E-01     8.2759E+00     O       28022

 BOND    =    10384.4370  ANGLE   =     1330.8838  DIHED      =     3391.1735
 VDWAALS =     9738.6434  EEL     =  -152963.3519  HBOND      =        0.0000
 1-4 VDW =      981.1026  1-4 EEL =    13136.4257  RESTRAINT  =    13318.5929
 EAMBER  =  -114000.6860


   NSTEP       ENERGY          RMS            GMAX         NAME    NUMBER
   4250      -1.0071E+05     1.6927E-01     9.8627E+00     HB3       689

 BOND    =    10384.9885  ANGLE   =     1330.4485  DIHED      =     3391.7609
 VDWAALS =     9741.0391  EEL     =  -152990.5964  HBOND      =        0.0000
 1-4 VDW =      980.9903  1-4 EEL =    13135.9249  RESTRAINT  =    13320.3137
 EAMBER  =  -114025.4443


   NSTEP       ENERGY          RMS            GMAX         NAME    NUMBER
   4300      -1.0072E+05     8.4850E-02     4.9700E+00     CB       3971

 BOND    =    10380.6582  ANGLE   =     1330.4291  DIHED      =     3392.1711
 VDWAALS =     9745.6271  EEL     =  -153013.7890  HBOND      =        0.0000
 1-4 VDW =      980.8211  1-4 EEL =    13134.9114  RESTRAINT  =    13325.2556
 EAMBER  =  -114049.1709


   NSTEP       ENERGY          RMS            GMAX         NAME    NUMBER
   4350      -1.0074E+05     1.0527E-01     6.0984E+00     C        2262

 BOND    =    10377.1165  ANGLE   =     1330.0058  DIHED      =     3392.5686
 VDWAALS =     9749.9306  EEL     =  -153032.2357  HBOND      =        0.0000
 1-4 VDW =      980.7526  1-4 EEL =    13134.5111  RESTRAINT  =    13330.6909
 EAMBER  =  -114067.3506


   NSTEP       ENERGY          RMS            GMAX         NAME    NUMBER
   4400      -1.0075E+05     1.5593E-01     8.1734E+00     C        2262

 BOND    =    10367.5430  ANGLE   =     1329.7869  DIHED      =     3392.3077
 VDWAALS =     9755.2557  EEL     =  -153051.1471  HBOND      =        0.0000
 1-4 VDW =      980.6950  1-4 EEL =    13134.3015  RESTRAINT  =    13336.9146
 EAMBER  =  -114091.2572


   NSTEP       ENERGY          RMS            GMAX         NAME    NUMBER
   4450      -1.0078E+05     1.3594E-01     6.7527E+00     C        2262

 BOND    =    10364.9452  ANGLE   =     1329.8752  DIHED      =     3391.0089
 VDWAALS =     9750.8479  EEL     =  -153062.1991  HBOND      =        0.0000
 1-4 VDW =      980.4166  1-4 EEL =    13134.1435  RESTRAINT  =    13331.3835
 EAMBER  =  -114110.9618


   NSTEP       ENERGY          RMS            GMAX         NAME    NUMBER
   4500      -1.0079E+05     1.0825E-01     5.6414E+00     CG        690

 BOND    =    10373.5391  ANGLE   =     1330.8754  DIHED      =     3390.2643
 VDWAALS =     9749.8435  EEL     =  -153072.2534  HBOND      =        0.0000
 1-4 VDW =      980.2066  1-4 EEL =    13133.6635  RESTRAINT  =    13319.8834
 EAMBER  =  -114113.8610


   NSTEP       ENERGY          RMS            GMAX         NAME    NUMBER
   4550      -1.0081E+05     9.8920E-02     6.2207E+00     CG        690

 BOND    =    10379.4869  ANGLE   =     1332.8559  DIHED      =     3390.0956
 VDWAALS =     9752.5126  EEL     =  -153085.6741  HBOND      =        0.0000
 1-4 VDW =      980.1462  1-4 EEL =    13133.2095  RESTRAINT  =    13312.3670
 EAMBER  =  -114117.3675


   NSTEP       ENERGY          RMS            GMAX         NAME    NUMBER
   4600      -1.0081E+05     9.8065E-02     5.8871E+00     CG        166

 BOND    =    10380.6821  ANGLE   =     1334.5847  DIHED      =     3390.3559
 VDWAALS =     9755.8571  EEL     =  -153098.3398  HBOND      =        0.0000
 1-4 VDW =      980.2172  1-4 EEL =    13132.8643  RESTRAINT  =    13310.0151
 EAMBER  =  -114123.7786


   NSTEP       ENERGY          RMS            GMAX         NAME    NUMBER
   4650      -1.0082E+05     3.8035E-02     1.9436E+00     H2      12238

 BOND    =    10384.6922  ANGLE   =     1334.6178  DIHED      =     3390.5917
 VDWAALS =     9759.6452  EEL     =  -153113.0551  HBOND      =        0.0000
 1-4 VDW =      980.3005  1-4 EEL =    13132.3595  RESTRAINT  =    13307.4605
 EAMBER  =  -114130.8483


   NSTEP       ENERGY          RMS            GMAX         NAME    NUMBER
   4700      -1.0083E+05     8.0303E-02     4.5998E+00     O       20072

 BOND    =    10389.6582  ANGLE   =     1335.5600  DIHED      =     3391.2577
 VDWAALS =     9763.8554  EEL     =  -153129.2071  HBOND      =        0.0000
 1-4 VDW =      980.5074  1-4 EEL =    13131.7733  RESTRAINT  =    13302.4872
 EAMBER  =  -114136.5951


   NSTEP       ENERGY          RMS            GMAX         NAME    NUMBER
   4750      -1.0084E+05     7.0876E-02     3.5486E+00     OE2       695

 BOND    =    10391.4890  ANGLE   =     1336.6136  DIHED      =     3392.3625
 VDWAALS =     9765.9866  EEL     =  -153138.4047  HBOND      =        0.0000
 1-4 VDW =      980.5240  1-4 EEL =    13131.0824  RESTRAINT  =    13300.7305
 EAMBER  =  -114140.3465


   NSTEP       ENERGY          RMS            GMAX         NAME    NUMBER
   4800      -1.0085E+05     8.6953E-02     4.3738E+00     OE2       695

 BOND    =    10393.0320  ANGLE   =     1337.8773  DIHED      =     3394.5148
 VDWAALS =     9769.1012  EEL     =  -153150.0293  HBOND      =        0.0000
 1-4 VDW =      980.5207  1-4 EEL =    13130.5012  RESTRAINT  =    13299.3603
 EAMBER  =  -114144.4822


   NSTEP       ENERGY          RMS            GMAX         NAME    NUMBER
   4850      -1.0085E+05     9.3429E-02     4.7032E+00     OE2       695

 BOND    =    10393.4688  ANGLE   =     1338.3380  DIHED      =     3394.4958
 VDWAALS =     9772.9693  EEL     =  -153159.1674  HBOND      =        0.0000
 1-4 VDW =      980.6020  1-4 EEL =    13130.0283  RESTRAINT  =    13298.3399
 EAMBER  =  -114149.2650


   NSTEP       ENERGY          RMS            GMAX         NAME    NUMBER
   4900      -1.0086E+05     9.7199E-02     4.9807E+00     CG       2305

 BOND    =    10394.7270  ANGLE   =     1337.8618  DIHED      =     3393.1273
 VDWAALS =     9775.5477  EEL     =  -153165.9251  HBOND      =        0.0000
 1-4 VDW =      980.6471  1-4 EEL =    13129.8670  RESTRAINT  =    13297.0732
 EAMBER  =  -114154.1471


   NSTEP       ENERGY          RMS            GMAX         NAME    NUMBER
   4950      -1.0086E+05     1.1930E-01     7.9376E+00     C        2262

 BOND    =    10396.3970  ANGLE   =     1337.4463  DIHED      =     3392.0018
 VDWAALS =     9777.4625  EEL     =  -153173.1700  HBOND      =        0.0000
 1-4 VDW =      980.6934  1-4 EEL =    13129.7664  RESTRAINT  =    13295.6007
 EAMBER  =  -114159.4026


   NSTEP       ENERGY          RMS            GMAX         NAME    NUMBER
   5000      -1.0087E+05     9.4327E-02     5.1900E+00     C        2262

 BOND    =    10396.5229  ANGLE   =     1338.6941  DIHED      =     3391.0325
 VDWAALS =     9780.4382  EEL     =  -153185.0195  HBOND      =        0.0000
 1-4 VDW =      980.8083  1-4 EEL =    13129.1874  RESTRAINT  =    13295.6002
 EAMBER  =  -114168.3360


   NSTEP       ENERGY          RMS            GMAX         NAME    NUMBER
   5050      -1.0088E+05     6.3107E-02     2.6402E+00     O       19865

 BOND    =    10396.2349  ANGLE   =     1339.6221  DIHED      =     3390.6090
 VDWAALS =     9783.5783  EEL     =  -153197.4231  HBOND      =        0.0000
 1-4 VDW =      980.8446  1-4 EEL =    13128.8334  RESTRAINT  =    13296.5779
 EAMBER  =  -114177.7007


   NSTEP       ENERGY          RMS            GMAX         NAME    NUMBER
   5100      -1.0089E+05     6.8580E-02     4.6942E+00     C        2262

 BOND    =    10396.6190  ANGLE   =     1339.4964  DIHED      =     3390.3644
 VDWAALS =     9786.5547  EEL     =  -153207.1135  HBOND      =        0.0000
 1-4 VDW =      980.8602  1-4 EEL =    13129.0375  RESTRAINT  =    13297.6948
 EAMBER  =  -114184.1813


   NSTEP       ENERGY          RMS            GMAX         NAME    NUMBER
   5150      -1.0089E+05     4.1745E-02     2.5394E+00     C        2262

 BOND    =    10396.0954  ANGLE   =     1339.8176  DIHED      =     3390.2099
 VDWAALS =     9787.9687  EEL     =  -153212.6115  HBOND      =        0.0000
 1-4 VDW =      980.8999  1-4 EEL =    13129.1443  RESTRAINT  =    13298.7819
 EAMBER  =  -114188.4756


   NSTEP       ENERGY          RMS            GMAX         NAME    NUMBER
   5200      -1.0089E+05     4.8719E-02     3.4110E+00     C        2262

 BOND    =    10394.9217  ANGLE   =     1340.2317  DIHED      =     3390.2201
 VDWAALS =     9788.9707  EEL     =  -153218.1831  HBOND      =        0.0000
 1-4 VDW =      980.9020  1-4 EEL =    13129.3276  RESTRAINT  =    13300.6894
 EAMBER  =  -114193.6093


   NSTEP       ENERGY          RMS            GMAX         NAME    NUMBER
   5250      -1.0090E+05     2.9804E-02     1.7667E+00     CZ       3185

 BOND    =    10395.0716  ANGLE   =     1340.2870  DIHED      =     3390.2709
 VDWAALS =     9789.4660  EEL     =  -153223.3334  HBOND      =        0.0000
 1-4 VDW =      980.9326  1-4 EEL =    13129.4474  RESTRAINT  =    13301.5947
 EAMBER  =  -114197.8580


   NSTEP       ENERGY          RMS            GMAX         NAME    NUMBER
   5300      -1.0090E+05     3.3517E-02     2.2751E+00     H1      12198

 BOND    =    10394.1742  ANGLE   =     1340.4879  DIHED      =     3390.3331
 VDWAALS =     9789.9345  EEL     =  -153232.0590  HBOND      =        0.0000
 1-4 VDW =      980.9913  1-4 EEL =    13129.6899  RESTRAINT  =    13304.1931
 EAMBER  =  -114206.4482


   NSTEP       ENERGY          RMS            GMAX         NAME    NUMBER
   5350      -1.0091E+05     6.9291E-02     5.1442E+00     H1      12198

 BOND    =    10394.3630  ANGLE   =     1340.5298  DIHED      =     3390.3478
 VDWAALS =     9790.7993  EEL     =  -153240.5755  HBOND      =        0.0000
 1-4 VDW =      981.0790  1-4 EEL =    13129.9053  RESTRAINT  =    13305.8019
 EAMBER  =  -114213.5514


   NSTEP       ENERGY          RMS            GMAX         NAME    NUMBER
   5400      -1.0091E+05     7.2679E-02     3.8328E+00     NH1      3186

 BOND    =    10393.9040  ANGLE   =     1340.3717  DIHED      =     3390.3327
 VDWAALS =     9791.5577  EEL     =  -153245.0554  HBOND      =        0.0000
 1-4 VDW =      981.0813  1-4 EEL =    13129.9788  RESTRAINT  =    13306.6757
 EAMBER  =  -114217.8292


   NSTEP       ENERGY          RMS            GMAX         NAME    NUMBER
   5450      -1.0092E+05     9.6063E-02     4.3760E+00     C        2219

 BOND    =    10394.2163  ANGLE   =     1340.6995  DIHED      =     3390.0284
 VDWAALS =     9792.3030  EEL     =  -153251.1609  HBOND      =        0.0000
 1-4 VDW =      980.9883  1-4 EEL =    13130.0543  RESTRAINT  =    13307.5314
 EAMBER  =  -114222.8710


   NSTEP       ENERGY          RMS            GMAX         NAME    NUMBER
   5500      -1.0092E+05     7.3077E-02     6.0581E+00     CG        166

 BOND    =    10394.0085  ANGLE   =     1341.1145  DIHED      =     3389.6473
 VDWAALS =     9792.3903  EEL     =  -153256.6153  HBOND      =        0.0000
 1-4 VDW =      980.8342  1-4 EEL =    13130.2273  RESTRAINT  =    13308.1414
 EAMBER  =  -114228.3931


   NSTEP       ENERGY          RMS            GMAX         NAME    NUMBER
   5550      -1.0092E+05     7.1292E-02     3.7647E+00     CG       4116

 BOND    =    10394.7547  ANGLE   =     1341.0928  DIHED      =     3389.1264
 VDWAALS =     9791.8212  EEL     =  -153260.6620  HBOND      =        0.0000
 1-4 VDW =      980.7553  1-4 EEL =    13130.2664  RESTRAINT  =    13308.4915
 EAMBER  =  -114232.8452


   NSTEP       ENERGY          RMS            GMAX         NAME    NUMBER
   5600      -1.0093E+05     6.9180E-02     3.9805E+00     C        2262

 BOND    =    10393.5496  ANGLE   =     1341.5616  DIHED      =     3389.0916
 VDWAALS =     9791.7774  EEL     =  -153264.9715  HBOND      =        0.0000
 1-4 VDW =      980.5915  1-4 EEL =    13130.4003  RESTRAINT  =    13309.9853
 EAMBER  =  -114237.9994


   NSTEP       ENERGY          RMS            GMAX         NAME    NUMBER
   5650      -1.0093E+05     6.4963E-02     3.3939E+00     C        2262

 BOND    =    10394.0890  ANGLE   =     1341.4952  DIHED      =     3389.0550
 VDWAALS =     9791.5447  EEL     =  -153268.5826  HBOND      =        0.0000
 1-4 VDW =      980.6162  1-4 EEL =    13130.5682  RESTRAINT  =    13310.4180
 EAMBER  =  -114241.2142


   NSTEP       ENERGY          RMS            GMAX         NAME    NUMBER
   5700      -1.0093E+05     2.2223E-01     2.6323E+01     H2      20815

 BOND    =    10399.6425  ANGLE   =     1341.4951  DIHED      =     3389.3940
 VDWAALS =     9791.0847  EEL     =  -153274.5763  HBOND      =        0.0000
 1-4 VDW =      980.6699  1-4 EEL =    13130.2229  RESTRAINT  =    13308.7225
 EAMBER  =  -114242.0674


   NSTEP       ENERGY          RMS            GMAX         NAME    NUMBER
   5750      -1.0094E+05     1.4398E-01     1.5662E+01     CG        166

 BOND    =    10393.6321  ANGLE   =     1342.9361  DIHED      =     3389.8081
 VDWAALS =     9791.5212  EEL     =  -153283.9148  HBOND      =        0.0000
 1-4 VDW =      981.0892  1-4 EEL =    13130.7551  RESTRAINT  =    13313.4068
 EAMBER  =  -114254.1730


   NSTEP       ENERGY          RMS            GMAX         NAME    NUMBER
   5800      -1.0095E+05     1.0215E-01     8.8486E+00     H1      19473

 BOND    =    10398.0293  ANGLE   =     1342.3504  DIHED      =     3390.3376
 VDWAALS =     9793.6679  EEL     =  -153295.5680  HBOND      =        0.0000
 1-4 VDW =      981.2092  1-4 EEL =    13130.7529  RESTRAINT  =    13313.6062
 EAMBER  =  -114259.2207


   NSTEP       ENERGY          RMS            GMAX         NAME    NUMBER
   5850      -1.0095E+05     3.8232E-02     1.7386E+00     C        2262

 BOND    =    10395.1268  ANGLE   =     1342.0410  DIHED      =     3390.7564
 VDWAALS =     9793.5634  EEL     =  -153296.2920  HBOND      =        0.0000
 1-4 VDW =      981.2130  1-4 EEL =    13131.0569  RESTRAINT  =    13314.6408
 EAMBER  =  -114262.5345


   NSTEP       ENERGY          RMS            GMAX         NAME    NUMBER
   5900      -1.0095E+05     3.9976E-02     2.2039E+00     HE2       624

 BOND    =    10395.2667  ANGLE   =     1342.2767  DIHED      =     3391.0246
 VDWAALS =     9794.2296  EEL     =  -153299.9726  HBOND      =        0.0000
 1-4 VDW =      981.2946  1-4 EEL =    13131.1386  RESTRAINT  =    13314.9749
 EAMBER  =  -114264.7418


   NSTEP       ENERGY          RMS            GMAX         NAME    NUMBER
   5950      -1.0095E+05     4.8005E-02     3.3203E+00     CG       4116

 BOND    =    10395.1201  ANGLE   =     1342.6733  DIHED      =     3391.2784
 VDWAALS =     9794.7418  EEL     =  -153303.1461  HBOND      =        0.0000
 1-4 VDW =      981.3915  1-4 EEL =    13131.0317  RESTRAINT  =    13315.3210
 EAMBER  =  -114266.9093


   NSTEP       ENERGY          RMS            GMAX         NAME    NUMBER
   6000      -1.0096E+05     1.2980E-01     7.3861E+00     H2      29659

 BOND    =    10398.0316  ANGLE   =     1342.4657  DIHED      =     3391.6794
 VDWAALS =     9795.8061  EEL     =  -153309.8210  HBOND      =        0.0000
 1-4 VDW =      981.6555  1-4 EEL =    13130.7921  RESTRAINT  =    13314.2005
 EAMBER  =  -114269.3907


   NSTEP       ENERGY          RMS            GMAX         NAME    NUMBER
   6050      -1.0096E+05     7.5221E-02     5.7256E+00     CG       4116

 BOND    =    10397.2051  ANGLE   =     1342.3107  DIHED      =     3392.4240
 VDWAALS =     9801.0379  EEL     =  -153322.4596  HBOND      =        0.0000
 1-4 VDW =      981.6767  1-4 EEL =    13130.8862  RESTRAINT  =    13316.0014
 EAMBER  =  -114276.9190


   NSTEP       ENERGY          RMS            GMAX         NAME    NUMBER
   6100      -1.0096E+05     5.5263E-02     3.0361E+00     CG       4403

 BOND    =    10396.9791  ANGLE   =     1342.2489  DIHED      =     3392.8834
 VDWAALS =     9802.4572  EEL     =  -153326.8879  HBOND      =        0.0000
 1-4 VDW =      981.8104  1-4 EEL =    13130.4142  RESTRAINT  =    13316.5442
 EAMBER  =  -114280.0947


   NSTEP       ENERGY          RMS            GMAX         NAME    NUMBER
   6150      -1.0097E+05     5.4612E-02     2.4158E+00     CG       4403

 BOND    =    10397.2032  ANGLE   =     1342.0444  DIHED      =     3393.4506
 VDWAALS =     9802.7431  EEL     =  -153330.3317  HBOND      =        0.0000
 1-4 VDW =      982.0150  1-4 EEL =    13129.9008  RESTRAINT  =    13317.4572
 EAMBER  =  -114282.9747


   NSTEP       ENERGY          RMS            GMAX         NAME    NUMBER
   6200      -1.0097E+05     8.6654E-02     7.7799E+00     H2      33379

 BOND    =    10396.5041  ANGLE   =     1342.7197  DIHED      =     3394.0869
 VDWAALS =     9804.3870  EEL     =  -153335.6104  HBOND      =        0.0000
 1-4 VDW =      982.1345  1-4 EEL =    13130.2886  RESTRAINT  =    13318.6370
 EAMBER  =  -114285.4896


   NSTEP       ENERGY          RMS            GMAX         NAME    NUMBER
   6250      -1.0097E+05     5.3005E-02     4.0470E+00     O       29813

 BOND    =    10395.9362  ANGLE   =     1342.3719  DIHED      =     3394.2742
 VDWAALS =     9805.6031  EEL     =  -153337.5898  HBOND      =        0.0000
 1-4 VDW =      981.9163  1-4 EEL =    13129.6731  RESTRAINT  =    13319.4720
 EAMBER  =  -114287.8150


   NSTEP       ENERGY          RMS            GMAX         NAME    NUMBER
   6300      -1.0097E+05     6.0191E-02     3.5824E+00     CD       4406

 BOND    =    10395.1961  ANGLE   =     1343.0978  DIHED      =     3393.5676
 VDWAALS =     9806.7699  EEL     =  -153341.5907  HBOND      =        0.0000
 1-4 VDW =      981.8205  1-4 EEL =    13129.9138  RESTRAINT  =    13320.9671
 EAMBER  =  -114291.2250


   NSTEP       ENERGY          RMS            GMAX         NAME    NUMBER
   6350      -1.0097E+05     1.4908E-01     1.3674E+01     H2      29815

 BOND    =    10398.3859  ANGLE   =     1343.6945  DIHED      =     3392.5748
 VDWAALS =     9807.9346  EEL     =  -153351.0524  HBOND      =        0.0000
 1-4 VDW =      981.7148  1-4 EEL =    13130.5384  RESTRAINT  =    13322.7702
 EAMBER  =  -114296.2094


   NSTEP       ENERGY          RMS            GMAX         NAME    NUMBER
   6400      -1.0098E+05     7.9901E-02     5.8300E+00     C        2262

 BOND    =    10398.4602  ANGLE   =     1343.1818  DIHED      =     3393.4909
 VDWAALS =     9808.7365  EEL     =  -153355.8387  HBOND      =        0.0000
 1-4 VDW =      981.9917  1-4 EEL =    13131.1438  RESTRAINT  =    13322.7278
 EAMBER  =  -114298.8338


   NSTEP       ENERGY          RMS            GMAX         NAME    NUMBER
   6450      -1.0098E+05     6.1798E-02     4.7134E+00     CG       4116

 BOND    =    10398.2046  ANGLE   =     1343.5449  DIHED      =     3393.8605
 VDWAALS =     9808.3324  EEL     =  -153358.7315  HBOND      =        0.0000
 1-4 VDW =      981.8879  1-4 EEL =    13131.3662  RESTRAINT  =    13323.9677
 EAMBER  =  -114301.5349


   NSTEP       ENERGY          RMS            GMAX         NAME    NUMBER
   6500      -1.0098E+05     2.3470E-02     1.3252E+00     HZ2       628

 BOND    =    10397.1819  ANGLE   =     1344.1451  DIHED      =     3394.0124
 VDWAALS =     9807.8702  EEL     =  -153359.4467  HBOND      =        0.0000
 1-4 VDW =      981.9248  1-4 EEL =    13131.0011  RESTRAINT  =    13324.7217
 EAMBER  =  -114303.3111


   NSTEP       ENERGY          RMS            GMAX         NAME    NUMBER
   6550      -1.0098E+05     1.8337E-02     1.2824E+00     CE        623

 BOND    =    10397.5307  ANGLE   =     1344.3968  DIHED      =     3395.1441
 VDWAALS =     9806.8974  EEL     =  -153365.0938  HBOND      =        0.0000
 1-4 VDW =      981.9133  1-4 EEL =    13131.7389  RESTRAINT  =    13326.3703
 EAMBER  =  -114307.4726


   NSTEP       ENERGY          RMS            GMAX         NAME    NUMBER
   6600      -1.0098E+05     2.2392E-02     3.1177E+00     CG       4116

 BOND    =    10397.6779  ANGLE   =     1344.6448  DIHED      =     3396.5904
 VDWAALS =     9808.3102  EEL     =  -153373.3999  HBOND      =        0.0000
 1-4 VDW =      981.9339  1-4 EEL =    13132.5806  RESTRAINT  =    13328.0489
 EAMBER  =  -114311.6621


   NSTEP       ENERGY          RMS            GMAX         NAME    NUMBER
   6650      -1.0098E+05     2.7534E-02     1.6203E+00     HZ3       629

 BOND    =    10397.7910  ANGLE   =     1344.3940  DIHED      =     3397.4116
 VDWAALS =     9808.8073  EEL     =  -153376.4085  HBOND      =        0.0000
 1-4 VDW =      981.9546  1-4 EEL =    13132.8470  RESTRAINT  =    13328.4249
 EAMBER  =  -114313.2029


   NSTEP       ENERGY          RMS            GMAX         NAME    NUMBER
   6700      -1.0099E+05     7.5344E-02     5.1617E+00     H1      19068

 BOND    =    10399.3454  ANGLE   =     1344.0327  DIHED      =     3398.8653
 VDWAALS =     9811.2376  EEL     =  -153385.0809  HBOND      =        0.0000
 1-4 VDW =      982.0991  1-4 EEL =    13134.8154  RESTRAINT  =    13328.1040
 EAMBER  =  -114314.6854


   NSTEP       ENERGY          RMS            GMAX         NAME    NUMBER
   6750      -1.0099E+05     6.8105E-02     5.4916E+00     CD       3486

 BOND    =    10398.3577  ANGLE   =     1343.6983  DIHED      =     3399.2399
 VDWAALS =     9810.6663  EEL     =  -153386.6289  HBOND      =        0.0000
 1-4 VDW =      982.1833  1-4 EEL =    13135.0374  RESTRAINT  =    13327.9506
 EAMBER  =  -114317.4460


   NSTEP       ENERGY          RMS            GMAX         NAME    NUMBER
   6800      -1.0099E+05     9.2216E-02     9.2932E+00     CD       4406

 BOND    =    10398.2137  ANGLE   =     1343.3041  DIHED      =     3399.5787
 VDWAALS =     9812.2777  EEL     =  -153390.2244  HBOND      =        0.0000
 1-4 VDW =      981.6896  1-4 EEL =    13134.3623  RESTRAINT  =    13329.0042
 EAMBER  =  -114320.7982


   NSTEP       ENERGY          RMS            GMAX         NAME    NUMBER
   6850      -1.0100E+05     5.8534E-02     3.1494E+00     O       15545

 BOND    =    10397.6895  ANGLE   =     1342.7349  DIHED      =     3399.2578
 VDWAALS =     9812.7116  EEL     =  -153394.4756  HBOND      =        0.0000
 1-4 VDW =      981.5834  1-4 EEL =    13134.6569  RESTRAINT  =    13330.0047
 EAMBER  =  -114325.8414


   NSTEP       ENERGY          RMS            GMAX         NAME    NUMBER
   6900      -1.0100E+05     7.0961E-02     3.9731E+00     C        2262

 BOND    =    10397.8345  ANGLE   =     1342.8909  DIHED      =     3398.4883
 VDWAALS =     9814.6239  EEL     =  -153399.3345  HBOND      =        0.0000
 1-4 VDW =      981.3869  1-4 EEL =    13134.6085  RESTRAINT  =    13330.3127
 EAMBER  =  -114329.5015


   NSTEP       ENERGY          RMS            GMAX         NAME    NUMBER
   6950      -1.0100E+05     6.3143E-02     4.5000E+00     CG       4116

 BOND    =    10399.2019  ANGLE   =     1342.1835  DIHED      =     3397.7893
 VDWAALS =     9816.1495  EEL     =  -153403.2788  HBOND      =        0.0000
 1-4 VDW =      981.3934  1-4 EEL =    13134.5890  RESTRAINT  =    13330.0199
 EAMBER  =  -114331.9722


   NSTEP       ENERGY          RMS            GMAX         NAME    NUMBER
   7000      -1.0100E+05     8.2243E-02     7.9913E+00     CA       4398

 BOND    =    10397.0847  ANGLE   =     1344.0145  DIHED      =     3397.0724
 VDWAALS =     9818.4739  EEL     =  -153408.5389  HBOND      =        0.0000
 1-4 VDW =      981.6197  1-4 EEL =    13134.5460  RESTRAINT  =    13331.7518
 EAMBER  =  -114335.7276


   NSTEP       ENERGY          RMS            GMAX         NAME    NUMBER
   7050      -1.0100E+05     2.2207E-02     1.9063E+00     CG       4116

 BOND    =    10399.0408  ANGLE   =     1342.5095  DIHED      =     3396.9101
 VDWAALS =     9817.9947  EEL     =  -153408.9735  HBOND      =        0.0000
 1-4 VDW =      981.7781  1-4 EEL =    13135.0575  RESTRAINT  =    13330.7034
 EAMBER  =  -114335.6827


   NSTEP       ENERGY          RMS            GMAX         NAME    NUMBER
   7100      -1.0101E+05     1.7835E-02     1.8889E+00     H1      30114

 BOND    =    10398.5581  ANGLE   =     1342.4526  DIHED      =     3396.7153
 VDWAALS =     9819.5836  EEL     =  -153412.7629  HBOND      =        0.0000
 1-4 VDW =      981.9828  1-4 EEL =    13135.0673  RESTRAINT  =    13332.3257
 EAMBER  =  -114338.4032


   NSTEP       ENERGY          RMS            GMAX         NAME    NUMBER
   7150      -1.0101E+05     1.3424E-02     1.3918E+00     H1      30114

 BOND    =    10398.1947  ANGLE   =     1342.5135  DIHED      =     3396.7597
 VDWAALS =     9819.3807  EEL     =  -153412.5823  HBOND      =        0.0000
 1-4 VDW =      982.0180  1-4 EEL =    13134.9830  RESTRAINT  =    13332.3054
 EAMBER  =  -114338.7329


   NSTEP       ENERGY          RMS            GMAX         NAME    NUMBER
   7200      -1.0101E+05     2.7474E-02     1.8530E+00     O       29906

 BOND    =    10397.6719  ANGLE   =     1342.1938  DIHED      =     3397.0005
 VDWAALS =     9819.9987  EEL     =  -153414.7028  HBOND      =        0.0000
 1-4 VDW =      982.1782  1-4 EEL =    13134.9296  RESTRAINT  =    13333.5014
 EAMBER  =  -114340.7301


   NSTEP       ENERGY          RMS            GMAX         NAME    NUMBER
   7250      -1.0101E+05     8.7826E-03     5.1706E-01     HE3      2586

 BOND    =    10397.7183  ANGLE   =     1342.1424  DIHED      =     3397.0781
 VDWAALS =     9819.8640  EEL     =  -153414.9795  HBOND      =        0.0000
 1-4 VDW =      982.1734  1-4 EEL =    13134.9845  RESTRAINT  =    13333.2757
 EAMBER  =  -114341.0189


   NSTEP       ENERGY          RMS            GMAX         NAME    NUMBER
   7300      -1.0101E+05     9.6852E-03     4.8588E-01     C        4320

 BOND    =    10397.7731  ANGLE   =     1341.9923  DIHED      =     3397.2034
 VDWAALS =     9819.9172  EEL     =  -153415.5973  HBOND      =        0.0000
 1-4 VDW =      982.1658  1-4 EEL =    13134.9846  RESTRAINT  =    13333.5105
 EAMBER  =  -114341.5609


   NSTEP       ENERGY          RMS            GMAX         NAME    NUMBER
   7350      -1.0101E+05     1.4512E-02     5.9742E-01     O       17888

 BOND    =    10397.5966  ANGLE   =     1342.0541  DIHED      =     3397.2534
 VDWAALS =     9819.8029  EEL     =  -153415.5281  HBOND      =        0.0000
 1-4 VDW =      982.1669  1-4 EEL =    13134.9869  RESTRAINT  =    13333.4974
 EAMBER  =  -114341.6673


   NSTEP       ENERGY          RMS            GMAX         NAME    NUMBER
   7400      -1.0101E+05     8.3925E-03     3.6461E-01     HE3      2586

 BOND    =    10397.6312  ANGLE   =     1342.0309  DIHED      =     3397.2523
 VDWAALS =     9819.7960  EEL     =  -153415.5213  HBOND      =        0.0000
 1-4 VDW =      982.1676  1-4 EEL =    13134.9876  RESTRAINT  =    13333.4923
 EAMBER  =  -114341.6558


   NSTEP       ENERGY          RMS            GMAX         NAME    NUMBER
   7450      -1.0101E+05     7.4389E-02     6.4456E+00     H1      26907

 BOND    =    10397.7476  ANGLE   =     1341.7336  DIHED      =     3398.0936
 VDWAALS =     9819.8344  EEL     =  -153417.5820  HBOND      =        0.0000
 1-4 VDW =      982.1684  1-4 EEL =    13134.8510  RESTRAINT  =    13334.3686
 EAMBER  =  -114343.1535


   NSTEP       ENERGY          RMS            GMAX         NAME    NUMBER
   7500      -1.0101E+05     1.3575E-02     9.9816E-01     CD       3486

 BOND    =    10397.5095  ANGLE   =     1341.3963  DIHED      =     3398.0138
 VDWAALS =     9819.5477  EEL     =  -153417.3513  HBOND      =        0.0000
 1-4 VDW =      982.1894  1-4 EEL =    13134.9499  RESTRAINT  =    13334.2304
 EAMBER  =  -114343.7448

     .... RESTARTED DUE TO LINMIN FAILURE ...


   NSTEP       ENERGY          RMS            GMAX         NAME    NUMBER
   7550      -1.0101E+05     5.9977E-02     5.4674E+00     O       20090

 BOND    =    10397.4383  ANGLE   =     1341.5025  DIHED      =     3398.1621
 VDWAALS =     9819.6768  EEL     =  -153417.8475  HBOND      =        0.0000
 1-4 VDW =      982.1699  1-4 EEL =    13135.0216  RESTRAINT  =    13334.2928
 EAMBER  =  -114343.8762


   NSTEP       ENERGY          RMS            GMAX         NAME    NUMBER
   7600      -1.0101E+05     7.0446E-03     5.0166E-01     CD       4406

 BOND    =    10397.4088  ANGLE   =     1341.1697  DIHED      =     3398.0960
 VDWAALS =     9819.2344  EEL     =  -153417.0098  HBOND      =        0.0000
 1-4 VDW =      982.2035  1-4 EEL =    13134.8329  RESTRAINT  =    13334.3044
 EAMBER  =  -114344.0645


   NSTEP       ENERGY          RMS            GMAX         NAME    NUMBER
   7650      -1.0101E+05     7.5459E-03     4.3353E-01     OE1      4407

 BOND    =    10397.4057  ANGLE   =     1341.1372  DIHED      =     3398.1133
 VDWAALS =     9819.1953  EEL     =  -153417.0205  HBOND      =        0.0000
 1-4 VDW =      982.2012  1-4 EEL =    13134.7949  RESTRAINT  =    13334.3558
 EAMBER  =  -114344.1729

     .... RESTARTED DUE TO LINMIN FAILURE ...


   NSTEP       ENERGY          RMS            GMAX         NAME    NUMBER
   7700      -1.0101E+05     5.4954E-02     6.1691E+00     CD       4406

 BOND    =    10397.5176  ANGLE   =     1340.2826  DIHED      =     3399.2237
 VDWAALS =     9818.0984  EEL     =  -153419.1116  HBOND      =        0.0000
 1-4 VDW =      982.0448  1-4 EEL =    13134.5977  RESTRAINT  =    13335.7940
 EAMBER  =  -114347.3467


   NSTEP       ENERGY          RMS            GMAX         NAME    NUMBER
   7750      -1.0101E+05     9.7996E-02     1.2036E+01     CD       4406

 BOND    =    10397.6643  ANGLE   =     1340.0787  DIHED      =     3399.4780
 VDWAALS =     9818.8370  EEL     =  -153421.6701  HBOND      =        0.0000
 1-4 VDW =      982.3922  1-4 EEL =    13134.3889  RESTRAINT  =    13335.6523
 EAMBER  =  -114348.8308


   NSTEP       ENERGY          RMS            GMAX         NAME    NUMBER
   7800      -1.0102E+05     3.9977E-02     4.4453E+00     CD       4406

 BOND    =    10397.5438  ANGLE   =     1339.7147  DIHED      =     3399.7809
 VDWAALS =     9819.4076  EEL     =  -153424.0207  HBOND      =        0.0000
 1-4 VDW =      982.1034  1-4 EEL =    13134.6322  RESTRAINT  =    13335.7591
 EAMBER  =  -114350.8381


   NSTEP       ENERGY          RMS            GMAX         NAME    NUMBER
   7850      -1.0102E+05     6.7374E-02     4.7945E+00     CD       4406

 BOND    =    10397.2103  ANGLE   =     1339.2044  DIHED      =     3399.9332
 VDWAALS =     9820.2423  EEL     =  -153425.8711  HBOND      =        0.0000
 1-4 VDW =      982.2105  1-4 EEL =    13134.4509  RESTRAINT  =    13336.0992
 EAMBER  =  -114352.6195


   NSTEP       ENERGY          RMS            GMAX         NAME    NUMBER
   7900      -1.0102E+05     6.3541E-02     4.6444E+00     H1      32655

 BOND    =    10397.9769  ANGLE   =     1338.5866  DIHED      =     3399.6695
 VDWAALS =     9821.9772  EEL     =  -153429.2865  HBOND      =        0.0000
 1-4 VDW =      982.0727  1-4 EEL =    13134.2852  RESTRAINT  =    13336.2693
 EAMBER  =  -114354.7185


   NSTEP       ENERGY          RMS            GMAX         NAME    NUMBER
   7950      -1.0102E+05     7.0044E-02     6.2336E+00     CG       3047

 BOND    =    10397.7784  ANGLE   =     1337.5173  DIHED      =     3398.5841
 VDWAALS =     9820.9842  EEL     =  -153427.4951  HBOND      =        0.0000
 1-4 VDW =      982.0016  1-4 EEL =    13134.1755  RESTRAINT  =    13336.1825
 EAMBER  =  -114356.4540


   NSTEP       ENERGY          RMS            GMAX         NAME    NUMBER
   8000      -1.0102E+05     6.2915E-02     5.3846E+00     CG        940

 BOND    =    10397.9102  ANGLE   =     1337.1563  DIHED      =     3398.8491
 VDWAALS =     9821.6739  EEL     =  -153429.4936  HBOND      =        0.0000
 1-4 VDW =      982.0900  1-4 EEL =    13133.4229  RESTRAINT  =    13336.4063
 EAMBER  =  -114358.3914


  Maximum number of minimization cycles reached.


                    FINAL RESULTS



   NSTEP       ENERGY          RMS            GMAX         NAME    NUMBER
   8000      -1.0102E+05     6.2915E-02     5.3846E+00     CG        940

 BOND    =    10397.9102  ANGLE   =     1337.1563  DIHED      =     3398.8491
 VDWAALS =     9821.6739  EEL     =  -153429.4936  HBOND      =        0.0000
 1-4 VDW =      982.0900  1-4 EEL =    13133.4229  RESTRAINT  =    13336.4063
 EAMBER  =  -114358.3914
--------------------------------------------------------------------------------
   5.  TIMINGS
--------------------------------------------------------------------------------

|  NonSetup CPU Time in Major Routines:
|
|     Routine           Sec        %
|     ------------------------------
|     Nonbond         429.64   96.58
|     Bond              1.29    0.29
|     Angle             1.17    0.26
|     Dihedral          9.12    2.05
|     Shake             0.00    0.00
|     Other             3.62    0.81
|     ------------------------------
|     Total           444.85

|  PME Nonbond Pairlist CPU Time:
|
|     Routine              Sec        %
|     ---------------------------------
|     Set Up Cit           0.04    0.01
|     Build List           8.97    2.02
|     ---------------------------------
|     Total                9.02    2.03

|  PME Direct Force CPU Time:
|
|     Routine              Sec        %
|     ---------------------------------
|     NonBonded Calc     341.60   76.79
|     Exclude Masked       2.89    0.65
|     Other                3.08    0.69
|     ---------------------------------
|     Total              347.57   78.13

|  PME Reciprocal Force CPU Time:
|
|     Routine              Sec        %
|     ---------------------------------
|     1D bspline           5.32    1.20
|     Grid Charges         8.14    1.83
|     Scalar Sum           8.00    1.80
|     Gradient Sum        14.16    3.18
|     FFT                 37.06    8.33
|     ---------------------------------
|     Total               72.68   16.34

|  Setup CPU time:            0.07 seconds
|  NonSetup CPU time:       444.85 seconds
|  Total CPU time:          444.92 seconds     0.12 hours

|  Setup wall time:           0    seconds
|  NonSetup wall time:      446    seconds
|  Total wall time:         446    seconds     0.12 hours
