
          -------------------------------------------------------
          Amber 24 PMEMD                              2024
          -------------------------------------------------------

| PMEMD implementation of SANDER, Release 24

|  Compiled date/time: Thu Apr  3 23:55:38 2025
| Run on 11/24/2025 at 20:42:22

|   Executable path: pmemd
| Working directory: /Users/marc/github/Marc-TFG-Files/ambertools
|          Hostname: Unknown
| WARNING: Stack usage limited by a hard resource limit of   67092480 bytes!
|          If segment violations occur, get your sysadmin to increase the limit.
  [-O]verwriting output

File Assignments:
|   MDIN: prod.in                                                               
|  MDOUT: prod.out                                                              
| INPCRD: equil.rst                                                             
|   PARM: complex.prmtop                                                        
| RESTRT: prod.rst                                                              
|   REFC: refc                                                                  
|  MDVEL: mdvel                                                                 
|   MDEN: mden                                                                  
|  MDCRD: prod.nc                                                               
| MDINFO: mdinfo                                                                
|  MDFRC: mdfrc                                                                 


 Here is the input file:

Production MD (no restraints)                                                  
&cntrl                                                                         
  imin=0, irest=1, ntx=5,                                                      
  nstlim=500000, dt=0.002,                                                     
  ntf=2, ntc=2,                                                                
  ntb=2, ntp=1, pres0=1.0, taup=2.0,                                           
  cut=10.0,                                                                    
  ntt=3, gamma_ln=2.0, temp0=300.0,                                            
  ntpr=5000, ntwx=5000, ntwr=50000,                                            
/                                                                              
                                                                               


Note: ig = -1. Setting random seed to   808858 based on wallclock time in 
      microseconds.
| irandom = 1, using AMBER's internal random number generator (default).
 
 
| Conditional Compilation Defines Used:
| PUBFFT
| BINTRAJ
| EMIL

| Largest sphere to fit in unit cell has radius =    35.206

| New format PARM file being parsed.
| Version =    1.000 Date = 11/17/25 Time = 16:07:20

| Note: 1-4 EEL scale factors are being read from the topology file.

| Note: 1-4 VDW scale factors are being read from the topology file.
| Duplicated    0 dihedrals

| Duplicated    0 dihedrals

--------------------------------------------------------------------------------
   1.  RESOURCE   USE: 
--------------------------------------------------------------------------------

 getting box info from netcdf restart file
 NATOM  =   34285 NTYPES =      23 NBONH =   31908 MBONA  =    2419
 NTHETH =    5392 MTHETA =    3279 NPHIH =   10774 MPHIA  =   10346
 NHPARM =       0 NPARM  =       0 NNB   =   65583 NRES   =   10161
 NBONA  =    2419 NTHETA =    3279 NPHIA =   10346 NUMBND =      72
 NUMANG =     160 NPTRA  =     183 NATYP =      41 NPHB   =       0
 IFBOX  =       1 NMXRS  =      27 IFCAP =       0 NEXTRA =       0
 NCOPY  =       0

| Coordinate Index Table dimensions:    14   12   12
| Direct force subcell size =     5.6942    5.9046    5.8676

     BOX TYPE: RECTILINEAR

--------------------------------------------------------------------------------
   2.  CONTROL  DATA  FOR  THE  RUN
--------------------------------------------------------------------------------

default_name                                                                    

General flags:
     imin    =       0, nmropt  =       0

Nature and format of input:
     ntx     =       5, irest   =       1, ntrx    =       1

Nature and format of output:
     ntxo    =       2, ntpr    =    5000, ntrx    =       1, ntwr    =   50000
     iwrap   =       0, ntwx    =    5000, ntwv    =       0, ntwe    =       0
     ioutfm  =       1, ntwprt  =       0, idecomp =       0, rbornstat=      0

Potential function:
     ntf     =       2, ntb     =       2, igb     =       0, nsnb    =      25
     ipol    =       0, gbsa    =       0, iesp    =       0
     dielc   =   1.00000, cut     =  10.00000, intdiel =   1.00000

Frozen or restrained atoms:
     ibelly  =       0, ntr     =       0

Molecular dynamics:
     nstlim  =    500000, nscm    =      1000, nrespa  =         1
     t       =   0.00000, dt      =   0.00200, vlimit  =  20.00000

Langevin dynamics temperature regulation:
     ig      =  808858
     temp0   = 300.00000, tempi   =   0.00000, gamma_ln=   2.00000

Pressure regulation:
     ntp     =       1
     pres0   =   1.00000, comp    =  44.60000, taup    =   2.00000

SHAKE:
     ntc     =       2, jfastw  =       0
     tol     =   0.00001

| Intermolecular bonds treatment:
|     no_intermolecular_bonds =       1

| Energy averages sample interval:
|     ene_avg_sampling =    5000

Ewald parameters:
     verbose =       0, ew_type =       0, nbflag  =       1, use_pme =       1
     vdwmeth =       1, eedmeth =       1, netfrc  =       1
     Box X =   79.719   Box Y =   70.855   Box Z =   70.411
     Alpha =   90.000   Beta  =   90.000   Gamma =   90.000
     NFFT1 =   80       NFFT2 =   72       NFFT3 =   72
     Cutoff=   10.000   Tol   =0.100E-04
     Ewald Coefficient =  0.27511
     Interpolation order =    4

--------------------------------------------------------------------------------
   3.  ATOMIC COORDINATES AND VELOCITIES
--------------------------------------------------------------------------------

default_name                                                                    
 begin time read from input coords =   250.000 ps

 
 Number of triangulated 3-point waters found:     9849

     Sum of charges from parm topology file =  -0.00000014
     Forcing neutrality...

| Dynamic Memory, Types Used:
| Reals             1599612
| Integers          1573677

| Nonbonded Pairs Initial Allocation:    10370355

--------------------------------------------------------------------------------
   4.  RESULTS
--------------------------------------------------------------------------------

 ---------------------------------------------------
 APPROXIMATING switch and d/dx switch using CUBIC SPLINE INTERPOLATION
 using   5000.0 points per unit in tabled values
 TESTING RELATIVE ERROR over r ranging from 0.0 to cutoff
| CHECK switch(x): max rel err =   0.3338E-14   at   2.509280
| CHECK d/dx switch(x): max rel err =   0.8155E-11   at   2.730040
 ---------------------------------------------------
|---------------------------------------------------
| APPROXIMATING direct energy using CUBIC SPLINE INTERPOLATION
|  with   50.0 points per unit in tabled values
| Relative Error Limit not exceeded for r .gt.   2.34
| APPROXIMATING direct force using CUBIC SPLINE INTERPOLATION
|  with   50.0 points per unit in tabled values
| Relative Error Limit not exceeded for r .gt.   2.81
|---------------------------------------------------

 NSTEP =     5000   TIME(PS) =     260.000  TEMP(K) =   297.90  PRESS =  -439.6
 Etot   =    -80958.4083  EKtot   =     20999.9536  EPtot      =   -101958.3619
 BOND   =       863.6968  ANGLE   =      2348.0715  DIHED      =      3786.6490
 1-4 NB =      1105.3828  1-4 EEL =     13158.2243  VDWAALS    =     11038.0704
 EELEC  =   -134258.4566  EHBOND  =         0.0000  RESTRAINT  =         0.0000
 EKCMT  =      8759.1174  VIRIAL  =     12106.4924  VOLUME     =    352690.9019
                                                    Density    =         0.9944
 Ewald error estimate:   0.1656E-03
 ------------------------------------------------------------------------------


 NSTEP =    10000   TIME(PS) =     270.000  TEMP(K) =   299.22  PRESS =  -171.9
 Etot   =    -81645.5222  EKtot   =     21092.7534  EPtot      =   -102738.2755
 BOND   =       884.5455  ANGLE   =      2346.6745  DIHED      =      3795.9689
 1-4 NB =      1078.1940  1-4 EEL =     13093.9739  VDWAALS    =     11203.4271
 EELEC  =   -135141.0594  EHBOND  =         0.0000  RESTRAINT  =         0.0000
 EKCMT  =      8868.0907  VIRIAL  =     10138.0717  VOLUME     =    342237.8545
                                                    Density    =         1.0248
 Ewald error estimate:   0.1799E-05
 ------------------------------------------------------------------------------


 NSTEP =    15000   TIME(PS) =     280.000  TEMP(K) =   297.03  PRESS =  -266.1
 Etot   =    -81537.6119  EKtot   =     20938.3294  EPtot      =   -102475.9413
 BOND   =       915.9842  ANGLE   =      2341.3127  DIHED      =      3843.8094
 1-4 NB =      1093.5542  1-4 EEL =     13091.0456  VDWAALS    =     10936.1466
 EELEC  =   -134697.7939  EHBOND  =         0.0000  RESTRAINT  =         0.0000
 EKCMT  =      8746.2322  VIRIAL  =     10703.2151  VOLUME     =    340653.0605
                                                    Density    =         1.0296
 Ewald error estimate:   0.5194E-04
 ------------------------------------------------------------------------------


 NSTEP =    20000   TIME(PS) =     290.000  TEMP(K) =   298.65  PRESS =   -50.4
 Etot   =    -81769.6838  EKtot   =     21052.4488  EPtot      =   -102822.1326
 BOND   =       970.7852  ANGLE   =      2349.7695  DIHED      =      3809.9611
 1-4 NB =      1080.4536  1-4 EEL =     13038.3648  VDWAALS    =     11158.8065
 EELEC  =   -135230.2733  EHBOND  =         0.0000  RESTRAINT  =         0.0000
 EKCMT  =      8818.4489  VIRIAL  =      9189.7253  VOLUME     =    341021.6105
                                                    Density    =         1.0285
 Ewald error estimate:   0.9394E-05
 ------------------------------------------------------------------------------


 NSTEP =    25000   TIME(PS) =     300.000  TEMP(K) =   297.72  PRESS =   207.9
 Etot   =    -81617.8297  EKtot   =     20987.0386  EPtot      =   -102604.8683
 BOND   =       883.3004  ANGLE   =      2373.4526  DIHED      =      3755.4944
 1-4 NB =      1088.2618  1-4 EEL =     13060.3613  VDWAALS    =     11187.0565
 EELEC  =   -134952.7951  EHBOND  =         0.0000  RESTRAINT  =         0.0000
 EKCMT  =      8836.9659  VIRIAL  =      7305.3713  VOLUME     =    341216.5306
                                                    Density    =         1.0279
 Ewald error estimate:   0.3939E-04
 ------------------------------------------------------------------------------


 NSTEP =    30000   TIME(PS) =     310.000  TEMP(K) =   300.44  PRESS =    76.5
 Etot   =    -81719.5149  EKtot   =     21178.9260  EPtot      =   -102898.4409
 BOND   =       880.3874  ANGLE   =      2359.5903  DIHED      =      3774.0071
 1-4 NB =      1100.8112  1-4 EEL =     13080.4314  VDWAALS    =     11428.6646
 EELEC  =   -135522.3329  EHBOND  =         0.0000  RESTRAINT  =         0.0000
 EKCMT  =      8875.4729  VIRIAL  =      8311.3620  VOLUME     =    341340.7346
                                                    Density    =         1.0275
 Ewald error estimate:   0.7854E-04
 ------------------------------------------------------------------------------


 NSTEP =    35000   TIME(PS) =     320.000  TEMP(K) =   301.07  PRESS =    -0.1
 Etot   =    -81808.4416  EKtot   =     21223.4326  EPtot      =   -103031.8742
 BOND   =       843.2904  ANGLE   =      2370.8817  DIHED      =      3752.0735
 1-4 NB =      1119.0231  1-4 EEL =     13115.7546  VDWAALS    =     11384.6463
 EELEC  =   -135617.5438  EHBOND  =         0.0000  RESTRAINT  =         0.0000
 EKCMT  =      8820.9394  VIRIAL  =      8821.6069  VOLUME     =    340941.1470
                                                    Density    =         1.0287
 Ewald error estimate:   0.8420E-05
 ------------------------------------------------------------------------------


 NSTEP =    40000   TIME(PS) =     330.000  TEMP(K) =   300.99  PRESS =    66.4
 Etot   =    -81607.2114  EKtot   =     21217.5212  EPtot      =   -102824.7326
 BOND   =       903.5508  ANGLE   =      2379.3382  DIHED      =      3718.5873
 1-4 NB =      1078.7044  1-4 EEL =     13065.8259  VDWAALS    =     11316.1761
 EELEC  =   -135286.9153  EHBOND  =         0.0000  RESTRAINT  =         0.0000
 EKCMT  =      8839.1239  VIRIAL  =      8350.0187  VOLUME     =    341215.7935
                                                    Density    =         1.0279
 Ewald error estimate:   0.1378E-03
 ------------------------------------------------------------------------------


 NSTEP =    45000   TIME(PS) =     340.000  TEMP(K) =   300.97  PRESS =  -138.2
 Etot   =    -81565.9189  EKtot   =     21215.9845  EPtot      =   -102781.9034
 BOND   =       866.8447  ANGLE   =      2379.6535  DIHED      =      3795.8052
 1-4 NB =      1082.8031  1-4 EEL =     13004.5380  VDWAALS    =     11225.9903
 EELEC  =   -135137.5380  EHBOND  =         0.0000  RESTRAINT  =         0.0000
 EKCMT  =      8883.8750  VIRIAL  =      9902.0460  VOLUME     =    341262.8808
                                                    Density    =         1.0277
 Ewald error estimate:   0.1388E-03
 ------------------------------------------------------------------------------


 NSTEP =    50000   TIME(PS) =     350.000  TEMP(K) =   301.61  PRESS =   -23.7
 Etot   =    -81408.4702  EKtot   =     21261.4137  EPtot      =   -102669.8839
 BOND   =       878.4694  ANGLE   =      2358.9826  DIHED      =      3755.2474
 1-4 NB =      1103.1082  1-4 EEL =     13064.7383  VDWAALS    =     11053.4869
 EELEC  =   -134883.9168  EHBOND  =         0.0000  RESTRAINT  =         0.0000
 EKCMT  =      8919.1683  VIRIAL  =      9093.8393  VOLUME     =    341210.1610
                                                    Density    =         1.0279
 Ewald error estimate:   0.1341E-03
 ------------------------------------------------------------------------------


 NSTEP =    55000   TIME(PS) =     360.000  TEMP(K) =   298.80  PRESS =    -6.1
 Etot   =    -81865.1643  EKtot   =     21063.1414  EPtot      =   -102928.3058
 BOND   =       897.7546  ANGLE   =      2347.4070  DIHED      =      3779.8700
 1-4 NB =      1080.3051  1-4 EEL =     13115.7919  VDWAALS    =     11260.4118
 EELEC  =   -135409.8459  EHBOND  =         0.0000  RESTRAINT  =         0.0000
 EKCMT  =      8785.4134  VIRIAL  =      8830.6380  VOLUME     =    340966.6799
                                                    Density    =         1.0286
 Ewald error estimate:   0.9788E-04
 ------------------------------------------------------------------------------


 NSTEP =    60000   TIME(PS) =     370.000  TEMP(K) =   299.58  PRESS =  -191.6
 Etot   =    -81801.1258  EKtot   =     21118.0138  EPtot      =   -102919.1396
 BOND   =       888.4116  ANGLE   =      2325.7216  DIHED      =      3759.3596
 1-4 NB =      1100.2854  1-4 EEL =     13039.9971  VDWAALS    =     10986.9897
 EELEC  =   -135019.9045  EHBOND  =         0.0000  RESTRAINT  =         0.0000
 EKCMT  =      8789.5806  VIRIAL  =     10200.6004  VOLUME     =    341160.6013
                                                    Density    =         1.0281
 Ewald error estimate:   0.2538E-04
 ------------------------------------------------------------------------------


 NSTEP =    65000   TIME(PS) =     380.000  TEMP(K) =   301.33  PRESS =   125.7
 Etot   =    -81630.3865  EKtot   =     21241.8061  EPtot      =   -102872.1926
 BOND   =       911.8969  ANGLE   =      2309.7746  DIHED      =      3791.9622
 1-4 NB =      1096.0254  1-4 EEL =     13095.0217  VDWAALS    =     11250.6397
 EELEC  =   -135327.5132  EHBOND  =         0.0000  RESTRAINT  =         0.0000
 EKCMT  =      8918.1634  VIRIAL  =      7991.6828  VOLUME     =    341396.2753
                                                    Density    =         1.0273
 Ewald error estimate:   0.8202E-05
 ------------------------------------------------------------------------------


 NSTEP =    70000   TIME(PS) =     390.000  TEMP(K) =   301.73  PRESS =   -43.4
 Etot   =    -81423.4095  EKtot   =     21269.6438  EPtot      =   -102693.0533
 BOND   =       933.2549  ANGLE   =      2319.1713  DIHED      =      3807.9901
 1-4 NB =      1108.1424  1-4 EEL =     13024.4864  VDWAALS    =     11112.1528
 EELEC  =   -134998.2512  EHBOND  =         0.0000  RESTRAINT  =         0.0000
 EKCMT  =      8932.7785  VIRIAL  =      9252.8141  VOLUME     =    341459.4077
                                                    Density    =         1.0272
 Ewald error estimate:   0.6838E-04
 ------------------------------------------------------------------------------


 NSTEP =    75000   TIME(PS) =     400.000  TEMP(K) =   298.88  PRESS =    -6.0
 Etot   =    -82142.3318  EKtot   =     21068.8932  EPtot      =   -103211.2250
 BOND   =       896.6094  ANGLE   =      2281.6701  DIHED      =      3756.3605
 1-4 NB =      1098.9556  1-4 EEL =     13063.0335  VDWAALS    =     11295.3909
 EELEC  =   -135603.2450  EHBOND  =         0.0000  RESTRAINT  =         0.0000
 EKCMT  =      8757.8786  VIRIAL  =      8802.2745  VOLUME     =    340968.6691
                                                    Density    =         1.0286
 Ewald error estimate:   0.5160E-04
 ------------------------------------------------------------------------------


 NSTEP =    80000   TIME(PS) =     410.000  TEMP(K) =   299.30  PRESS =   -96.6
 Etot   =    -81729.6477  EKtot   =     21098.1711  EPtot      =   -102827.8189
 BOND   =       907.7275  ANGLE   =      2347.7722  DIHED      =      3796.0024
 1-4 NB =      1078.7499  1-4 EEL =     13095.0584  VDWAALS    =     11048.3611
 EELEC  =   -135101.4904  EHBOND  =         0.0000  RESTRAINT  =         0.0000
 EKCMT  =      8729.5972  VIRIAL  =      9440.1630  VOLUME     =    340619.4211
                                                    Density    =         1.0297
 Ewald error estimate:   0.4941E-04
 ------------------------------------------------------------------------------


 NSTEP =    85000   TIME(PS) =     420.000  TEMP(K) =   299.53  PRESS =    29.3
 Etot   =    -81391.3479  EKtot   =     21114.9295  EPtot      =   -102506.2774
 BOND   =       915.8780  ANGLE   =      2471.3829  DIHED      =      3790.3198
 1-4 NB =      1112.6875  1-4 EEL =     13103.0806  VDWAALS    =     11126.2141
 EELEC  =   -135025.8403  EHBOND  =         0.0000  RESTRAINT  =         0.0000
 EKCMT  =      8758.9325  VIRIAL  =      8543.2600  VOLUME     =    340879.5312
                                                    Density    =         1.0289
 Ewald error estimate:   0.1381E-04
 ------------------------------------------------------------------------------


 NSTEP =    90000   TIME(PS) =     430.000  TEMP(K) =   300.71  PRESS =  -300.1
 Etot   =    -81631.6438  EKtot   =     21198.0390  EPtot      =   -102829.6828
 BOND   =       860.9292  ANGLE   =      2434.4539  DIHED      =      3765.0325
 1-4 NB =      1098.3671  1-4 EEL =     13074.2988  VDWAALS    =     11014.4866
 EELEC  =   -135077.2508  EHBOND  =         0.0000  RESTRAINT  =         0.0000
 EKCMT  =      8883.5978  VIRIAL  =     11094.3023  VOLUME     =    341136.8076
                                                    Density    =         1.0281
 Ewald error estimate:   0.2964E-04
 ------------------------------------------------------------------------------


 NSTEP =    95000   TIME(PS) =     440.000  TEMP(K) =   301.50  PRESS =  -128.7
 Etot   =    -81681.5756  EKtot   =     21253.6376  EPtot      =   -102935.2132
 BOND   =       911.6286  ANGLE   =      2346.6235  DIHED      =      3807.6119
 1-4 NB =      1086.4965  1-4 EEL =     13026.8101  VDWAALS    =     11128.9103
 EELEC  =   -135243.2940  EHBOND  =         0.0000  RESTRAINT  =         0.0000
 EKCMT  =      8822.6347  VIRIAL  =      9770.1094  VOLUME     =    341006.9178
                                                    Density    =         1.0285
 Ewald error estimate:   0.2461E-04
 ------------------------------------------------------------------------------


 NSTEP =   100000   TIME(PS) =     450.000  TEMP(K) =   298.71  PRESS =     3.2
 Etot   =    -81607.9068  EKtot   =     21056.8279  EPtot      =   -102664.7347
 BOND   =       916.5470  ANGLE   =      2421.7803  DIHED      =      3811.9227
 1-4 NB =      1086.2425  1-4 EEL =     13119.9493  VDWAALS    =     11117.7359
 EELEC  =   -135138.9124  EHBOND  =         0.0000  RESTRAINT  =         0.0000
 EKCMT  =      8838.7353  VIRIAL  =      8814.9317  VOLUME     =    341022.1900
                                                    Density    =         1.0285
 Ewald error estimate:   0.5304E-04
 ------------------------------------------------------------------------------


 NSTEP =   105000   TIME(PS) =     460.000  TEMP(K) =   299.81  PRESS =  -261.6
 Etot   =    -81836.4305  EKtot   =     21134.5344  EPtot      =   -102970.9649
 BOND   =       884.7609  ANGLE   =      2356.4069  DIHED      =      3782.2910
 1-4 NB =      1104.3687  1-4 EEL =     13093.5062  VDWAALS    =     10836.3780
 EELEC  =   -135028.6767  EHBOND  =         0.0000  RESTRAINT  =         0.0000
 EKCMT  =      8891.9976  VIRIAL  =     10819.1698  VOLUME     =    341233.6364
                                                    Density    =         1.0278
 Ewald error estimate:   0.3375E-04
 ------------------------------------------------------------------------------


 NSTEP =   110000   TIME(PS) =     470.000  TEMP(K) =   300.13  PRESS =   -65.3
 Etot   =    -81647.0876  EKtot   =     21157.1382  EPtot      =   -102804.2258
 BOND   =       896.9335  ANGLE   =      2315.7259  DIHED      =      3739.3092
 1-4 NB =      1079.3634  1-4 EEL =     13039.1477  VDWAALS    =     11084.6314
 EELEC  =   -134959.3369  EHBOND  =         0.0000  RESTRAINT  =         0.0000
 EKCMT  =      8952.1997  VIRIAL  =      9432.0986  VOLUME     =    340581.7329
                                                    Density    =         1.0298
 Ewald error estimate:   0.5611E-04
 ------------------------------------------------------------------------------


 NSTEP =   115000   TIME(PS) =     480.000  TEMP(K) =   298.05  PRESS =   -30.6
 Etot   =    -81954.7563  EKtot   =     21009.9934  EPtot      =   -102964.7497
 BOND   =       908.0051  ANGLE   =      2379.8405  DIHED      =      3751.5606
 1-4 NB =      1092.8753  1-4 EEL =     13055.8083  VDWAALS    =     11263.5853
 EELEC  =   -135416.4249  EHBOND  =         0.0000  RESTRAINT  =         0.0000
 EKCMT  =      8779.5642  VIRIAL  =      9004.2881  VOLUME     =    340494.8366
                                                    Density    =         1.0301
 Ewald error estimate:   0.6756E-04
 ------------------------------------------------------------------------------


 NSTEP =   120000   TIME(PS) =     490.000  TEMP(K) =   299.82  PRESS =   302.6
 Etot   =    -81479.1254  EKtot   =     21135.4491  EPtot      =   -102614.5745
 BOND   =       905.9265  ANGLE   =      2361.0081  DIHED      =      3756.8106
 1-4 NB =      1108.8974  1-4 EEL =     13048.1479  VDWAALS    =     11228.4201
 EELEC  =   -135023.7851  EHBOND  =         0.0000  RESTRAINT  =         0.0000
 EKCMT  =      8876.0907  VIRIAL  =      6648.6630  VOLUME     =    340978.6904
                                                    Density    =         1.0286
 Ewald error estimate:   0.8459E-04
 ------------------------------------------------------------------------------


 NSTEP =   125000   TIME(PS) =     500.000  TEMP(K) =   297.46  PRESS =   -52.1
 Etot   =    -82037.0382  EKtot   =     20968.8845  EPtot      =   -103005.9227
 BOND   =       908.5129  ANGLE   =      2405.5422  DIHED      =      3782.8320
 1-4 NB =      1102.9709  1-4 EEL =     13082.4781  VDWAALS    =     11272.7440
 EELEC  =   -135561.0029  EHBOND  =         0.0000  RESTRAINT  =         0.0000
 EKCMT  =      8716.4748  VIRIAL  =      9100.4650  VOLUME     =    341113.1909
                                                    Density    =         1.0282
 Ewald error estimate:   0.8884E-05
 ------------------------------------------------------------------------------


 NSTEP =   130000   TIME(PS) =     510.000  TEMP(K) =   297.53  PRESS =  -239.4
 Etot   =    -81712.3338  EKtot   =     20973.5331  EPtot      =   -102685.8669
 BOND   =       906.8398  ANGLE   =      2346.7360  DIHED      =      3787.9205
 1-4 NB =      1096.5547  1-4 EEL =     13066.5531  VDWAALS    =     11161.2716
 EELEC  =   -135051.7426  EHBOND  =         0.0000  RESTRAINT  =         0.0000
 EKCMT  =      8815.8451  VIRIAL  =     10580.3128  VOLUME     =    341288.4955
                                                    Density    =         1.0277
 Ewald error estimate:   0.2035E-04
 ------------------------------------------------------------------------------


 NSTEP =   135000   TIME(PS) =     520.000  TEMP(K) =   300.34  PRESS =    16.1
 Etot   =    -81475.7469  EKtot   =     21171.6136  EPtot      =   -102647.3606
 BOND   =       912.8629  ANGLE   =      2354.8242  DIHED      =      3746.1586
 1-4 NB =      1078.4828  1-4 EEL =     13092.2761  VDWAALS    =     11242.4590
 EELEC  =   -135074.4242  EHBOND  =         0.0000  RESTRAINT  =         0.0000
 EKCMT  =      8955.6825  VIRIAL  =      8837.0227  VOLUME     =    341400.1321
                                                    Density    =         1.0273
 Ewald error estimate:   0.6230E-05
 ------------------------------------------------------------------------------


 NSTEP =   140000   TIME(PS) =     530.000  TEMP(K) =   301.80  PRESS =   251.1
 Etot   =    -81406.1150  EKtot   =     21274.9049  EPtot      =   -102681.0199
 BOND   =       906.2039  ANGLE   =      2377.0920  DIHED      =      3751.2130
 1-4 NB =      1100.2372  1-4 EEL =     13081.6740  VDWAALS    =     11332.5703
 EELEC  =   -135230.0102  EHBOND  =         0.0000  RESTRAINT  =         0.0000
 EKCMT  =      8794.9247  VIRIAL  =      6947.3269  VOLUME     =    340805.0245
                                                    Density    =         1.0291
 Ewald error estimate:   0.1112E-03
 ------------------------------------------------------------------------------


 NSTEP =   145000   TIME(PS) =     540.000  TEMP(K) =   298.62  PRESS =   280.7
 Etot   =    -81595.1057  EKtot   =     21050.1999  EPtot      =   -102645.3057
 BOND   =       900.1854  ANGLE   =      2341.3179  DIHED      =      3765.0933
 1-4 NB =      1091.1814  1-4 EEL =     13083.9924  VDWAALS    =     11302.4012
 EELEC  =   -135129.4771  EHBOND  =         0.0000  RESTRAINT  =         0.0000
 EKCMT  =      8862.1779  VIRIAL  =      6796.0049  VOLUME     =    340924.0070
                                                    Density    =         1.0288
 Ewald error estimate:   0.8879E-04
 ------------------------------------------------------------------------------


 NSTEP =   150000   TIME(PS) =     550.000  TEMP(K) =   299.17  PRESS =  -215.9
 Etot   =    -81828.0012  EKtot   =     21088.9634  EPtot      =   -102916.9646
 BOND   =       876.1435  ANGLE   =      2314.2794  DIHED      =      3772.2193
 1-4 NB =      1078.9303  1-4 EEL =     13052.7467  VDWAALS    =     11041.6267
 EELEC  =   -135052.9104  EHBOND  =         0.0000  RESTRAINT  =         0.0000
 EKCMT  =      8757.1965  VIRIAL  =     10347.2075  VOLUME     =    341161.3999
                                                    Density    =         1.0281
 Ewald error estimate:   0.1299E-03
 ------------------------------------------------------------------------------


 NSTEP =   155000   TIME(PS) =     560.000  TEMP(K) =   299.17  PRESS =   333.7
 Etot   =    -81662.0232  EKtot   =     21089.3070  EPtot      =   -102751.3302
 BOND   =       885.5788  ANGLE   =      2399.2886  DIHED      =      3737.6715
 1-4 NB =      1099.9189  1-4 EEL =     13120.7542  VDWAALS    =     11102.1921
 EELEC  =   -135096.7342  EHBOND  =         0.0000  RESTRAINT  =         0.0000
 EKCMT  =      8895.6546  VIRIAL  =      6440.5621  VOLUME     =    340744.2629
                                                    Density    =         1.0293
 Ewald error estimate:   0.9011E-04
 ------------------------------------------------------------------------------


 NSTEP =   160000   TIME(PS) =     570.000  TEMP(K) =   300.80  PRESS =   -62.0
 Etot   =    -81409.5118  EKtot   =     21203.9593  EPtot      =   -102613.4711
 BOND   =       904.3841  ANGLE   =      2411.5034  DIHED      =      3772.4108
 1-4 NB =      1105.9944  1-4 EEL =     13043.4748  VDWAALS    =     11258.9493
 EELEC  =   -135110.1881  EHBOND  =         0.0000  RESTRAINT  =         0.0000
 EKCMT  =      8996.7315  VIRIAL  =      9453.5998  VOLUME     =    341388.7074
                                                    Density    =         1.0274
 Ewald error estimate:   0.2479E-04
 ------------------------------------------------------------------------------


 NSTEP =   165000   TIME(PS) =     580.000  TEMP(K) =   300.24  PRESS =  -295.0
 Etot   =    -81858.3004  EKtot   =     21164.6880  EPtot      =   -103022.9883
 BOND   =       864.2622  ANGLE   =      2365.0356  DIHED      =      3751.2108
 1-4 NB =      1122.2525  1-4 EEL =     13038.1658  VDWAALS    =     10969.4353
 EELEC  =   -135133.3505  EHBOND  =         0.0000  RESTRAINT  =         0.0000
 EKCMT  =      8857.9783  VIRIAL  =     11030.2407  VOLUME     =    340996.0635
                                                    Density    =         1.0286
 Ewald error estimate:   0.7537E-04
 ------------------------------------------------------------------------------


 NSTEP =   170000   TIME(PS) =     590.000  TEMP(K) =   301.02  PRESS =    81.1
 Etot   =    -81674.0621  EKtot   =     21219.8733  EPtot      =   -102893.9354
 BOND   =       886.0192  ANGLE   =      2376.8339  DIHED      =      3746.3389
 1-4 NB =      1101.7861  1-4 EEL =     13026.0677  VDWAALS    =     11188.0601
 EELEC  =   -135219.0411  EHBOND  =         0.0000  RESTRAINT  =         0.0000
 EKCMT  =      8956.3022  VIRIAL  =      8359.3495  VOLUME     =    341060.1232
                                                    Density    =         1.0284
 Ewald error estimate:   0.3671E-04
 ------------------------------------------------------------------------------


 NSTEP =   175000   TIME(PS) =     600.000  TEMP(K) =   300.54  PRESS =   185.1
 Etot   =    -81830.4553  EKtot   =     21186.1007  EPtot      =   -103016.5560
 BOND   =       900.3732  ANGLE   =      2388.5846  DIHED      =      3755.8408
 1-4 NB =      1087.4260  1-4 EEL =     13087.6666  VDWAALS    =     11490.3151
 EELEC  =   -135726.7624  EHBOND  =         0.0000  RESTRAINT  =         0.0000
 EKCMT  =      8892.4782  VIRIAL  =      7530.7875  VOLUME     =    340718.7678
                                                    Density    =         1.0294
 Ewald error estimate:   0.5412E-04
 ------------------------------------------------------------------------------


 NSTEP =   180000   TIME(PS) =     610.000  TEMP(K) =   302.41  PRESS =   208.3
 Etot   =    -81354.4094  EKtot   =     21317.9216  EPtot      =   -102672.3310
 BOND   =       906.5625  ANGLE   =      2380.4221  DIHED      =      3771.1587
 1-4 NB =      1105.5278  1-4 EEL =     13089.0947  VDWAALS    =     11321.6769
 EELEC  =   -135246.7738  EHBOND  =         0.0000  RESTRAINT  =         0.0000
 EKCMT  =      8887.5325  VIRIAL  =      7353.8081  VOLUME     =    340982.7373
                                                    Density    =         1.0286
 Ewald error estimate:   0.3191E-04
 ------------------------------------------------------------------------------


 NSTEP =   185000   TIME(PS) =     620.000  TEMP(K) =   300.25  PRESS =  -145.8
 Etot   =    -81546.3218  EKtot   =     21165.3229  EPtot      =   -102711.6446
 BOND   =       908.0489  ANGLE   =      2381.1979  DIHED      =      3735.3215
 1-4 NB =      1082.3074  1-4 EEL =     13021.0341  VDWAALS    =     11188.4178
 EELEC  =   -135027.9723  EHBOND  =         0.0000  RESTRAINT  =         0.0000
 EKCMT  =      8904.5062  VIRIAL  =      9977.3771  VOLUME     =    340755.8313
                                                    Density    =         1.0293
 Ewald error estimate:   0.1784E-04
 ------------------------------------------------------------------------------


 NSTEP =   190000   TIME(PS) =     630.000  TEMP(K) =   300.13  PRESS =    51.1
 Etot   =    -82149.8374  EKtot   =     21156.9737  EPtot      =   -103306.8112
 BOND   =       928.4609  ANGLE   =      2414.1615  DIHED      =      3709.4666
 1-4 NB =      1086.2052  1-4 EEL =     13080.7571  VDWAALS    =     11336.9274
 EELEC  =   -135862.7898  EHBOND  =         0.0000  RESTRAINT  =         0.0000
 EKCMT  =      8990.3150  VIRIAL  =      8613.2756  VOLUME     =    341535.7458
                                                    Density    =         1.0269
 Ewald error estimate:   0.6887E-04
 ------------------------------------------------------------------------------


 NSTEP =   195000   TIME(PS) =     640.000  TEMP(K) =   301.38  PRESS =   255.5
 Etot   =    -81600.2961  EKtot   =     21245.0245  EPtot      =   -102845.3206
 BOND   =       861.1951  ANGLE   =      2392.9298  DIHED      =      3780.3063
 1-4 NB =      1086.4126  1-4 EEL =     13113.3896  VDWAALS    =     11247.3293
 EELEC  =   -135326.8833  EHBOND  =         0.0000  RESTRAINT  =         0.0000
 EKCMT  =      8917.2330  VIRIAL  =      7040.1899  VOLUME     =    340262.4293
                                                    Density    =         1.0308
 Ewald error estimate:   0.2085E-04
 ------------------------------------------------------------------------------


 NSTEP =   200000   TIME(PS) =     650.000  TEMP(K) =   303.44  PRESS =  -199.1
 Etot   =    -81708.4334  EKtot   =     21390.0023  EPtot      =   -103098.4357
 BOND   =       921.3732  ANGLE   =      2399.6038  DIHED      =      3774.2336
 1-4 NB =      1058.1552  1-4 EEL =     13082.4353  VDWAALS    =     11299.6067
 EELEC  =   -135633.8435  EHBOND  =         0.0000  RESTRAINT  =         0.0000
 EKCMT  =      9030.7323  VIRIAL  =     10496.3878  VOLUME     =    340859.3915
                                                    Density    =         1.0290
 Ewald error estimate:   0.7728E-04
 ------------------------------------------------------------------------------


 NSTEP =   205000   TIME(PS) =     660.000  TEMP(K) =   302.05  PRESS =   177.6
 Etot   =    -81596.1298  EKtot   =     21292.1653  EPtot      =   -102888.2951
 BOND   =       882.4416  ANGLE   =      2341.7435  DIHED      =      3739.8572
 1-4 NB =      1115.2287  1-4 EEL =     13094.2304  VDWAALS    =     11311.3417
 EELEC  =   -135373.1380  EHBOND  =         0.0000  RESTRAINT  =         0.0000
 EKCMT  =      8948.3789  VIRIAL  =      7639.5108  VOLUME     =    341401.3379
                                                    Density    =         1.0273
 Ewald error estimate:   0.1380E-05
 ------------------------------------------------------------------------------


 NSTEP =   210000   TIME(PS) =     670.000  TEMP(K) =   300.70  PRESS =    -6.5
 Etot   =    -81569.4587  EKtot   =     21196.8971  EPtot      =   -102766.3558
 BOND   =       916.9084  ANGLE   =      2334.1858  DIHED      =      3748.3872
 1-4 NB =      1100.0524  1-4 EEL =     13052.9519  VDWAALS    =     11326.0392
 EELEC  =   -135244.8807  EHBOND  =         0.0000  RESTRAINT  =         0.0000
 EKCMT  =      8858.0298  VIRIAL  =      8905.7764  VOLUME     =    341182.6018
                                                    Density    =         1.0280
 Ewald error estimate:   0.7643E-04
 ------------------------------------------------------------------------------


 NSTEP =   215000   TIME(PS) =     680.000  TEMP(K) =   302.51  PRESS =  -112.0
 Etot   =    -81430.1972  EKtot   =     21324.7651  EPtot      =   -102754.9622
 BOND   =       895.0098  ANGLE   =      2311.0590  DIHED      =      3773.3256
 1-4 NB =      1119.2229  1-4 EEL =     13042.3369  VDWAALS    =     11108.3029
 EELEC  =   -135004.2194  EHBOND  =         0.0000  RESTRAINT  =         0.0000
 EKCMT  =      8954.6860  VIRIAL  =      9780.4848  VOLUME     =    341472.4935
                                                    Density    =         1.0271
 Ewald error estimate:   0.9571E-04
 ------------------------------------------------------------------------------


 NSTEP =   220000   TIME(PS) =     690.000  TEMP(K) =   300.82  PRESS =  -197.8
 Etot   =    -81313.3931  EKtot   =     21205.8076  EPtot      =   -102519.2007
 BOND   =       905.9890  ANGLE   =      2370.7661  DIHED      =      3762.2855
 1-4 NB =      1089.1981  1-4 EEL =     13058.9717  VDWAALS    =     11062.0850
 EELEC  =   -134768.4959  EHBOND  =         0.0000  RESTRAINT  =         0.0000
 EKCMT  =      8812.9396  VIRIAL  =     10271.9855  VOLUME     =    341718.1498
                                                    Density    =         1.0264
 Ewald error estimate:   0.1443E-04
 ------------------------------------------------------------------------------


 NSTEP =   225000   TIME(PS) =     700.000  TEMP(K) =   300.74  PRESS =  -374.1
 Etot   =    -81890.6681  EKtot   =     21200.2441  EPtot      =   -103090.9122
 BOND   =       863.0310  ANGLE   =      2369.7098  DIHED      =      3748.9650
 1-4 NB =      1098.5029  1-4 EEL =     13030.4479  VDWAALS    =     11125.6830
 EELEC  =   -135327.2517  EHBOND  =         0.0000  RESTRAINT  =         0.0000
 EKCMT  =      8849.6012  VIRIAL  =     11602.0433  VOLUME     =    340759.7790
                                                    Density    =         1.0293
 Ewald error estimate:   0.1607E-03
 ------------------------------------------------------------------------------


 NSTEP =   230000   TIME(PS) =     710.000  TEMP(K) =   299.49  PRESS =     5.9
 Etot   =    -81534.5534  EKtot   =     21112.1792  EPtot      =   -102646.7325
 BOND   =       936.3691  ANGLE   =      2350.6585  DIHED      =      3786.3102
 1-4 NB =      1101.9630  1-4 EEL =     12995.9099  VDWAALS    =     11116.1482
 EELEC  =   -134934.0914  EHBOND  =         0.0000  RESTRAINT  =         0.0000
 EKCMT  =      8929.1125  VIRIAL  =      8885.6777  VOLUME     =    341274.6865
                                                    Density    =         1.0277
 Ewald error estimate:   0.6379E-04
 ------------------------------------------------------------------------------


 NSTEP =   235000   TIME(PS) =     720.000  TEMP(K) =   297.73  PRESS =   277.2
 Etot   =    -81657.8538  EKtot   =     20987.9579  EPtot      =   -102645.8117
 BOND   =       900.4126  ANGLE   =      2401.0765  DIHED      =      3793.4354
 1-4 NB =      1065.9750  1-4 EEL =     13040.6041  VDWAALS    =     11176.0311
 EELEC  =   -135023.3464  EHBOND  =         0.0000  RESTRAINT  =         0.0000
 EKCMT  =      8709.4409  VIRIAL  =      6667.3558  VOLUME     =    341157.1051
                                                    Density    =         1.0281
 Ewald error estimate:   0.7982E-04
 ------------------------------------------------------------------------------


 NSTEP =   240000   TIME(PS) =     730.000  TEMP(K) =   301.24  PRESS =   -36.0
 Etot   =    -81359.4769  EKtot   =     21234.9128  EPtot      =   -102594.3897
 BOND   =       910.9999  ANGLE   =      2401.3002  DIHED      =      3728.0443
 1-4 NB =      1070.0920  1-4 EEL =     13009.2589  VDWAALS    =     11343.4473
 EELEC  =   -135057.5322  EHBOND  =         0.0000  RESTRAINT  =         0.0000
 EKCMT  =      8892.3022  VIRIAL  =      9157.0815  VOLUME     =    341066.7621
                                                    Density    =         1.0283
 Ewald error estimate:   0.1293E-03
 ------------------------------------------------------------------------------


 NSTEP =   245000   TIME(PS) =     740.000  TEMP(K) =   304.09  PRESS =    86.1
 Etot   =    -81169.5479  EKtot   =     21435.9613  EPtot      =   -102605.5092
 BOND   =       893.3124  ANGLE   =      2405.6001  DIHED      =      3767.1956
 1-4 NB =      1100.9328  1-4 EEL =     13001.6352  VDWAALS    =     11299.9052
 EELEC  =   -135074.0903  EHBOND  =         0.0000  RESTRAINT  =         0.0000
 EKCMT  =      9027.4896  VIRIAL  =      8392.8820  VOLUME     =    341401.9425
                                                    Density    =         1.0273
 Ewald error estimate:   0.2900E-04
 ------------------------------------------------------------------------------


 NSTEP =   250000   TIME(PS) =     750.000  TEMP(K) =   298.29  PRESS =  -127.5
 Etot   =    -81905.3121  EKtot   =     21027.3931  EPtot      =   -102932.7052
 BOND   =       944.4112  ANGLE   =      2350.9545  DIHED      =      3730.3382
 1-4 NB =      1075.0342  1-4 EEL =     13041.5772  VDWAALS    =     11203.2889
 EELEC  =   -135278.3094  EHBOND  =         0.0000  RESTRAINT  =         0.0000
 EKCMT  =      8805.5432  VIRIAL  =      9744.5159  VOLUME     =    341103.4781
                                                    Density    =         1.0282
 Ewald error estimate:   0.7869E-04
 ------------------------------------------------------------------------------


 NSTEP =   255000   TIME(PS) =     760.000  TEMP(K) =   299.63  PRESS =   102.3
 Etot   =    -81595.1932  EKtot   =     21121.7428  EPtot      =   -102716.9360
 BOND   =       928.8643  ANGLE   =      2352.4959  DIHED      =      3757.6473
 1-4 NB =      1086.5720  1-4 EEL =     13010.3432  VDWAALS    =     11203.2371
 EELEC  =   -135056.0958  EHBOND  =         0.0000  RESTRAINT  =         0.0000
 EKCMT  =      8872.5575  VIRIAL  =      8120.5758  VOLUME     =    340322.4705
                                                    Density    =         1.0306
 Ewald error estimate:   0.1331E-03
 ------------------------------------------------------------------------------


 NSTEP =   260000   TIME(PS) =     770.000  TEMP(K) =   299.82  PRESS =    80.5
 Etot   =    -81758.1989  EKtot   =     21135.2432  EPtot      =   -102893.4421
 BOND   =       902.4077  ANGLE   =      2376.5301  DIHED      =      3782.1565
 1-4 NB =      1076.1870  1-4 EEL =     12999.4402  VDWAALS    =     10928.2144
 EELEC  =   -134958.3780  EHBOND  =         0.0000  RESTRAINT  =         0.0000
 EKCMT  =      8863.3554  VIRIAL  =      8271.0300  VOLUME     =    340628.6939
                                                    Density    =         1.0297
 Ewald error estimate:   0.1158E-03
 ------------------------------------------------------------------------------


 NSTEP =   265000   TIME(PS) =     780.000  TEMP(K) =   300.53  PRESS =   -20.0
 Etot   =    -81565.4338  EKtot   =     21185.2780  EPtot      =   -102750.7118
 BOND   =       897.7291  ANGLE   =      2358.8220  DIHED      =      3752.3957
 1-4 NB =      1108.6930  1-4 EEL =     13104.5461  VDWAALS    =     10977.9586
 EELEC  =   -134950.8563  EHBOND  =         0.0000  RESTRAINT  =         0.0000
 EKCMT  =      8902.5544  VIRIAL  =      9049.7282  VOLUME     =    340514.6679
                                                    Density    =         1.0300
 Ewald error estimate:   0.1063E-03
 ------------------------------------------------------------------------------


 NSTEP =   270000   TIME(PS) =     790.000  TEMP(K) =   302.23  PRESS =   -12.0
 Etot   =    -81470.8677  EKtot   =     21304.9092  EPtot      =   -102775.7770
 BOND   =       892.3528  ANGLE   =      2329.0406  DIHED      =      3728.0015
 1-4 NB =      1097.0274  1-4 EEL =     13078.0086  VDWAALS    =     11264.8331
 EELEC  =   -135165.0410  EHBOND  =         0.0000  RESTRAINT  =         0.0000
 EKCMT  =      8977.0837  VIRIAL  =      9065.4335  VOLUME     =    341456.5550
                                                    Density    =         1.0272
 Ewald error estimate:   0.2070E-03
 ------------------------------------------------------------------------------


 NSTEP =   275000   TIME(PS) =     800.000  TEMP(K) =   302.31  PRESS =    36.1
 Etot   =    -81595.4508  EKtot   =     21310.5478  EPtot      =   -102905.9986
 BOND   =       907.2519  ANGLE   =      2389.8128  DIHED      =      3756.7808
 1-4 NB =      1084.1963  1-4 EEL =     13085.5819  VDWAALS    =     11154.4837
 EELEC  =   -135284.1061  EHBOND  =         0.0000  RESTRAINT  =         0.0000
 EKCMT  =      8850.0245  VIRIAL  =      8583.7048  VOLUME     =    341359.9157
                                                    Density    =         1.0275
 Ewald error estimate:   0.1292E-03
 ------------------------------------------------------------------------------


 NSTEP =   280000   TIME(PS) =     810.000  TEMP(K) =   300.32  PRESS =    26.7
 Etot   =    -81538.9877  EKtot   =     21170.4786  EPtot      =   -102709.4663
 BOND   =       938.3745  ANGLE   =      2338.0423  DIHED      =      3762.2242
 1-4 NB =      1080.7779  1-4 EEL =     13047.2115  VDWAALS    =     11199.3745
 EELEC  =   -135075.4712  EHBOND  =         0.0000  RESTRAINT  =         0.0000
 EKCMT  =      8834.6044  VIRIAL  =      8638.1005  VOLUME     =    340627.7551
                                                    Density    =         1.0297
 Ewald error estimate:   0.1324E-03
 ------------------------------------------------------------------------------


 NSTEP =   285000   TIME(PS) =     820.000  TEMP(K) =   297.71  PRESS =   174.9
 Etot   =    -81833.3485  EKtot   =     20986.4468  EPtot      =   -102819.7954
 BOND   =       850.8265  ANGLE   =      2369.7932  DIHED      =      3743.1474
 1-4 NB =      1086.4300  1-4 EEL =     13016.6884  VDWAALS    =     11231.1074
 EELEC  =   -135117.7883  EHBOND  =         0.0000  RESTRAINT  =         0.0000
 EKCMT  =      8680.4371  VIRIAL  =      7391.9067  VOLUME     =    341157.5823
                                                    Density    =         1.0281
 Ewald error estimate:   0.3527E-04
 ------------------------------------------------------------------------------


 NSTEP =   290000   TIME(PS) =     830.000  TEMP(K) =   300.04  PRESS =    49.7
 Etot   =    -81745.4196  EKtot   =     21150.9480  EPtot      =   -102896.3676
 BOND   =       858.8926  ANGLE   =      2339.2236  DIHED      =      3694.9822
 1-4 NB =      1113.6864  1-4 EEL =     13127.3101  VDWAALS    =     11028.7819
 EELEC  =   -135059.2444  EHBOND  =         0.0000  RESTRAINT  =         0.0000
 EKCMT  =      8810.2688  VIRIAL  =      8443.9890  VOLUME     =    341170.6375
                                                    Density    =         1.0280
 Ewald error estimate:   0.1091E-03
 ------------------------------------------------------------------------------


 NSTEP =   295000   TIME(PS) =     840.000  TEMP(K) =   301.06  PRESS =     9.9
 Etot   =    -81626.1644  EKtot   =     21222.7606  EPtot      =   -102848.9250
 BOND   =       884.3789  ANGLE   =      2349.7282  DIHED      =      3777.1708
 1-4 NB =      1096.9225  1-4 EEL =     13089.9005  VDWAALS    =     11189.5278
 EELEC  =   -135236.5537  EHBOND  =         0.0000  RESTRAINT  =         0.0000
 EKCMT  =      8879.6551  VIRIAL  =      8807.1664  VOLUME     =    340812.2592
                                                    Density    =         1.0291
 Ewald error estimate:   0.3098E-04
 ------------------------------------------------------------------------------


 NSTEP =   300000   TIME(PS) =     850.000  TEMP(K) =   302.65  PRESS =   112.4
 Etot   =    -81360.3003  EKtot   =     21334.9050  EPtot      =   -102695.2053
 BOND   =       915.1412  ANGLE   =      2331.1212  DIHED      =      3770.5114
 1-4 NB =      1110.6325  1-4 EEL =     13075.2670  VDWAALS    =     11257.4011
 EELEC  =   -135155.2798  EHBOND  =         0.0000  RESTRAINT  =         0.0000
 EKCMT  =      8944.3753  VIRIAL  =      8116.9260  VOLUME     =    340833.0976
                                                    Density    =         1.0290
 Ewald error estimate:   0.1308E-04
 ------------------------------------------------------------------------------


 NSTEP =   305000   TIME(PS) =     860.000  TEMP(K) =   298.22  PRESS =   -61.2
 Etot   =    -82092.8588  EKtot   =     21022.1925  EPtot      =   -103115.0513
 BOND   =       895.6651  ANGLE   =      2352.5114  DIHED      =      3719.8587
 1-4 NB =      1102.9109  1-4 EEL =     13087.8128  VDWAALS    =     11418.8895
 EELEC  =   -135692.6997  EHBOND  =         0.0000  RESTRAINT  =         0.0000
 EKCMT  =      8791.0421  VIRIAL  =      9241.6991  VOLUME     =    341002.8883
                                                    Density    =         1.0285
 Ewald error estimate:   0.1110E-03
 ------------------------------------------------------------------------------


 NSTEP =   310000   TIME(PS) =     870.000  TEMP(K) =   298.14  PRESS =    86.4
 Etot   =    -81844.8286  EKtot   =     21016.8230  EPtot      =   -102861.6516
 BOND   =       905.3219  ANGLE   =      2354.9320  DIHED      =      3735.8887
 1-4 NB =      1089.1629  1-4 EEL =     13041.1089  VDWAALS    =     11094.3319
 EELEC  =   -135082.3979  EHBOND  =         0.0000  RESTRAINT  =         0.0000
 EKCMT  =      8777.1202  VIRIAL  =      8140.9064  VOLUME     =    341240.2250
                                                    Density    =         1.0278
 Ewald error estimate:   0.4248E-04
 ------------------------------------------------------------------------------


 NSTEP =   315000   TIME(PS) =     880.000  TEMP(K) =   300.58  PRESS =    83.9
 Etot   =    -81593.0201  EKtot   =     21188.6681  EPtot      =   -102781.6882
 BOND   =       895.9529  ANGLE   =      2356.5488  DIHED      =      3742.6152
 1-4 NB =      1109.3917  1-4 EEL =     13024.3492  VDWAALS    =     11211.6162
 EELEC  =   -135122.1622  EHBOND  =         0.0000  RESTRAINT  =         0.0000
 EKCMT  =      8812.8910  VIRIAL  =      8194.7151  VOLUME     =    341227.8770
                                                    Density    =         1.0279
 Ewald error estimate:   0.5382E-04
 ------------------------------------------------------------------------------


 NSTEP =   320000   TIME(PS) =     890.000  TEMP(K) =   298.72  PRESS =    92.0
 Etot   =    -81845.3872  EKtot   =     21057.2855  EPtot      =   -102902.6727
 BOND   =       904.1599  ANGLE   =      2366.7497  DIHED      =      3778.2815
 1-4 NB =      1107.0782  1-4 EEL =     13070.2458  VDWAALS    =     11395.8035
 EELEC  =   -135524.9913  EHBOND  =         0.0000  RESTRAINT  =         0.0000
 EKCMT  =      8754.2713  VIRIAL  =      8077.5539  VOLUME     =    340604.0111
                                                    Density    =         1.0297
 Ewald error estimate:   0.2625E-04
 ------------------------------------------------------------------------------


 NSTEP =   325000   TIME(PS) =     900.000  TEMP(K) =   299.65  PRESS =   -16.5
 Etot   =    -81668.1061  EKtot   =     21122.8255  EPtot      =   -102790.9316
 BOND   =       954.3664  ANGLE   =      2357.7207  DIHED      =      3751.9698
 1-4 NB =      1103.3806  1-4 EEL =     13046.8588  VDWAALS    =     11073.6885
 EELEC  =   -135078.9165  EHBOND  =         0.0000  RESTRAINT  =         0.0000
 EKCMT  =      8846.7178  VIRIAL  =      8968.4940  VOLUME     =    340898.4227
                                                    Density    =         1.0288
 Ewald error estimate:   0.1118E-03
 ------------------------------------------------------------------------------


 NSTEP =   330000   TIME(PS) =     910.000  TEMP(K) =   299.79  PRESS =   173.0
 Etot   =    -81538.3436  EKtot   =     21132.9778  EPtot      =   -102671.3214
 BOND   =       944.3196  ANGLE   =      2280.5871  DIHED      =      3767.0672
 1-4 NB =      1101.5114  1-4 EEL =     13135.4267  VDWAALS    =     10981.7211
 EELEC  =   -134881.9545  EHBOND  =         0.0000  RESTRAINT  =         0.0000
 EKCMT  =      8848.9167  VIRIAL  =      7578.9105  VOLUME     =    339994.0110
                                                    Density    =         1.0316
 Ewald error estimate:   0.4151E-04
 ------------------------------------------------------------------------------


 NSTEP =   335000   TIME(PS) =     920.000  TEMP(K) =   299.90  PRESS =   117.4
 Etot   =    -81771.2889  EKtot   =     21141.0854  EPtot      =   -102912.3743
 BOND   =       904.8234  ANGLE   =      2381.6723  DIHED      =      3744.5295
 1-4 NB =      1101.0315  1-4 EEL =     13035.0165  VDWAALS    =     11305.5182
 EELEC  =   -135384.9656  EHBOND  =         0.0000  RESTRAINT  =         0.0000
 EKCMT  =      8802.6176  VIRIAL  =      7939.4011  VOLUME     =    340588.1656
                                                    Density    =         1.0298
 Ewald error estimate:   0.5077E-04
 ------------------------------------------------------------------------------


 NSTEP =   340000   TIME(PS) =     930.000  TEMP(K) =   298.78  PRESS =  -190.6
 Etot   =    -81799.3421  EKtot   =     21061.6524  EPtot      =   -102860.9945
 BOND   =       897.5119  ANGLE   =      2328.7299  DIHED      =      3753.8697
 1-4 NB =      1084.9974  1-4 EEL =     13061.0479  VDWAALS    =     11093.9689
 EELEC  =   -135081.1203  EHBOND  =         0.0000  RESTRAINT  =         0.0000
 EKCMT  =      8841.5022  VIRIAL  =     10243.4315  VOLUME     =    340673.6274
                                                    Density    =         1.0295
 Ewald error estimate:   0.1756E-03
 ------------------------------------------------------------------------------


 NSTEP =   345000   TIME(PS) =     940.000  TEMP(K) =   300.98  PRESS =   130.5
 Etot   =    -81742.0634  EKtot   =     21217.0010  EPtot      =   -102959.0644
 BOND   =       981.2023  ANGLE   =      2363.4312  DIHED      =      3781.5654
 1-4 NB =      1062.8733  1-4 EEL =     13095.6483  VDWAALS    =     11396.1692
 EELEC  =   -135639.9542  EHBOND  =         0.0000  RESTRAINT  =         0.0000
 EKCMT  =      8871.3487  VIRIAL  =      7911.0715  VOLUME     =    340680.6928
                                                    Density    =         1.0295
 Ewald error estimate:   0.1320E-04
 ------------------------------------------------------------------------------


 NSTEP =   350000   TIME(PS) =     950.000  TEMP(K) =   298.67  PRESS =   -80.7
 Etot   =    -81773.5468  EKtot   =     21054.0846  EPtot      =   -102827.6314
 BOND   =       895.4226  ANGLE   =      2409.4611  DIHED      =      3777.6827
 1-4 NB =      1087.4753  1-4 EEL =     13056.7005  VDWAALS    =     11440.9819
 EELEC  =   -135495.3556  EHBOND  =         0.0000  RESTRAINT  =         0.0000
 EKCMT  =      8816.4433  VIRIAL  =      9410.1682  VOLUME     =    340859.2090
                                                    Density    =         1.0290
 Ewald error estimate:   0.2686E-04
 ------------------------------------------------------------------------------


 NSTEP =   355000   TIME(PS) =     960.000  TEMP(K) =   299.25  PRESS =   -83.8
 Etot   =    -81695.9457  EKtot   =     21094.8089  EPtot      =   -102790.7546
 BOND   =       942.9879  ANGLE   =      2410.0500  DIHED      =      3767.2461
 1-4 NB =      1105.0660  1-4 EEL =     13093.9593  VDWAALS    =     11133.9548
 EELEC  =   -135244.0187  EHBOND  =         0.0000  RESTRAINT  =         0.0000
 EKCMT  =      8855.7701  VIRIAL  =      9471.4432  VOLUME     =    340302.5074
                                                    Density    =         1.0306
 Ewald error estimate:   0.1073E-03
 ------------------------------------------------------------------------------


 NSTEP =   360000   TIME(PS) =     970.000  TEMP(K) =   298.32  PRESS =    51.9
 Etot   =    -81782.4828  EKtot   =     21029.7053  EPtot      =   -102812.1881
 BOND   =       908.8793  ANGLE   =      2281.3504  DIHED      =      3764.5546
 1-4 NB =      1086.8721  1-4 EEL =     13118.7839  VDWAALS    =     11056.5427
 EELEC  =   -135029.1710  EHBOND  =         0.0000  RESTRAINT  =         0.0000
 EKCMT  =      8769.4979  VIRIAL  =      8388.0969  VOLUME     =    340310.5461
                                                    Density    =         1.0306
 Ewald error estimate:   0.1096E-03
 ------------------------------------------------------------------------------


 NSTEP =   365000   TIME(PS) =     980.000  TEMP(K) =   299.78  PRESS =   122.0
 Etot   =    -81714.1735  EKtot   =     21132.3033  EPtot      =   -102846.4768
 BOND   =       914.6512  ANGLE   =      2356.4799  DIHED      =      3763.1075
 1-4 NB =      1077.8785  1-4 EEL =     13126.9210  VDWAALS    =     11141.6158
 EELEC  =   -135227.1307  EHBOND  =         0.0000  RESTRAINT  =         0.0000
 EKCMT  =      8778.3071  VIRIAL  =      7878.6184  VOLUME     =    341504.0645
                                                    Density    =         1.0270
 Ewald error estimate:   0.1707E-03
 ------------------------------------------------------------------------------


 NSTEP =   370000   TIME(PS) =     990.000  TEMP(K) =   298.59  PRESS =    92.7
 Etot   =    -81848.9266  EKtot   =     21048.6071  EPtot      =   -102897.5337
 BOND   =       914.5260  ANGLE   =      2358.6912  DIHED      =      3768.9518
 1-4 NB =      1094.4838  1-4 EEL =     13052.9578  VDWAALS    =     11471.8736
 EELEC  =   -135559.0179  EHBOND  =         0.0000  RESTRAINT  =         0.0000
 EKCMT  =      8819.8682  VIRIAL  =      8137.4677  VOLUME     =    340779.4492
                                                    Density    =         1.0292
 Ewald error estimate:   0.8125E-04
 ------------------------------------------------------------------------------


 NSTEP =   375000   TIME(PS) =    1000.000  TEMP(K) =   299.51  PRESS =     7.2
 Etot   =    -81666.0507  EKtot   =     21113.0624  EPtot      =   -102779.1131
 BOND   =       912.8069  ANGLE   =      2342.5812  DIHED      =      3765.1404
 1-4 NB =      1083.0681  1-4 EEL =     13087.8120  VDWAALS    =     11043.3842
 EELEC  =   -135013.9058  EHBOND  =         0.0000  RESTRAINT  =         0.0000
 EKCMT  =      8821.8091  VIRIAL  =      8768.7029  VOLUME     =    341163.9853
                                                    Density    =         1.0280
 Ewald error estimate:   0.6211E-04
 ------------------------------------------------------------------------------


 NSTEP =   380000   TIME(PS) =    1010.000  TEMP(K) =   299.44  PRESS =   118.5
 Etot   =    -81797.2774  EKtot   =     21108.2851  EPtot      =   -102905.5625
 BOND   =       895.0564  ANGLE   =      2366.4176  DIHED      =      3781.7637
 1-4 NB =      1091.2523  1-4 EEL =     13071.5362  VDWAALS    =     11405.4332
 EELEC  =   -135517.0218  EHBOND  =         0.0000  RESTRAINT  =         0.0000
 EKCMT  =      8751.6711  VIRIAL  =      7879.2970  VOLUME     =    341065.4567
                                                    Density    =         1.0283
 Ewald error estimate:   0.4614E-04
 ------------------------------------------------------------------------------


 NSTEP =   385000   TIME(PS) =    1020.000  TEMP(K) =   299.35  PRESS =   168.1
 Etot   =    -81710.9159  EKtot   =     21101.8732  EPtot      =   -102812.7891
 BOND   =       924.2736  ANGLE   =      2363.9883  DIHED      =      3780.5809
 1-4 NB =      1094.9360  1-4 EEL =     12996.6839  VDWAALS    =     11367.2410
 EELEC  =   -135340.4927  EHBOND  =         0.0000  RESTRAINT  =         0.0000
 EKCMT  =      8839.2368  VIRIAL  =      7602.4351  VOLUME     =    340667.0047
                                                    Density    =         1.0295
 Ewald error estimate:   0.3824E-05
 ------------------------------------------------------------------------------


 NSTEP =   390000   TIME(PS) =    1030.000  TEMP(K) =   299.22  PRESS =   294.1
 Etot   =    -81972.5085  EKtot   =     21092.8124  EPtot      =   -103065.3209
 BOND   =       896.1831  ANGLE   =      2334.0260  DIHED      =      3781.6481
 1-4 NB =      1095.7748  1-4 EEL =     13028.8747  VDWAALS    =     11406.3576
 EELEC  =   -135608.1853  EHBOND  =         0.0000  RESTRAINT  =         0.0000
 EKCMT  =      8805.1733  VIRIAL  =      6639.8011  VOLUME     =    341060.6619
                                                    Density    =         1.0284
 Ewald error estimate:   0.1378E-03
 ------------------------------------------------------------------------------


 NSTEP =   395000   TIME(PS) =    1040.000  TEMP(K) =   298.35  PRESS =   178.6
 Etot   =    -81930.0921  EKtot   =     21031.3170  EPtot      =   -102961.4091
 BOND   =       935.0209  ANGLE   =      2330.7273  DIHED      =      3774.0982
 1-4 NB =      1077.6771  1-4 EEL =     13063.6332  VDWAALS    =     11293.0269
 EELEC  =   -135435.5927  EHBOND  =         0.0000  RESTRAINT  =         0.0000
 EKCMT  =      8847.0079  VIRIAL  =      7531.5321  VOLUME     =    341089.2559
                                                    Density    =         1.0283
 Ewald error estimate:   0.2428E-04
 ------------------------------------------------------------------------------


 NSTEP =   400000   TIME(PS) =    1050.000  TEMP(K) =   301.34  PRESS =   161.9
 Etot   =    -81645.2029  EKtot   =     21242.1378  EPtot      =   -102887.3408
 BOND   =       885.3561  ANGLE   =      2348.9385  DIHED      =      3779.8408
 1-4 NB =      1111.0359  1-4 EEL =     13090.0861  VDWAALS    =     11395.4332
 EELEC  =   -135498.0313  EHBOND  =         0.0000  RESTRAINT  =         0.0000
 EKCMT  =      8852.0257  VIRIAL  =      7660.7492  VOLUME     =    340845.3200
                                                    Density    =         1.0290
 Ewald error estimate:   0.4403E-05
 ------------------------------------------------------------------------------


 NSTEP =   405000   TIME(PS) =    1060.000  TEMP(K) =   298.98  PRESS =    33.7
 Etot   =    -82004.2713  EKtot   =     21075.6255  EPtot      =   -103079.8969
 BOND   =       917.3813  ANGLE   =      2423.7842  DIHED      =      3760.7735
 1-4 NB =      1083.9859  1-4 EEL =     13066.6058  VDWAALS    =     11002.6012
 EELEC  =   -135335.0288  EHBOND  =         0.0000  RESTRAINT  =         0.0000
 EKCMT  =      8815.2558  VIRIAL  =      8567.6194  VOLUME     =    340133.7396
                                                    Density    =         1.0312
 Ewald error estimate:   0.8229E-04
 ------------------------------------------------------------------------------


 NSTEP =   410000   TIME(PS) =    1070.000  TEMP(K) =   299.63  PRESS =    47.8
 Etot   =    -81598.1905  EKtot   =     21121.9084  EPtot      =   -102720.0989
 BOND   =       879.6844  ANGLE   =      2378.8520  DIHED      =      3784.4369
 1-4 NB =      1091.9635  1-4 EEL =     13110.1814  VDWAALS    =     11202.1611
 EELEC  =   -135167.3782  EHBOND  =         0.0000  RESTRAINT  =         0.0000
 EKCMT  =      8875.9434  VIRIAL  =      8525.0197  VOLUME     =    340197.9993
                                                    Density    =         1.0310
 Ewald error estimate:   0.1016E-04
 ------------------------------------------------------------------------------


 NSTEP =   415000   TIME(PS) =    1080.000  TEMP(K) =   297.71  PRESS =   -21.5
 Etot   =    -81568.7510  EKtot   =     20986.6179  EPtot      =   -102555.3689
 BOND   =       901.3158  ANGLE   =      2383.4800  DIHED      =      3756.4310
 1-4 NB =      1085.2628  1-4 EEL =     13031.9454  VDWAALS    =     11037.7425
 EELEC  =   -134751.5464  EHBOND  =         0.0000  RESTRAINT  =         0.0000
 EKCMT  =      8841.6377  VIRIAL  =      8999.6203  VOLUME     =    340802.0753
                                                    Density    =         1.0291
 Ewald error estimate:   0.9570E-04
 ------------------------------------------------------------------------------


 NSTEP =   420000   TIME(PS) =    1090.000  TEMP(K) =   300.98  PRESS =   -31.3
 Etot   =    -81790.5016  EKtot   =     21216.5754  EPtot      =   -103007.0769
 BOND   =       906.1827  ANGLE   =      2405.8081  DIHED      =      3796.4946
 1-4 NB =      1087.4263  1-4 EEL =     13042.7363  VDWAALS    =     11205.5089
 EELEC  =   -135451.2337  EHBOND  =         0.0000  RESTRAINT  =         0.0000
 EKCMT  =      8927.2367  VIRIAL  =      9157.6729  VOLUME     =    341091.2675
                                                    Density    =         1.0283
 Ewald error estimate:   0.8114E-04
 ------------------------------------------------------------------------------


 NSTEP =   425000   TIME(PS) =    1100.000  TEMP(K) =   305.80  PRESS =    44.5
 Etot   =    -81117.5305  EKtot   =     21556.9392  EPtot      =   -102674.4698
 BOND   =       882.8364  ANGLE   =      2412.0248  DIHED      =      3753.4207
 1-4 NB =      1088.5780  1-4 EEL =     13074.0704  VDWAALS    =     11031.3884
 EELEC  =   -134916.7886  EHBOND  =         0.0000  RESTRAINT  =         0.0000
 EKCMT  =      8975.2344  VIRIAL  =      8647.4051  VOLUME     =    341010.4195
                                                    Density    =         1.0285
 Ewald error estimate:   0.4502E-04
 ------------------------------------------------------------------------------


 NSTEP =   430000   TIME(PS) =    1110.000  TEMP(K) =   299.31  PRESS =    39.3
 Etot   =    -81551.9035  EKtot   =     21099.4022  EPtot      =   -102651.3057
 BOND   =       889.2932  ANGLE   =      2354.6105  DIHED      =      3805.1352
 1-4 NB =      1104.6433  1-4 EEL =     13045.8094  VDWAALS    =     11190.0947
 EELEC  =   -135040.8920  EHBOND  =         0.0000  RESTRAINT  =         0.0000
 EKCMT  =      8833.2868  VIRIAL  =      8543.9376  VOLUME     =    341066.4245
                                                    Density    =         1.0283
 Ewald error estimate:   0.5825E-04
 ------------------------------------------------------------------------------


 NSTEP =   435000   TIME(PS) =    1120.000  TEMP(K) =   297.74  PRESS =    40.6
 Etot   =    -81807.4143  EKtot   =     20988.1735  EPtot      =   -102795.5878
 BOND   =       917.4437  ANGLE   =      2338.5553  DIHED      =      3787.3690
 1-4 NB =      1078.2091  1-4 EEL =     13011.3212  VDWAALS    =     11271.1494
 EELEC  =   -135199.6356  EHBOND  =         0.0000  RESTRAINT  =         0.0000
 EKCMT  =      8747.8432  VIRIAL  =      8449.3294  VOLUME     =    340927.1224
                                                    Density    =         1.0288
 Ewald error estimate:   0.1101E-04
 ------------------------------------------------------------------------------


 NSTEP =   440000   TIME(PS) =    1130.000  TEMP(K) =   298.32  PRESS =    79.8
 Etot   =    -81750.9349  EKtot   =     21029.6387  EPtot      =   -102780.5736
 BOND   =       944.2525  ANGLE   =      2425.3622  DIHED      =      3778.7972
 1-4 NB =      1085.8268  1-4 EEL =     13028.2593  VDWAALS    =     11276.7436
 EELEC  =   -135319.8152  EHBOND  =         0.0000  RESTRAINT  =         0.0000
 EKCMT  =      8862.2045  VIRIAL  =      8275.4885  VOLUME     =    340358.8513
                                                    Density    =         1.0305
 Ewald error estimate:   0.7239E-04
 ------------------------------------------------------------------------------


 NSTEP =   445000   TIME(PS) =    1140.000  TEMP(K) =   298.79  PRESS =   -56.0
 Etot   =    -82232.2767  EKtot   =     21062.4257  EPtot      =   -103294.7024
 BOND   =       877.3902  ANGLE   =      2330.5008  DIHED      =      3801.0325
 1-4 NB =      1092.0344  1-4 EEL =     12989.9991  VDWAALS    =     11352.9426
 EELEC  =   -135738.6018  EHBOND  =         0.0000  RESTRAINT  =         0.0000
 EKCMT  =      8757.8853  VIRIAL  =      9169.2622  VOLUME     =    340340.5503
                                                    Density    =         1.0305
 Ewald error estimate:   0.9964E-04
 ------------------------------------------------------------------------------


 NSTEP =   450000   TIME(PS) =    1150.000  TEMP(K) =   301.94  PRESS =    58.2
 Etot   =    -81616.8700  EKtot   =     21284.4352  EPtot      =   -102901.3052
 BOND   =       897.1977  ANGLE   =      2387.9460  DIHED      =      3765.0128
 1-4 NB =      1070.3926  1-4 EEL =     12999.3716  VDWAALS    =     11354.1381
 EELEC  =   -135375.3639  EHBOND  =         0.0000  RESTRAINT  =         0.0000
 EKCMT  =      8970.2844  VIRIAL  =      8541.4884  VOLUME     =    340945.2154
                                                    Density    =         1.0287
 Ewald error estimate:   0.1353E-03
 ------------------------------------------------------------------------------


 NSTEP =   455000   TIME(PS) =    1160.000  TEMP(K) =   299.47  PRESS =  -114.2
 Etot   =    -81737.3815  EKtot   =     21110.7087  EPtot      =   -102848.0902
 BOND   =       936.4430  ANGLE   =      2366.4960  DIHED      =      3723.1693
 1-4 NB =      1086.9306  1-4 EEL =     13023.5939  VDWAALS    =     10999.5678
 EELEC  =   -134984.2908  EHBOND  =         0.0000  RESTRAINT  =         0.0000
 EKCMT  =      8736.6036  VIRIAL  =      9574.8225  VOLUME     =    339882.7017
                                                    Density    =         1.0319
 Ewald error estimate:   0.5785E-04
 ------------------------------------------------------------------------------


 NSTEP =   460000   TIME(PS) =    1170.000  TEMP(K) =   301.50  PRESS =  -317.5
 Etot   =    -81768.3370  EKtot   =     21253.6966  EPtot      =   -103022.0336
 BOND   =       879.3037  ANGLE   =      2390.9910  DIHED      =      3757.2059
 1-4 NB =      1096.2128  1-4 EEL =     13050.6944  VDWAALS    =     10931.6666
 EELEC  =   -135128.1080  EHBOND  =         0.0000  RESTRAINT  =         0.0000
 EKCMT  =      8913.0049  VIRIAL  =     11249.3330  VOLUME     =    340852.8187
                                                    Density    =         1.0290
 Ewald error estimate:   0.8238E-05
 ------------------------------------------------------------------------------


 NSTEP =   465000   TIME(PS) =    1180.000  TEMP(K) =   300.24  PRESS =    59.7
 Etot   =    -81798.6727  EKtot   =     21165.0443  EPtot      =   -102963.7171
 BOND   =       909.3432  ANGLE   =      2358.8559  DIHED      =      3793.2007
 1-4 NB =      1081.2395  1-4 EEL =     13011.1089  VDWAALS    =     11117.1902
 EELEC  =   -135234.6554  EHBOND  =         0.0000  RESTRAINT  =         0.0000
 EKCMT  =      8722.4656  VIRIAL  =      8282.9537  VOLUME     =    340722.1521
                                                    Density    =         1.0294
 Ewald error estimate:   0.4227E-04
 ------------------------------------------------------------------------------


 NSTEP =   470000   TIME(PS) =    1190.000  TEMP(K) =   299.72  PRESS =  -125.9
 Etot   =    -81692.3997  EKtot   =     21128.3191  EPtot      =   -102820.7188
 BOND   =       935.7049  ANGLE   =      2361.8479  DIHED      =      3727.2022
 1-4 NB =      1076.6178  1-4 EEL =     13068.6284  VDWAALS    =     11200.7114
 EELEC  =   -135191.4316  EHBOND  =         0.0000  RESTRAINT  =         0.0000
 EKCMT  =      8728.2463  VIRIAL  =      9654.1495  VOLUME     =    340739.5334
                                                    Density    =         1.0293
 Ewald error estimate:   0.1435E-03
 ------------------------------------------------------------------------------


 NSTEP =   475000   TIME(PS) =    1200.000  TEMP(K) =   299.68  PRESS =  -172.6
 Etot   =    -81812.8099  EKtot   =     21125.0077  EPtot      =   -102937.8177
 BOND   =       930.1870  ANGLE   =      2359.0176  DIHED      =      3709.6948
 1-4 NB =      1110.1587  1-4 EEL =     13040.2698  VDWAALS    =     11016.5757
 EELEC  =   -135103.7212  EHBOND  =         0.0000  RESTRAINT  =         0.0000
 EKCMT  =      8840.9270  VIRIAL  =     10112.4956  VOLUME     =    341229.5334
                                                    Density    =         1.0278
 Ewald error estimate:   0.1032E-03
 ------------------------------------------------------------------------------


 NSTEP =   480000   TIME(PS) =    1210.000  TEMP(K) =   298.92  PRESS =  -136.2
 Etot   =    -81827.9833  EKtot   =     21071.8195  EPtot      =   -102899.8027
 BOND   =       883.7066  ANGLE   =      2414.8060  DIHED      =      3772.2225
 1-4 NB =      1112.0761  1-4 EEL =     13091.1709  VDWAALS    =     11268.2355
 EELEC  =   -135442.0202  EHBOND  =         0.0000  RESTRAINT  =         0.0000
 EKCMT  =      8851.0850  VIRIAL  =      9853.9902  VOLUME     =    340925.7242
                                                    Density    =         1.0288
 Ewald error estimate:   0.3160E-04
 ------------------------------------------------------------------------------


 NSTEP =   485000   TIME(PS) =    1220.000  TEMP(K) =   301.44  PRESS =   188.6
 Etot   =    -81629.4179  EKtot   =     21249.5038  EPtot      =   -102878.9217
 BOND   =       916.7209  ANGLE   =      2431.5922  DIHED      =      3806.5896
 1-4 NB =      1070.8888  1-4 EEL =     12941.9009  VDWAALS    =     11150.8245
 EELEC  =   -135197.4386  EHBOND  =         0.0000  RESTRAINT  =         0.0000
 EKCMT  =      8891.5495  VIRIAL  =      7507.1816  VOLUME     =    339992.9639
                                                    Density    =         1.0316
 Ewald error estimate:   0.7523E-04
 ------------------------------------------------------------------------------


 NSTEP =   490000   TIME(PS) =    1230.000  TEMP(K) =   300.16  PRESS =    24.8
 Etot   =    -81758.2294  EKtot   =     21158.7854  EPtot      =   -102917.0148
 BOND   =       899.7863  ANGLE   =      2344.8966  DIHED      =      3794.9172
 1-4 NB =      1078.6887  1-4 EEL =     13002.8841  VDWAALS    =     11390.0378
 EELEC  =   -135428.2255  EHBOND  =         0.0000  RESTRAINT  =         0.0000
 EKCMT  =      8843.6708  VIRIAL  =      8660.9641  VOLUME     =    341341.2674
                                                    Density    =         1.0275
 Ewald error estimate:   0.3447E-04
 ------------------------------------------------------------------------------


 NSTEP =   495000   TIME(PS) =    1240.000  TEMP(K) =   302.52  PRESS =    -0.5
 Etot   =    -81453.2579  EKtot   =     21325.4212  EPtot      =   -102778.6792
 BOND   =       932.7458  ANGLE   =      2354.3329  DIHED      =      3786.1220
 1-4 NB =      1113.3402  1-4 EEL =     13048.0408  VDWAALS    =     11332.8121
 EELEC  =   -135346.0730  EHBOND  =         0.0000  RESTRAINT  =         0.0000
 EKCMT  =      8843.6726  VIRIAL  =      8847.7064  VOLUME     =    340593.6708
                                                    Density    =         1.0298
 Ewald error estimate:   0.1288E-03
 ------------------------------------------------------------------------------


 NSTEP =   500000   TIME(PS) =    1250.000  TEMP(K) =   301.07  PRESS =    -7.1
 Etot   =    -81781.0977  EKtot   =     21223.0117  EPtot      =   -103004.1094
 BOND   =       890.0117  ANGLE   =      2295.8323  DIHED      =      3771.2129
 1-4 NB =      1126.3451  1-4 EEL =     13005.9371  VDWAALS    =     11287.6867
 EELEC  =   -135381.1350  EHBOND  =         0.0000  RESTRAINT  =         0.0000
 EKCMT  =      8818.4262  VIRIAL  =      8870.5051  VOLUME     =    340686.5284
                                                    Density    =         1.0295
 Ewald error estimate:   0.1107E-04
 ------------------------------------------------------------------------------


      A V E R A G E S   O V E R     100 S T E P S


 NSTEP =   500000   TIME(PS) =    1250.000  TEMP(K) =   300.02  PRESS =     3.8
 Etot   =    -81675.5509  EKtot   =     21149.3940  EPtot      =   -102824.9450
 BOND   =       903.6465  ANGLE   =      2364.1267  DIHED      =      3766.3727
 1-4 NB =      1093.1241  1-4 EEL =     13060.0217  VDWAALS    =     11196.9728
 EELEC  =   -135209.2094  EHBOND  =         0.0000  RESTRAINT  =         0.0000
 EKCMT  =      8848.1851  VIRIAL  =      8821.6198  VOLUME     =    341055.1229
                                                    Density    =         1.0284
 Ewald error estimate:   0.6762E-04
 ------------------------------------------------------------------------------


      R M S  F L U C T U A T I O N S


 NSTEP =   500000   TIME(PS) =    1250.000  TEMP(K) =     1.55  PRESS =   153.3
 Etot   =       208.2193  EKtot   =       109.2058  EPtot      =       181.2050
 BOND   =        24.2533  ANGLE   =        34.2335  DIHED      =        25.2595
 1-4 NB =        13.6966  1-4 EEL =        38.4097  VDWAALS    =       140.4523
 EELEC  =       250.6412  EHBOND  =         0.0000  RESTRAINT  =         0.0000
 EKCMT  =        73.3564  VIRIAL  =      1131.1284  VOLUME     =      1232.6332
                                                    Density    =         0.0036
 Ewald error estimate:   0.4787E-04
 ------------------------------------------------------------------------------

--------------------------------------------------------------------------------
   5.  TIMINGS
--------------------------------------------------------------------------------

|  NonSetup CPU Time in Major Routines:
|
|     Routine           Sec        %
|     ------------------------------
|     Nonbond       38007.01   93.79
|     Bond              5.59    0.01
|     Angle            80.42    0.20
|     Dihedral        573.56    1.42
|     Shake           156.37    0.39
|     RunMD          1702.07    4.20
|     Other             0.60    0.00
|     ------------------------------
|     Total         40525.61

|  PME Nonbond Pairlist CPU Time:
|
|     Routine              Sec        %
|     ---------------------------------
|     Set Up Cit          37.26    0.09
|     Build List        9355.23   23.08
|     ---------------------------------
|     Total             9392.49   23.18

|  PME Direct Force CPU Time:
|
|     Routine              Sec        %
|     ---------------------------------
|     NonBonded Calc   24268.43   59.88
|     Exclude Masked     177.01    0.44
|     Other              263.29    0.65
|     ---------------------------------
|     Total            24708.73   60.97

|  PME Reciprocal Force CPU Time:
|
|     Routine              Sec        %
|     ---------------------------------
|     1D bspline         335.02    0.83
|     Grid Charges       477.94    1.18
|     Scalar Sum         405.12    1.00
|     Gradient Sum       871.63    2.15
|     FFT               1816.50    4.48
|     ---------------------------------
|     Total             3906.22    9.64

|  Final Performance Info:
|     -----------------------------------------------------
|     Average timings for last       1 steps:
|     Elapsed(s) =       0.00 Per Step(ms) =       0.12
|         ns/day =    1477.64   seconds/ns =      58.47
|
|     Average timings for all steps:
|     Elapsed(s) =   40545.93 Per Step(ms) =      81.09
|         ns/day =       2.13   seconds/ns =   40545.93
|     -----------------------------------------------------

|  Setup CPU time:            0.06 seconds
|  NonSetup CPU time:     40525.61 seconds
|  Total CPU time:        40525.66 seconds    11.26 hours

|  Setup wall time:           0    seconds
|  NonSetup wall time:    40546    seconds
|  Total wall time:       40546    seconds    11.26 hours
